05:20:05 **** Incremental Build of configuration Debug for project Caps ****
make all 
Building file: ../src/User.cpp
Invoking: GCC C++ Compiler
g++ -O0 -g3 -Wall -c -fmessage-length=0 -MMD -MP -MF"src/User.d" -MT"src/User.d" -o "src/User.o" "../src/User.cpp"
../src/User.cpp:10:1: error: ‘User’ does not name a type
 User::User(string name) {
 ^
../src/User.cpp:15:1: error: ‘User’ does not name a type
 User::~User() {
 ^
../src/User.cpp:19:8: error: ‘User’ has not been declared
 string User::getName(){
        ^
../src/User.cpp: In function ‘std::__cxx11::string getName()’:
../src/User.cpp:20:9: error: invalid use of ‘this’ in non-member function
  return(this->user_name);
src/subdir.mk:27: recipe for target 'src/User.o' failed
         ^
make: *** [src/User.o] Error 1

05:20:05 Build Finished (took 112ms)

05:20:05 **** Incremental Build of configuration Release for project Caps ****
make all 
Building file: ../src/Capitals.cpp
Invoking: GCC C++ Compiler
g++ -O3 -Wall -c -fmessage-length=0 -MMD -MP -MF"src/Capitals.d" -MT"src/Capitals.d" -o "src/Capitals.o" "../src/Capitals.cpp"
Finished building: ../src/Capitals.cpp
 
Building file: ../src/Game.cpp
Invoking: GCC C++ Compiler
g++ -O3 -Wall -c -fmessage-length=0 -MMD -MP -MF"src/Game.d" -MT"src/Game.d" -o "src/Game.o" "../src/Game.cpp"
Finished building: ../src/Game.cpp
 
Building file: ../src/User.cpp
Invoking: GCC C++ Compiler
g++ -O3 -Wall -c -fmessage-length=0 -MMD -MP -MF"src/User.d" -MT"src/User.d" -o "src/User.o" "../src/User.cpp"
../src/User.cpp:10:1: error: ‘User’ does not name a type
 User::User(string name) {
 ^
../src/User.cpp:15:1: error: ‘User’ does not name a type
 User::~User() {
 ^
../src/User.cpp:19:8: error: ‘User’ has not been declared
 string User::getName(){
        ^
../src/User.cpp: In function ‘std::__cxx11::string getName()’:
../src/User.cpp:20:9: error: invalid use of ‘this’ in non-member function
  return(this->user_name);
         ^
src/subdir.mk:27: recipe for target 'src/User.o' failed
make: *** [src/User.o] Error 1
05:23:50 **** Incremental Build of configuration Debug for project Capitals ****
make all 
Building file: ../src/tCapitals.cpp
Invoking: GCC C++ Compiler
g++ -O0 -g3 -Wall -c -fmessage-length=0 -MMD -MP -MF"src/tCapitals.d" -MT"src/tCapitals.d" -o "src/tCapitals.o" "../src/tCapitals.cpp"
../src/tCapitals.cpp: In function ‘int main()’:
../src/tCapitals.cpp:16:2: error: ‘Game’ was not declared in this scope
  Game game = new Game();
  ^
../src/tCapitals.cpp:17:2: error: ‘User’ was not declared in this scope
  User user = new User();
  ^
make: *** [src/tCapitals.o] Error 1
src/subdir.mk:24: recipe for target 'src/tCapitals.o' failed
05:23:51 **** Incremental Build of configuration Debug for project Caps ****
make all 
Building file: ../src/Capitals.cpp
Invoking: GCC C++ Compiler
g++ -O0 -g3 -Wall -c -fmessage-length=0 -MMD -MP -MF"src/Capitals.d" -MT"src/Capitals.d" -o "src/Capitals.o" "../src/Capitals.cpp"
Finished building: ../src/Capitals.cpp
 
Building file: ../src/User.cpp
Invoking: GCC C++ Compiler
g++ -O0 -g3 -Wall -c -fmessage-length=0 -MMD -MP -MF"src/User.d" -MT"src/User.d" -o "src/User.o" "../src/User.cpp"
../src/User.cpp:10:1: error: ‘User’ does not name a type
 User::User(string name) {
 ^
../src/User.cpp:15:1: error: ‘User’ does not name a type
 User::~User() {
 ^
src/subdir.mk:27: recipe for target 'src/User.o' failed
make: *** [src/User.o] Error 1
05:39:55 **** Incremental Build of configuration Debug for project Caps ****
make all 
Building file: ../src/User.cpp
Invoking: GCC C++ Compiler
g++ -O0 -g3 -Wall -c -fmessage-length=0 -MMD -MP -MF"src/User.d" -MT"src/User.o" -o "src/User.o" "../src/User.cpp"
Finished building: ../src/User.cpp
 
Building file: ../src/UserDB.cpp
Invoking: GCC C++ Compiler
g++ -O0 -g3 -Wall -c -fmessage-length=0 -MMD -MP -MF"src/UserDB.d" -MT"src/UserDB.o" -o "src/UserDB.o" "../src/UserDB.cpp"
Finished building: ../src/UserDB.cpp
 
Building target: Caps
Invoking: GCC C++ Linker
g++  -o "Caps"  ./src/Capitals.o ./src/Game.o ./src/User.o ./src/UserDB.o   
Finished building target: Caps
 
05:55:29 **** Incremental Build of configuration Debug for project Caps ****
make all 
Building file: ../src/Capitals.cpp
Invoking: GCC C++ Compiler
g++ -O0 -g3 -Wall -c -fmessage-length=0 -MMD -MP -MF"src/Capitals.d" -MT"src/Capitals.o" -o "src/Capitals.o" "../src/Capitals.cpp"
In file included from ../src/Capitals.cpp:7:0:
../src/Game.h:15:2: error: ‘User’ does not name a type
  User current_user;
  ^
../src/Capitals.cpp: In function ‘int main()’:
../src/Capitals.cpp:14:2: error: ‘UI’ was not declared in this scope
  UI ui = new UI();
  ^
../src/Capitals.cpp:15:2: error: ‘ui’ was not declared in this scope
  ui.welcome();
src/subdir.mk:30: recipe for target 'src/Capitals.o' failed
  ^
make: *** [src/Capitals.o] Error 1
05:56:37 **** Incremental Build of configuration Debug for project Caps ****
make all 
Building file: ../src/Capitals.cpp
Invoking: GCC C++ Compiler
g++ -O0 -g3 -Wall -c -fmessage-length=0 -MMD -MP -MF"src/Capitals.d" -MT"src/Capitals.o" -o "src/Capitals.o" "../src/Capitals.cpp"
In file included from ../src/Capitals.cpp:7:0:
../src/Game.h:15:2: error: ‘User’ does not name a type
  User current_user;
  ^
../src/Capitals.cpp: In function ‘int main()’:
../src/Capitals.cpp:15:17: error: conversion from ‘caps::UI*’ to non-scalar type ‘caps::UI’ requested
  UI ui = new UI();
                 ^
src/subdir.mk:30: recipe for target 'src/Capitals.o' failed
make: *** [src/Capitals.o] Error 1
05:57:45 **** Incremental Build of configuration Debug for project Caps ****
make all 
Building file: ../src/Capitals.cpp
Invoking: GCC C++ Compiler
g++ -O0 -g3 -Wall -c -fmessage-length=0 -MMD -MP -MF"src/Capitals.d" -MT"src/Capitals.o" -o "src/Capitals.o" "../src/Capitals.cpp"
In file included from ../src/Capitals.cpp:7:0:
../src/Game.h:15:2: error: ‘User’ does not name a type
  User current_user;
  ^
../src/Capitals.cpp: In function ‘int main()’:
../src/Capitals.cpp:16:5: error: request for member ‘welcome’ in ‘ui’, which is of pointer type ‘caps::UI*’ (maybe you meant to use ‘->’ ?)
  ui.welcome();
     ^
make: *** [src/Capitals.o] Error 1
src/subdir.mk:30: recipe for target 'src/Capitals.o' failed
05:58:04 **** Incremental Build of configuration Debug for project Caps ****
make all 
Building file: ../src/Capitals.cpp
Invoking: GCC C++ Compiler
g++ -O0 -g3 -Wall -c -fmessage-length=0 -MMD -MP -MF"src/Capitals.d" -MT"src/Capitals.o" -o "src/Capitals.o" "../src/Capitals.cpp"
In file included from ../src/Capitals.cpp:7:0:
../src/Game.h:15:2: error: ‘User’ does not name a type
  User current_user;
  ^
src/subdir.mk:30: recipe for target 'src/Capitals.o' failed
make: *** [src/Capitals.o] Error 1
05:58:21 **** Incremental Build of configuration Debug for project Caps ****
make all 
Building file: ../src/Capitals.cpp
Invoking: GCC C++ Compiler
g++ -O0 -g3 -Wall -c -fmessage-length=0 -MMD -MP -MF"src/Capitals.d" -MT"src/Capitals.o" -o "src/Capitals.o" "../src/Capitals.cpp"
In file included from ../src/Capitals.cpp:7:0:
../src/Game.h:15:2: error: ‘User’ does not name a type
  User current_user;
  ^
src/subdir.mk:30: recipe for target 'src/Capitals.o' failed
make: *** [src/Capitals.o] Error 1
06:00:04 **** Incremental Build of configuration Debug for project Caps ****
make all 
Building file: ../src/Capitals.cpp
Invoking: GCC C++ Compiler
g++ -O0 -g3 -Wall -c -fmessage-length=0 -MMD -MP -MF"src/Capitals.d" -MT"src/Capitals.o" -o "src/Capitals.o" "../src/Capitals.cpp"
In file included from ../src/Capitals.cpp:7:0:
../src/Game.h:15:2: error: ‘User’ does not name a type
  User current_user;
  ^
make: *** [src/Capitals.o] Error 1
src/subdir.mk:30: recipe for target 'src/Capitals.o' failed
06:01:05 **** Incremental Build of configuration Debug for project Caps ****
make all 
Building file: ../src/Capitals.cpp
Invoking: GCC C++ Compiler
g++ -O0 -g3 -Wall -c -fmessage-length=0 -MMD -MP -MF"src/Capitals.d" -MT"src/Capitals.o" -o "src/Capitals.o" "../src/Capitals.cpp"
In file included from ../src/Capitals.cpp:7:0:
../src/Game.h:15:2: error: ‘User’ does not name a type
  User current_user;
  ^
make: *** [src/Capitals.o] Error 1
src/subdir.mk:30: recipe for target 'src/Capitals.o' failed
06:03:01 **** Incremental Build of configuration Debug for project Caps ****
make all 
Building file: ../src/Capitals.cpp
Invoking: GCC C++ Compiler
g++ -O0 -g3 -Wall -c -fmessage-length=0 -MMD -MP -MF"src/Capitals.d" -MT"src/Capitals.o" -o "src/Capitals.o" "../src/Capitals.cpp"
In file included from ../src/Capitals.cpp:7:0:
../src/Game.h:7:18: fatal error: user.h: No such file or directory
src/subdir.mk:30: recipe for target 'src/Capitals.o' failed
compilation terminated.
make: *** [src/Capitals.o] Error 1
06:03:12 **** Incremental Build of configuration Debug for project Caps ****
make all 
Building file: ../src/Capitals.cpp
Invoking: GCC C++ Compiler
g++ -O0 -g3 -Wall -c -fmessage-length=0 -MMD -MP -MF"src/Capitals.d" -MT"src/Capitals.o" -o "src/Capitals.o" "../src/Capitals.cpp"
Finished building: ../src/Capitals.cpp
 
Building file: ../src/Game.cpp
Invoking: GCC C++ Compiler
g++ -O0 -g3 -Wall -c -fmessage-length=0 -MMD -MP -MF"src/Game.d" -MT"src/Game.o" -o "src/Game.o" "../src/Game.cpp"
../src/Game.cpp: In constructor ‘caps::Game::Game()’:
../src/Game.cpp:10:12: error: no matching function for call to ‘caps::User::User()’
 Game::Game() {
            ^
In file included from ../src/Game.h:7:0,
                 from ../src/Game.cpp:8:
../src/User.h:17:2: note: candidate: caps::User::User(std::__cxx11::string)
  User(string name);
  ^
../src/User.h:17:2: note:   candidate expects 1 argument, 0 provided
../src/User.h:15:7: note: candidate: caps::User::User(const caps::User&)
 class User {
       ^
../src/User.h:15:7: note:   candidate expects 1 argument, 0 provided
src/subdir.mk:30: recipe for target 'src/Game.o' failed
make: *** [src/Game.o] Error 1
06:04:24 **** Incremental Build of configuration Debug for project Caps ****
make all 
Building file: ../src/Game.cpp
Invoking: GCC C++ Compiler
g++ -O0 -g3 -Wall -c -fmessage-length=0 -MMD -MP -MF"src/Game.d" -MT"src/Game.o" -o "src/Game.o" "../src/Game.cpp"
../src/Game.cpp: In constructor ‘caps::Game::Game()’:
../src/Game.cpp:10:12: error: no matching function for call to ‘caps::User::User()’
 Game::Game() {
            ^
In file included from ../src/Game.h:7:0,
                 from ../src/Game.cpp:8:
../src/User.h:17:2: note: candidate: caps::User::User(std::__cxx11::string)
  User(string name);
  ^
../src/User.h:17:2: note:   candidate expects 1 argument, 0 provided
src/subdir.mk:30: recipe for target 'src/Game.o' failed
../src/User.h:15:7: note: candidate: caps::User::User(const caps::User&)
 class User {
       ^
../src/User.h:15:7: note:   candidate expects 1 argument, 0 provided
make: *** [src/Game.o] Error 1
06:04:53 **** Incremental Build of configuration Debug for project Caps ****
make all 
Building file: ../src/Capitals.cpp
Invoking: GCC C++ Compiler
g++ -O0 -g3 -Wall -c -fmessage-length=0 -MMD -MP -MF"src/Capitals.d" -MT"src/Capitals.o" -o "src/Capitals.o" "../src/Capitals.cpp"
Finished building: ../src/Capitals.cpp
 
Building file: ../src/Game.cpp
Invoking: GCC C++ Compiler
g++ -O0 -g3 -Wall -c -fmessage-length=0 -MMD -MP -MF"src/Game.d" -MT"src/Game.o" -o "src/Game.o" "../src/Game.cpp"
../src/Game.cpp: In constructor ‘caps::Game::Game()’:
../src/Game.cpp:10:12: error: no matching function for call to ‘caps::User::User()’
 Game::Game() {
            ^
In file included from ../src/Game.h:7:0,
                 from ../src/Game.cpp:8:
../src/User.h:17:2: note: candidate: caps::User::User(std::__cxx11::string)
  User(string name);
  ^
../src/User.h:17:2: note:   candidate expects 1 argument, 0 provided
../src/User.h:15:7: note: candidate: caps::User::User(const caps::User&)
 class User {
       ^
src/subdir.mk:30: recipe for target 'src/Game.o' failed
../src/User.h:15:7: note:   candidate expects 1 argument, 0 provided
make: *** [src/Game.o] Error 1
06:08:42 **** Incremental Build of configuration Debug for project Caps ****
make all 
Building file: ../src/Game.cpp
Invoking: GCC C++ Compiler
g++ -O0 -g3 -Wall -c -fmessage-length=0 -MMD -MP -MF"src/Game.d" -MT"src/Game.o" -o "src/Game.o" "../src/Game.cpp"
../src/Game.cpp: In constructor ‘caps::Game::Game()’:
../src/Game.cpp:10:12: error: no matching function for call to ‘caps::User::User()’
 Game::Game() {
            ^
In file included from ../src/Game.h:7:0,
                 from ../src/Game.cpp:8:
../src/User.h:17:2: note: candidate: caps::User::User(std::__cxx11::string)
  User(string name);
  ^
../src/User.h:17:2: note:   candidate expects 1 argument, 0 provided
../src/User.h:15:7: note: candidate: caps::User::User(const caps::User&)
src/subdir.mk:30: recipe for target 'src/Game.o' failed
 class User {
       ^
../src/User.h:15:7: note:   candidate expects 1 argument, 0 provided
make: *** [src/Game.o] Error 1
06:10:22 **** Incremental Build of configuration Debug for project Caps ****
make all 
Building file: ../src/Game.cpp
Invoking: GCC C++ Compiler
g++ -O0 -g3 -Wall -c -fmessage-length=0 -MMD -MP -MF"src/Game.d" -MT"src/Game.o" -o "src/Game.o" "../src/Game.cpp"
../src/Game.cpp: In constructor ‘caps::Game::Game()’:
../src/Game.cpp:12:12: error: no matching function for call to ‘caps::User::User()’
 Game::Game() {
            ^
In file included from ../src/Game.h:7:0,
                 from ../src/Game.cpp:8:
../src/User.h:17:2: note: candidate: caps::User::User(std::__cxx11::string)
  User(string name);
  ^
../src/User.h:17:2: note:   candidate expects 1 argument, 0 provided
../src/User.h:15:7: note: candidate: caps::User::User(const caps::User&)
 class User {
       ^
../src/User.h:15:7: note:   candidate expects 1 argument, 0 provided
src/subdir.mk:30: recipe for target 'src/Game.o' failed
make: *** [src/Game.o] Error 1
06:10:49 **** Incremental Build of configuration Debug for project Caps ****
make all 
Building file: ../src/Game.cpp
Invoking: GCC C++ Compiler
g++ -O0 -g3 -Wall -c -fmessage-length=0 -MMD -MP -MF"src/Game.d" -MT"src/Game.o" -o "src/Game.o" "../src/Game.cpp"
Finished building: ../src/Game.cpp
 
Building file: ../src/UI.cpp
Invoking: GCC C++ Compiler
g++ -O0 -g3 -Wall -c -fmessage-length=0 -MMD -MP -MF"src/UI.d" -MT"src/UI.o" -o "src/UI.o" "../src/UI.cpp"
Finished building: ../src/UI.cpp
 
Building file: ../src/User.cpp
Invoking: GCC C++ Compiler
g++ -O0 -g3 -Wall -c -fmessage-length=0 -MMD -MP -MF"src/User.d" -MT"src/User.o" -o "src/User.o" "../src/User.cpp"
Finished building: ../src/User.cpp
 
Building file: ../src/UserDB.cpp
Invoking: GCC C++ Compiler
g++ -O0 -g3 -Wall -c -fmessage-length=0 -MMD -MP -MF"src/UserDB.d" -MT"src/UserDB.o" -o "src/UserDB.o" "../src/UserDB.cpp"
Finished building: ../src/UserDB.cpp
 
Building target: Caps
Invoking: GCC C++ Linker
g++  -o "Caps"  ./src/Capitals.o ./src/Game.o ./src/UI.o ./src/User.o ./src/UserDB.o   
Finished building target: Caps
 
06:10:54 **** Incremental Build of configuration Debug for project Caps ****
make all 
Building file: ../src/Game.cpp
Invoking: GCC C++ Compiler
g++ -O0 -g3 -Wall -c -fmessage-length=0 -MMD -MP -MF"src/Game.d" -MT"src/Game.o" -o "src/Game.o" "../src/Game.cpp"
../src/Game.cpp: In constructor ‘caps::Game::Game()’:
../src/Game.cpp:12:12: error: no matching function for call to ‘caps::User::User()’
 Game::Game() {
            ^
In file included from ../src/Game.h:7:0,
                 from ../src/Game.cpp:8:
../src/User.h:17:2: note: candidate: caps::User::User(std::__cxx11::string)
  User(string name);
  ^
../src/User.h:17:2: note:   candidate expects 1 argument, 0 provided
../src/User.h:15:7: note: candidate: caps::User::User(const caps::User&)
 class User {
       ^
../src/User.h:15:7: note:   candidate expects 1 argument, 0 provided
src/subdir.mk:30: recipe for target 'src/Game.o' failed
make: *** [src/Game.o] Error 1
06:12:32 **** Incremental Build of configuration Debug for project Caps ****
make all 
Building file: ../src/Capitals.cpp
Invoking: GCC C++ Compiler
g++ -O0 -g3 -Wall -c -fmessage-length=0 -MMD -MP -MF"src/Capitals.d" -MT"src/Capitals.o" -o "src/Capitals.o" "../src/Capitals.cpp"
../src/Capitals.cpp:7:18: fatal error: Game.h: No such file or directory
src/subdir.mk:27: recipe for target 'src/Capitals.o' failed
compilation terminated.
make: *** [src/Capitals.o] Error 1
06:12:50 **** Incremental Build of configuration Debug for project Caps ****
make all 
Building file: ../src/Capitals.cpp
Invoking: GCC C++ Compiler
g++ -O0 -g3 -Wall -c -fmessage-length=0 -MMD -MP -MF"src/Capitals.d" -MT"src/Capitals.o" -o "src/Capitals.o" "../src/Capitals.cpp"
Finished building: ../src/Capitals.cpp
 
Building file: ../src/Game.cpp
Invoking: GCC C++ Compiler
g++ -O0 -g3 -Wall -c -fmessage-length=0 -MMD -MP -MF"src/Game.d" -MT"src/Game.o" -o "src/Game.o" "../src/Game.cpp"
Finished building: ../src/Game.cpp
 
Building target: Caps
Invoking: GCC C++ Linker
g++  -o "Caps"  ./src/Capitals.o ./src/Game.o ./src/UI.o ./src/User.o ./src/UserDB.o   
Finished building target: Caps
 
06:13:15 **** Incremental Build of configuration Debug for project Caps ****
make all 
make: Nothing to be done for 'all'.
06:16:54 **** Incremental Build of configuration Debug for project Caps ****
make all 
Building file: ../src/Capitals.cpp
Invoking: GCC C++ Compiler
g++ -O0 -g3 -Wall -c -fmessage-length=0 -MMD -MP -MF"src/Capitals.d" -MT"src/Capitals.o" -o "src/Capitals.o" "../src/Capitals.cpp"
Finished building: ../src/Capitals.cpp
 
Building file: ../src/UI.cpp
Invoking: GCC C++ Compiler
g++ -O0 -g3 -Wall -c -fmessage-length=0 -MMD -MP -MF"src/UI.d" -MT"src/UI.o" -o "src/UI.o" "../src/UI.cpp"
Finished building: ../src/UI.cpp
 
Building target: Caps
Invoking: GCC C++ Linker
g++  -o "Caps"  ./src/Capitals.o ./src/Game.o ./src/UI.o ./src/User.o ./src/UserDB.o   
Finished building target: Caps
 
06:16:59 **** Incremental Build of configuration Debug for project Caps ****
make all 
make: Nothing to be done for 'all'.
06:18:35 **** Incremental Build of configuration Debug for project Caps ****
make all 
Building file: ../src/Capitals.cpp
Invoking: GCC C++ Compiler
g++ -O0 -g3 -Wall -c -fmessage-length=0 -MMD -MP -MF"src/Capitals.d" -MT"src/Capitals.o" -o "src/Capitals.o" "../src/Capitals.cpp"
Finished building: ../src/Capitals.cpp
 
Building file: ../src/UI.cpp
Invoking: GCC C++ Compiler
g++ -O0 -g3 -Wall -c -fmessage-length=0 -MMD -MP -MF"src/UI.d" -MT"src/UI.o" -o "src/UI.o" "../src/UI.cpp"
Finished building: ../src/UI.cpp
 
Building target: Caps
Invoking: GCC C++ Linker
g++  -o "Caps"  ./src/Capitals.o ./src/Game.o ./src/UI.o ./src/User.o ./src/UserDB.o   
./src/UI.o: In function `caps::UI::welcome()':
/home/aj/OSU/classes/CSE4252/Caps/Debug/../src/UI.cpp:24: undefined reference to `caps::UI::menu1()'
collect2: error: ld returned 1 exit status
makefile:45: recipe for target 'Caps' failed
make: *** [Caps] Error 1
06:18:58 **** Incremental Build of configuration Debug for project Caps ****
make all 
Building file: ../src/UI.cpp
Invoking: GCC C++ Compiler
g++ -O0 -g3 -Wall -c -fmessage-length=0 -MMD -MP -MF"src/UI.d" -MT"src/UI.o" -o "src/UI.o" "../src/UI.cpp"
Finished building: ../src/UI.cpp
 
Building target: Caps
Invoking: GCC C++ Linker
g++  -o "Caps"  ./src/Capitals.o ./src/Game.o ./src/UI.o ./src/User.o ./src/UserDB.o   
./src/UI.o: In function `caps::UI::welcome()':
/home/aj/OSU/classes/CSE4252/Caps/Debug/../src/UI.cpp:24: undefined reference to `caps::UI::menu1()'
makefile:45: recipe for target 'Caps' failed
collect2: error: ld returned 1 exit status
make: *** [Caps] Error 1
06:20:29 **** Incremental Build of configuration Debug for project Caps ****
make all 
Building file: ../src/UI.cpp
Invoking: GCC C++ Compiler
g++ -O0 -g3 -Wall -c -fmessage-length=0 -MMD -MP -MF"src/UI.d" -MT"src/UI.o" -o "src/UI.o" "../src/UI.cpp"
Finished building: ../src/UI.cpp
 
Building target: Caps
Invoking: GCC C++ Linker
g++  -o "Caps"  ./src/Capitals.o ./src/Game.o ./src/UI.o ./src/User.o ./src/UserDB.o   
Finished building target: Caps
 
06:49:28 **** Incremental Build of configuration Debug for project Caps ****
make all 
Building file: ../src/Capitals.cpp
Invoking: GCC C++ Compiler
g++ -O0 -g3 -Wall -c -fmessage-length=0 -MMD -MP -MF"src/Capitals.d" -MT"src/Capitals.o" -o "src/Capitals.o" "../src/Capitals.cpp"
In file included from ../src/Capitals.cpp:7:0:
../src/Game.h:19:2: error: ‘User’ does not name a type
  User user;
  ^
src/subdir.mk:30: recipe for target 'src/Capitals.o' failed
make: *** [src/Capitals.o] Error 1
06:49:39 **** Incremental Build of configuration Debug for project Caps ****
make all 
Building file: ../src/Capitals.cpp
Invoking: GCC C++ Compiler
g++ -O0 -g3 -Wall -c -fmessage-length=0 -MMD -MP -MF"src/Capitals.d" -MT"src/Capitals.o" -o "src/Capitals.o" "../src/Capitals.cpp"
In file included from ../src/Capitals.cpp:7:0:
../src/Game.h:10:18: fatal error: user.h: No such file or directory
compilation terminated.
src/subdir.mk:30: recipe for target 'src/Capitals.o' failed
make: *** [src/Capitals.o] Error 1
06:49:46 **** Incremental Build of configuration Debug for project Caps ****
make all 
Building file: ../src/Capitals.cpp
Invoking: GCC C++ Compiler
g++ -O0 -g3 -Wall -c -fmessage-length=0 -MMD -MP -MF"src/Capitals.d" -MT"src/Capitals.o" -o "src/Capitals.o" "../src/Capitals.cpp"
Finished building: ../src/Capitals.cpp
 
Building file: ../src/Game.cpp
Invoking: GCC C++ Compiler
g++ -O0 -g3 -Wall -c -fmessage-length=0 -MMD -MP -MF"src/Game.d" -MT"src/Game.o" -o "src/Game.o" "../src/Game.cpp"
../src/Game.cpp: In constructor ‘caps::Game::Game()’:
../src/Game.cpp:12:12: error: no matching function for call to ‘caps::User::User()’
 Game::Game() {
            ^
In file included from ../src/Game.h:10:0,
                 from ../src/Game.cpp:8:
../src/User.h:17:2: note: candidate: caps::User::User(std::__cxx11::string)
  User(string name);
  ^
../src/User.h:17:2: note:   candidate expects 1 argument, 0 provided
../src/User.h:15:7: note: candidate: caps::User::User(const caps::User&)
 class User {
       ^
../src/User.h:15:7: note:   candidate expects 1 argument, 0 provided
make: *** [src/Game.o] Error 1
src/subdir.mk:30: recipe for target 'src/Game.o' failed
06:50:55 **** Incremental Build of configuration Debug for project Caps ****
make all 
Building file: ../src/Capitals.cpp
Invoking: GCC C++ Compiler
g++ -O0 -g3 -Wall -c -fmessage-length=0 -MMD -MP -MF"src/Capitals.d" -MT"src/Capitals.o" -o "src/Capitals.o" "../src/Capitals.cpp"
Finished building: ../src/Capitals.cpp
 
Building file: ../src/Game.cpp
Invoking: GCC C++ Compiler
g++ -O0 -g3 -Wall -c -fmessage-length=0 -MMD -MP -MF"src/Game.d" -MT"src/Game.o" -o "src/Game.o" "../src/Game.cpp"
../src/Game.cpp: In constructor ‘caps::Game::Game()’:
../src/Game.cpp:12:12: error: no matching function for call to ‘caps::User::User()’
 Game::Game() {
            ^
In file included from ../src/Game.h:10:0,
                 from ../src/Game.cpp:8:
../src/User.h:17:2: note: candidate: caps::User::User(std::__cxx11::string)
  User(string name);
  ^
src/subdir.mk:30: recipe for target 'src/Game.o' failed
../src/User.h:17:2: note:   candidate expects 1 argument, 0 provided
../src/User.h:15:7: note: candidate: caps::User::User(const caps::User&)
 class User {
       ^
../src/User.h:15:7: note:   candidate expects 1 argument, 0 provided
../src/Game.cpp: At global scope:
../src/Game.cpp:21:22: error: declaration of ‘void caps::Game::startGame()’ outside of class is not definition [-fpermissive]
 void Game::startGame();
                      ^
make: *** [src/Game.o] Error 1
06:51:16 **** Incremental Build of configuration Debug for project Caps ****
make all 
Building file: ../src/Game.cpp
Invoking: GCC C++ Compiler
g++ -O0 -g3 -Wall -c -fmessage-length=0 -MMD -MP -MF"src/Game.d" -MT"src/Game.o" -o "src/Game.o" "../src/Game.cpp"
../src/Game.cpp: In constructor ‘caps::Game::Game()’:
../src/Game.cpp:12:12: error: no matching function for call to ‘caps::User::User()’
 Game::Game() {
            ^
In file included from ../src/Game.h:10:0,
                 from ../src/Game.cpp:8:
../src/User.h:17:2: note: candidate: caps::User::User(std::__cxx11::string)
  User(string name);
  ^
../src/User.h:17:2: note:   candidate expects 1 argument, 0 provided
../src/User.h:15:7: note: candidate: caps::User::User(const caps::User&)
 class User {
       ^
src/subdir.mk:30: recipe for target 'src/Game.o' failed
../src/User.h:15:7: note:   candidate expects 1 argument, 0 provided
make: *** [src/Game.o] Error 1
06:56:52 **** Incremental Build of configuration Debug for project Caps ****
make all 
Building file: ../src/Capitals.cpp
Invoking: GCC C++ Compiler
g++ -O0 -g3 -Wall -c -fmessage-length=0 -MMD -MP -MF"src/Capitals.d" -MT"src/Capitals.o" -o "src/Capitals.o" "../src/Capitals.cpp"
Finished building: ../src/Capitals.cpp
 
Building file: ../src/Game.cpp
Invoking: GCC C++ Compiler
g++ -O0 -g3 -Wall -c -fmessage-length=0 -MMD -MP -MF"src/Game.d" -MT"src/Game.o" -o "src/Game.o" "../src/Game.cpp"
Finished building: ../src/Game.cpp
 
Building file: ../src/UI.cpp
Invoking: GCC C++ Compiler
g++ -O0 -g3 -Wall -c -fmessage-length=0 -MMD -MP -MF"src/UI.d" -MT"src/UI.o" -o "src/UI.o" "../src/UI.cpp"
Finished building: ../src/UI.cpp
 
Building file: ../src/User.cpp
Invoking: GCC C++ Compiler
g++ -O0 -g3 -Wall -c -fmessage-length=0 -MMD -MP -MF"src/User.d" -MT"src/User.o" -o "src/User.o" "../src/User.cpp"
Finished building: ../src/User.cpp
 
Building target: Caps
Invoking: GCC C++ Linker
g++  -o "Caps"  ./src/Capitals.o ./src/Game.o ./src/UI.o ./src/User.o ./src/UserDB.o   
Finished building target: Caps
 
06:58:52 **** Incremental Build of configuration Debug for project Caps ****
make all 
Building file: ../src/Capitals.cpp
Invoking: GCC C++ Compiler
g++ -O0 -g3 -Wall -c -fmessage-length=0 -MMD -MP -MF"src/Capitals.d" -MT"src/Capitals.o" -o "src/Capitals.o" "../src/Capitals.cpp"
In file included from ../src/Capitals.cpp:7:0:
../src/Game.h:20:2: error: ‘vector’ does not name a type
  vector<map<string,string>> cap_map;
  ^
make: *** [src/Capitals.o] Error 1
src/subdir.mk:30: recipe for target 'src/Capitals.o' failed
06:59:56 **** Incremental Build of configuration Debug for project Caps ****
make all 
Building file: ../src/Capitals.cpp
Invoking: GCC C++ Compiler
g++ -O0 -g3 -Wall -c -fmessage-length=0 -MMD -MP -MF"src/Capitals.d" -MT"src/Capitals.o" -o "src/Capitals.o" "../src/Capitals.cpp"
In file included from ../src/Capitals.cpp:7:0:
../src/Game.h:22:26: error: ‘>>’ should be ‘> >’ within a nested template argument list
  vector<map<string,string>> cap_map;
                          ^
make: *** [src/Capitals.o] Error 1
src/subdir.mk:30: recipe for target 'src/Capitals.o' failed
07:00:00 **** Incremental Build of configuration Debug for project Caps ****
make all 
Building file: ../src/Capitals.cpp
Invoking: GCC C++ Compiler
g++ -O0 -g3 -Wall -c -fmessage-length=0 -MMD -MP -MF"src/Capitals.d" -MT"src/Capitals.o" -o "src/Capitals.o" "../src/Capitals.cpp"
In file included from ../src/Capitals.cpp:7:0:
../src/Game.h:22:26: error: ‘>>’ should be ‘> >’ within a nested template argument list
  vector<map<string,string>> cap_map;
                          ^
src/subdir.mk:30: recipe for target 'src/Capitals.o' failed
make: *** [src/Capitals.o] Error 1
07:00:18 **** Incremental Build of configuration Debug for project Caps ****
make all 
Building file: ../src/Capitals.cpp
Invoking: GCC C++ Compiler
g++ -O0 -g3 -Wall -c -fmessage-length=0 -MMD -MP -MF"src/Capitals.d" -MT"src/Capitals.o" -o "src/Capitals.o" "../src/Capitals.cpp"
Finished building: ../src/Capitals.cpp
 
Building file: ../src/Game.cpp
Invoking: GCC C++ Compiler
g++ -O0 -g3 -Wall -c -fmessage-length=0 -MMD -MP -MF"src/Game.d" -MT"src/Game.o" -o "src/Game.o" "../src/Game.cpp"
Finished building: ../src/Game.cpp
 
Building target: Caps
Invoking: GCC C++ Linker
g++  -o "Caps"  ./src/Capitals.o ./src/Game.o ./src/UI.o ./src/User.o ./src/UserDB.o   
Finished building target: Caps
 
07:41:40 **** Incremental Build of configuration Debug for project Caps ****
make all 
Building file: ../src/Capitals.cpp
Invoking: GCC C++ Compiler
g++ -O0 -g3 -Wall -c -fmessage-length=0 -MMD -MP -MF"src/Capitals.d" -MT"src/Capitals.o" -o "src/Capitals.o" "../src/Capitals.cpp"
Finished building: ../src/Capitals.cpp
 
Building file: ../src/Game.cpp
Invoking: GCC C++ Compiler
g++ -O0 -g3 -Wall -c -fmessage-length=0 -MMD -MP -MF"src/Game.d" -MT"src/Game.o" -o "src/Game.o" "../src/Game.cpp"
../src/Game.cpp: In member function ‘void caps::Game::startGame()’:
../src/Game.cpp:25:2: error: ‘cout’ was not declared in this scope
  cout << "loading data" << endl;
  ^
../src/Game.cpp: In member function ‘void caps::Game::loadCaps()’:
../src/Game.cpp:38:3: error: ‘cout’ was not declared in this scope
   cout << country << " *** " << capital << endl;
   ^
src/subdir.mk:30: recipe for target 'src/Game.o' failed
make: *** [src/Game.o] Error 1
07:41:57 **** Incremental Build of configuration Debug for project Caps ****
make all 
Building file: ../src/Game.cpp
Invoking: GCC C++ Compiler
g++ -O0 -g3 -Wall -c -fmessage-length=0 -MMD -MP -MF"src/Game.d" -MT"src/Game.o" -o "src/Game.o" "../src/Game.cpp"
../src/Game.cpp: In member function ‘void caps::Game::startGame()’:
../src/Game.cpp:25:2: error: ‘cout’ was not declared in this scope
  cout << "loading data" << endl;
  ^
../src/Game.cpp: In member function ‘void caps::Game::loadCaps()’:
../src/Game.cpp:38:3: error: ‘cout’ was not declared in this scope
   cout << country << " *** " << capital << endl;
   ^
make: *** [src/Game.o] Error 1
src/subdir.mk:30: recipe for target 'src/Game.o' failed
07:42:57 **** Incremental Build of configuration Debug for project Caps ****
make all 
Building file: ../src/Capitals.cpp
Invoking: GCC C++ Compiler
g++ -O0 -g3 -Wall -c -fmessage-length=0 -MMD -MP -MF"src/Capitals.d" -MT"src/Capitals.o" -o "src/Capitals.o" "../src/Capitals.cpp"
Finished building: ../src/Capitals.cpp
 
Building file: ../src/Game.cpp
Invoking: GCC C++ Compiler
g++ -O0 -g3 -Wall -c -fmessage-length=0 -MMD -MP -MF"src/Game.d" -MT"src/Game.o" -o "src/Game.o" "../src/Game.cpp"
../src/Game.cpp: In member function ‘void caps::Game::startGame()’:
../src/Game.cpp:25:2: error: ‘cout’ was not declared in this scope
  cout << "loading data" << endl;
  ^
../src/Game.cpp: In member function ‘void caps::Game::loadCaps()’:
../src/Game.cpp:38:3: error: ‘cout’ was not declared in this scope
   cout << country << " *** " << capital << endl;
   ^
src/subdir.mk:30: recipe for target 'src/Game.o' failed
make: *** [src/Game.o] Error 1
07:43:59 **** Incremental Build of configuration Debug for project Caps ****
make all 
Building file: ../src/Game.cpp
Invoking: GCC C++ Compiler
g++ -O0 -g3 -Wall -c -fmessage-length=0 -MMD -MP -MF"src/Game.d" -MT"src/Game.o" -o "src/Game.o" "../src/Game.cpp"
Finished building: ../src/Game.cpp
 
Building file: ../src/UI.cpp
Invoking: GCC C++ Compiler
g++ -O0 -g3 -Wall -c -fmessage-length=0 -MMD -MP -MF"src/UI.d" -MT"src/UI.o" -o "src/UI.o" "../src/UI.cpp"
Finished building: ../src/UI.cpp
 
Building target: Caps
Invoking: GCC C++ Linker
g++  -o "Caps"  ./src/Capitals.o ./src/Game.o ./src/UI.o ./src/User.o ./src/UserDB.o   
Finished building target: Caps
 
07:44:40 **** Incremental Build of configuration Debug for project Caps ****
make all 
Building file: ../src/Game.cpp
Invoking: GCC C++ Compiler
g++ -O0 -g3 -Wall -c -fmessage-length=0 -MMD -MP -MF"src/Game.d" -MT"src/Game.o" -o "src/Game.o" "../src/Game.cpp"
Finished building: ../src/Game.cpp
 
Building target: Caps
Invoking: GCC C++ Linker
g++  -o "Caps"  ./src/Capitals.o ./src/Game.o ./src/UI.o ./src/User.o ./src/UserDB.o   
Finished building target: Caps
 
23:32:17 **** Incremental Build of configuration Debug for project Caps ****
make all 
Building file: ../src/Game.cpp
Invoking: GCC C++ Compiler
g++ -O0 -g3 -Wall -c -fmessage-length=0 -MMD -MP -MF"src/Game.d" -MT"src/Game.o" -o "src/Game.o" "../src/Game.cpp"
Finished building: ../src/Game.cpp
 
Building target: Caps
Invoking: GCC C++ Linker
g++  -o "Caps"  ./src/Capitals.o ./src/Game.o ./src/UI.o ./src/User.o ./src/UserDB.o   
Finished building target: Caps
 
23:57:05 **** Incremental Build of configuration Debug for project Caps ****
make all 
Building file: ../src/Capitals.cpp
Invoking: GCC C++ Compiler
g++ -O0 -g3 -Wall -c -fmessage-length=0 -MMD -MP -MF"src/Capitals.d" -MT"src/Capitals.o" -o "src/Capitals.o" "../src/Capitals.cpp"
Finished building: ../src/Capitals.cpp
 
Building file: ../src/Game.cpp
Invoking: GCC C++ Compiler
g++ -O0 -g3 -Wall -c -fmessage-length=0 -MMD -MP -MF"src/Game.d" -MT"src/Game.o" -o "src/Game.o" "../src/Game.cpp"
../src/Game.cpp: In member function ‘void caps::Game::prompt()’:
../src/Game.cpp:48:48: error: no match for call to ‘(std::__cxx11::basic_string<char>) ()’
  string country = caps_vec[random_index].first();
                                                ^
../src/Game.cpp:49:49: error: no match for call to ‘(std::__cxx11::basic_string<char>) ()’
  string capital = caps_vec[random_index].second();
                                                 ^
../src/Game.cpp:52:12: error: ‘getAnswer’ was not declared in this scope
  getAnswer();
            ^
../src/Game.cpp: At global scope:
../src/Game.cpp:55:35: error: no ‘int caps::Game::getAnswer(std::__cxx11::string)’ member function declared in class ‘caps::Game’
 int Game::getAnswer(string capital){
                                   ^
src/subdir.mk:30: recipe for target 'src/Game.o' failed
make: *** [src/Game.o] Error 1
23:58:15 **** Incremental Build of configuration Debug for project Caps ****
make all 
Building file: ../src/Game.cpp
Invoking: GCC C++ Compiler
g++ -O0 -g3 -Wall -c -fmessage-length=0 -MMD -MP -MF"src/Game.d" -MT"src/Game.o" -o "src/Game.o" "../src/Game.cpp"
../src/Game.cpp: In member function ‘void caps::Game::prompt()’:
../src/Game.cpp:49:48: error: no match for call to ‘(std::__cxx11::basic_string<char>) ()’
  string country = caps_vec[random_index].first();
                                                ^
../src/Game.cpp:50:49: error: no match for call to ‘(std::__cxx11::basic_string<char>) ()’
  string capital = caps_vec[random_index].second();
                                                 ^
../src/Game.cpp:53:12: error: ‘getAnswer’ was not declared in this scope
  getAnswer();
            ^
../src/Game.cpp: At global scope:
../src/Game.cpp:56:35: error: no ‘int caps::Game::getAnswer(std::__cxx11::string)’ member function declared in class ‘caps::Game’
 int Game::getAnswer(string capital){
                                   ^
src/subdir.mk:30: recipe for target 'src/Game.o' failed
make: *** [src/Game.o] Error 1
00:01:52 **** Incremental Build of configuration Debug for project Caps ****
make all 
Building file: ../src/Game.cpp
Invoking: GCC C++ Compiler
g++ -O0 -g3 -Wall -c -fmessage-length=0 -MMD -MP -MF"src/Game.d" -MT"src/Game.o" -o "src/Game.o" "../src/Game.cpp"
../src/Game.cpp: In member function ‘void caps::Game::prompt()’:
../src/Game.cpp:49:53: error: no match for call to ‘(std::__cxx11::basic_string<char>) ()’
  std::string country = caps_vec[random_index].first();
                                                     ^
../src/Game.cpp:50:49: error: no match for call to ‘(std::__cxx11::basic_string<char>) ()’
  string capital = caps_vec[random_index].second();
                                                 ^
../src/Game.cpp:53:12: error: ‘getAnswer’ was not declared in this scope
  getAnswer();
            ^
../src/Game.cpp: At global scope:
../src/Game.cpp:56:35: error: no ‘int caps::Game::getAnswer(std::__cxx11::string)’ member function declared in class ‘caps::Game’
 int Game::getAnswer(string capital){
                                   ^
src/subdir.mk:30: recipe for target 'src/Game.o' failed
make: *** [src/Game.o] Error 1
00:02:52 **** Incremental Build of configuration Debug for project Caps ****
make all 
Building file: ../src/Capitals.cpp
Invoking: GCC C++ Compiler
g++ -O0 -g3 -Wall -c -fmessage-length=0 -MMD -MP -MF"src/Capitals.d" -MT"src/Capitals.o" -o "src/Capitals.o" "../src/Capitals.cpp"
Finished building: ../src/Capitals.cpp
 
Building file: ../src/Game.cpp
Invoking: GCC C++ Compiler
g++ -O0 -g3 -Wall -c -fmessage-length=0 -MMD -MP -MF"src/Game.d" -MT"src/Game.o" -o "src/Game.o" "../src/Game.cpp"
../src/Game.cpp: In member function ‘void caps::Game::prompt()’:
../src/Game.cpp:49:53: error: no match for call to ‘(std::__cxx11::basic_string<char>) ()’
  std::string country = caps_vec[random_index].first();
                                                     ^
../src/Game.cpp:50:49: error: no match for call to ‘(std::__cxx11::basic_string<char>) ()’
  string capital = caps_vec[random_index].second();
                                                 ^
../src/Game.cpp:53:12: error: no matching function for call to ‘caps::Game::getAnswer()’
  getAnswer();
            ^
In file included from ../src/Game.cpp:8:0:
../src/Game.h:27:6: note: candidate: int caps::Game::getAnswer(std::__cxx11::string)
  int getAnswer(string);
      ^
../src/Game.h:27:6: note:   candidate expects 1 argument, 0 provided
../src/Game.cpp: In member function ‘int caps::Game::getAnswer(std::__cxx11::string)’:
../src/Game.cpp:60:21: error: ‘str1’ was not declared in this scope
  if(capital.compare(str1) == 0){
                     ^
../src/Game.cpp:57:6: warning: unused variable ‘score’ [-Wunused-variable]
  int score = 3;
      ^
../src/Game.cpp:63:1: warning: no return statement in function returning non-void [-Wreturn-type]
 }
 ^
make: *** [src/Game.o] Error 1
src/subdir.mk:30: recipe for target 'src/Game.o' failed
00:03:23 **** Incremental Build of configuration Debug for project Caps ****
make all 
Building file: ../src/Game.cpp
Invoking: GCC C++ Compiler
g++ -O0 -g3 -Wall -c -fmessage-length=0 -MMD -MP -MF"src/Game.d" -MT"src/Game.o" -o "src/Game.o" "../src/Game.cpp"
../src/Game.cpp: In member function ‘void caps::Game::prompt()’:
../src/Game.cpp:46:26: error: ‘rand’ was not declared in this scope
  int random_index = rand() % caps_vec.size();
                          ^
../src/Game.cpp:47:53: error: no match for call to ‘(std::__cxx11::basic_string<char>) ()’
  std::string country = caps_vec[random_index].first();
                                                     ^
../src/Game.cpp:48:49: error: no match for call to ‘(std::__cxx11::basic_string<char>) ()’
  string capital = caps_vec[random_index].second();
                                                 ^
../src/Game.cpp:51:12: error: no matching function for call to ‘caps::Game::getAnswer()’
  getAnswer();
            ^
In file included from ../src/Game.cpp:8:0:
../src/Game.h:27:6: note: candidate: int caps::Game::getAnswer(std::__cxx11::string)
  int getAnswer(string);
      ^
../src/Game.h:27:6: note:   candidate expects 1 argument, 0 provided
../src/Game.cpp: In member function ‘int caps::Game::getAnswer(std::__cxx11::string)’:
../src/Game.cpp:58:21: error: ‘str1’ was not declared in this scope
  if(capital.compare(str1) == 0){
                     ^
../src/Game.cpp:55:6: warning: unused variable ‘score’ [-Wunused-variable]
  int score = 3;
      ^
../src/Game.cpp:61:1: warning: no return statement in function returning non-void [-Wreturn-type]
 }
 ^
make: *** [src/Game.o] Error 1
src/subdir.mk:30: recipe for target 'src/Game.o' failed
00:03:33 **** Incremental Build of configuration Debug for project Caps ****
make all 
Building file: ../src/Game.cpp
Invoking: GCC C++ Compiler
g++ -O0 -g3 -Wall -c -fmessage-length=0 -MMD -MP -MF"src/Game.d" -MT"src/Game.o" -o "src/Game.o" "../src/Game.cpp"
../src/Game.cpp: In member function ‘void caps::Game::prompt()’:
../src/Game.cpp:48:53: error: no match for call to ‘(std::__cxx11::basic_string<char>) ()’
  std::string country = caps_vec[random_index].first();
                                                     ^
../src/Game.cpp:49:49: error: no match for call to ‘(std::__cxx11::basic_string<char>) ()’
  string capital = caps_vec[random_index].second();
                                                 ^
../src/Game.cpp:52:12: error: no matching function for call to ‘caps::Game::getAnswer()’
  getAnswer();
            ^
In file included from ../src/Game.cpp:8:0:
../src/Game.h:27:6: note: candidate: int caps::Game::getAnswer(std::__cxx11::string)
  int getAnswer(string);
      ^
../src/Game.h:27:6: note:   candidate expects 1 argument, 0 provided
../src/Game.cpp: In member function ‘int caps::Game::getAnswer(std::__cxx11::string)’:
../src/Game.cpp:59:21: error: ‘str1’ was not declared in this scope
  if(capital.compare(str1) == 0){
                     ^
../src/Game.cpp:56:6: warning: unused variable ‘score’ [-Wunused-variable]
  int score = 3;
      ^
../src/Game.cpp:62:1: warning: no return statement in function returning non-void [-Wreturn-type]
 }
 ^
make: *** [src/Game.o] Error 1
src/subdir.mk:30: recipe for target 'src/Game.o' failed
00:04:11 **** Incremental Build of configuration Debug for project Caps ****
make all 
Building file: ../src/Game.cpp
Invoking: GCC C++ Compiler
g++ -O0 -g3 -Wall -c -fmessage-length=0 -MMD -MP -MF"src/Game.d" -MT"src/Game.o" -o "src/Game.o" "../src/Game.cpp"
../src/Game.cpp: In member function ‘void caps::Game::prompt()’:
../src/Game.cpp:48:47: error: no match for call to ‘(std::__cxx11::basic_string<char>) ()’
  char* country = caps_vec[random_index].first();
                                               ^
../src/Game.cpp:49:49: error: no match for call to ‘(std::__cxx11::basic_string<char>) ()’
  string capital = caps_vec[random_index].second();
                                                 ^
../src/Game.cpp:52:12: error: no matching function for call to ‘caps::Game::getAnswer()’
  getAnswer();
            ^
In file included from ../src/Game.cpp:8:0:
../src/Game.h:27:6: note: candidate: int caps::Game::getAnswer(std::__cxx11::string)
  int getAnswer(string);
      ^
../src/Game.h:27:6: note:   candidate expects 1 argument, 0 provided
../src/Game.cpp: In member function ‘int caps::Game::getAnswer(std::__cxx11::string)’:
../src/Game.cpp:59:21: error: ‘str1’ was not declared in this scope
  if(capital.compare(str1) == 0){
                     ^
../src/Game.cpp:56:6: warning: unused variable ‘score’ [-Wunused-variable]
  int score = 3;
      ^
../src/Game.cpp:62:1: warning: no return statement in function returning non-void [-Wreturn-type]
 }
 ^
src/subdir.mk:30: recipe for target 'src/Game.o' failed
make: *** [src/Game.o] Error 1
00:08:16 **** Incremental Build of configuration Debug for project Caps ****
make all 
Building file: ../src/Game.cpp
Invoking: GCC C++ Compiler
g++ -O0 -g3 -Wall -c -fmessage-length=0 -MMD -MP -MF"src/Game.d" -MT"src/Game.o" -o "src/Game.o" "../src/Game.cpp"
../src/Game.cpp: In member function ‘void caps::Game::prompt()’:
../src/Game.cpp:54:12: error: no matching function for call to ‘caps::Game::getAnswer()’
  getAnswer();
            ^
In file included from ../src/Game.cpp:8:0:
../src/Game.h:27:6: note: candidate: int caps::Game::getAnswer(std::__cxx11::string)
  int getAnswer(string);
      ^
../src/Game.h:27:6: note:   candidate expects 1 argument, 0 provided
../src/Game.cpp: In member function ‘int caps::Game::getAnswer(std::__cxx11::string)’:
../src/Game.cpp:61:21: error: ‘str1’ was not declared in this scope
  if(capital.compare(str1) == 0){
                     ^
../src/Game.cpp:58:6: warning: unused variable ‘score’ [-Wunused-variable]
  int score = 3;
      ^
../src/Game.cpp:64:1: warning: no return statement in function returning non-void [-Wreturn-type]
 }
 ^
src/subdir.mk:30: recipe for target 'src/Game.o' failed
make: *** [src/Game.o] Error 1
00:08:38 **** Incremental Build of configuration Debug for project Caps ****
make all 
Building file: ../src/Game.cpp
Invoking: GCC C++ Compiler
g++ -O0 -g3 -Wall -c -fmessage-length=0 -MMD -MP -MF"src/Game.d" -MT"src/Game.o" -o "src/Game.o" "../src/Game.cpp"
../src/Game.cpp: In member function ‘int caps::Game::getAnswer(std::__cxx11::string)’:
../src/Game.cpp:61:21: error: ‘str1’ was not declared in this scope
  if(capital.compare(str1) == 0){
                     ^
../src/Game.cpp:58:6: warning: unused variable ‘score’ [-Wunused-variable]
  int score = 3;
      ^
../src/Game.cpp:64:1: warning: no return statement in function returning non-void [-Wreturn-type]
 }
 ^
src/subdir.mk:30: recipe for target 'src/Game.o' failed
make: *** [src/Game.o] Error 1
00:09:54 **** Incremental Build of configuration Debug for project Caps ****
make all 
Building file: ../src/Game.cpp
Invoking: GCC C++ Compiler
g++ -O0 -g3 -Wall -c -fmessage-length=0 -MMD -MP -MF"src/Game.d" -MT"src/Game.o" -o "src/Game.o" "../src/Game.cpp"
../src/Game.cpp: In member function ‘void caps::Game::prompt()’:
../src/Game.cpp:48:6: warning: variable ‘score’ set but not used [-Wunused-but-set-variable]
  int score;
      ^
../src/Game.cpp: In member function ‘int caps::Game::getAnswer(std::__cxx11::string)’:
../src/Game.cpp:59:6: warning: unused variable ‘score’ [-Wunused-variable]
  int score = 3;
      ^
../src/Game.cpp:65:1: warning: no return statement in function returning non-void [-Wreturn-type]
 }
 ^
Finished building: ../src/Game.cpp
 
Building file: ../src/UI.cpp
Invoking: GCC C++ Compiler
g++ -O0 -g3 -Wall -c -fmessage-length=0 -MMD -MP -MF"src/UI.d" -MT"src/UI.o" -o "src/UI.o" "../src/UI.cpp"
Finished building: ../src/UI.cpp
 
Building target: Caps
Invoking: GCC C++ Linker
g++  -o "Caps"  ./src/Capitals.o ./src/Game.o ./src/UI.o ./src/User.o ./src/UserDB.o   
Finished building target: Caps
 
00:12:21 **** Incremental Build of configuration Debug for project Caps ****
make all 
Building file: ../src/Game.cpp
Invoking: GCC C++ Compiler
g++ -O0 -g3 -Wall -c -fmessage-length=0 -MMD -MP -MF"src/Game.d" -MT"src/Game.o" -o "src/Game.o" "../src/Game.cpp"
../src/Game.cpp: In member function ‘void caps::Game::prompt()’:
../src/Game.cpp:48:6: warning: variable ‘score’ set but not used [-Wunused-but-set-variable]
  int score;
      ^
../src/Game.cpp: In member function ‘int caps::Game::getAnswer(std::__cxx11::string)’:
../src/Game.cpp:63:24: error: ‘ans’ was not declared in this scope
  while(capital.compare(ans) != 0 && score > 0){
                        ^
../src/Game.cpp:67:1: warning: no return statement in function returning non-void [-Wreturn-type]
 }
 ^
make: *** [src/Game.o] Error 1
src/subdir.mk:30: recipe for target 'src/Game.o' failed
00:12:31 **** Incremental Build of configuration Debug for project Caps ****
make all 
Building file: ../src/Game.cpp
Invoking: GCC C++ Compiler
g++ -O0 -g3 -Wall -c -fmessage-length=0 -MMD -MP -MF"src/Game.d" -MT"src/Game.o" -o "src/Game.o" "../src/Game.cpp"
../src/Game.cpp: In member function ‘void caps::Game::prompt()’:
../src/Game.cpp:48:6: warning: variable ‘score’ set but not used [-Wunused-but-set-variable]
  int score;
      ^
../src/Game.cpp: In member function ‘int caps::Game::getAnswer(std::__cxx11::string)’:
../src/Game.cpp:67:1: warning: no return statement in function returning non-void [-Wreturn-type]
 }
 ^
Finished building: ../src/Game.cpp
 
Building target: Caps
Invoking: GCC C++ Linker
g++  -o "Caps"  ./src/Capitals.o ./src/Game.o ./src/UI.o ./src/User.o ./src/UserDB.o   
Finished building target: Caps
 
00:31:58 **** Incremental Build of configuration Debug for project Caps ****
make all 
Building file: ../src/Capitals.cpp
Invoking: GCC C++ Compiler
g++ -O0 -g3 -Wall -c -fmessage-length=0 -MMD -MP -MF"src/Capitals.d" -MT"src/Capitals.o" -o "src/Capitals.o" "../src/Capitals.cpp"
Finished building: ../src/Capitals.cpp
 
Building file: ../src/Game.cpp
Invoking: GCC C++ Compiler
g++ -O0 -g3 -Wall -c -fmessage-length=0 -MMD -MP -MF"src/Game.d" -MT"src/Game.o" -o "src/Game.o" "../src/Game.cpp"
../src/Game.cpp: In member function ‘void caps::Game::prompt()’:
../src/Game.cpp:55:27: error: ‘getAnswer’ was not declared in this scope
  score = getAnswer(capital);
                           ^
src/subdir.mk:30: recipe for target 'src/Game.o' failed
make: *** [src/Game.o] Error 1
00:33:40 **** Incremental Build of configuration Debug for project Caps ****
make all 
Building file: ../src/Game.cpp
Invoking: GCC C++ Compiler
g++ -O0 -g3 -Wall -c -fmessage-length=0 -MMD -MP -MF"src/Game.d" -MT"src/Game.o" -o "src/Game.o" "../src/Game.cpp"
../src/Game.cpp: In member function ‘void caps::Game::prompt()’:
../src/Game.cpp:54:26: error: no matching function for call to ‘caps::Game::getScore(std::__cxx11::string&)’
  score = getScore(capital);
                          ^
In file included from ../src/Game.cpp:8:0:
../src/Game.h:27:6: note: candidate: int caps::Game::getScore(std::__cxx11::string, std::__cxx11::string)
  int getScore(string, string);
      ^
../src/Game.h:27:6: note:   candidate expects 2 arguments, 1 provided
make: *** [src/Game.o] Error 1
src/subdir.mk:30: recipe for target 'src/Game.o' failed
00:33:51 **** Incremental Build of configuration Debug for project Caps ****
make all 
Building file: ../src/Game.cpp
Invoking: GCC C++ Compiler
g++ -O0 -g3 -Wall -c -fmessage-length=0 -MMD -MP -MF"src/Game.d" -MT"src/Game.o" -o "src/Game.o" "../src/Game.cpp"
../src/Game.cpp: In member function ‘void caps::Game::prompt()’:
../src/Game.cpp:46:6: warning: variable ‘score’ set but not used [-Wunused-but-set-variable]
  int score;
      ^
Finished building: ../src/Game.cpp
 
Building file: ../src/UI.cpp
Invoking: GCC C++ Compiler
g++ -O0 -g3 -Wall -c -fmessage-length=0 -MMD -MP -MF"src/UI.d" -MT"src/UI.o" -o "src/UI.o" "../src/UI.cpp"
Finished building: ../src/UI.cpp
 
Building target: Caps
Invoking: GCC C++ Linker
g++  -o "Caps"  ./src/Capitals.o ./src/Game.o ./src/UI.o ./src/User.o ./src/UserDB.o   
Finished building target: Caps
 
00:45:36 **** Incremental Build of configuration Debug for project Caps ****
make all 
Building file: ../src/Game.cpp
Invoking: GCC C++ Compiler
g++ -O0 -g3 -Wall -c -fmessage-length=0 -MMD -MP -MF"src/Game.d" -MT"src/Game.o" -o "src/Game.o" "../src/Game.cpp"
../src/Game.cpp: In member function ‘void caps::Game::prompt()’:
../src/Game.cpp:48:6: warning: variable ‘score’ set but not used [-Wunused-but-set-variable]
  int score;
      ^
../src/Game.cpp: In member function ‘int caps::Game::getScore(std::__cxx11::string, std::__cxx11::string)’:
../src/Game.cpp:70:35: error: no matching function for call to ‘std::basic_istream<char>::getline(std::__cxx11::string&, std::__cxx11::basic_string<char>::size_type)’
   cin.getline(ans,capital.length());
                                   ^
In file included from /usr/include/c++/5/fstream:38:0,
                 from ../src/Game.cpp:9:
/usr/include/c++/5/istream:647:5: note: candidate: std::basic_istream<_CharT, _Traits>& std::basic_istream<_CharT, _Traits>::getline(std::basic_istream<_CharT, _Traits>::char_type*, std::streamsize, std::basic_istream<_CharT, _Traits>::char_type) [with _CharT = char; _Traits = std::char_traits<char>; std::basic_istream<_CharT, _Traits>::char_type = char; std::streamsize = long int]
     basic_istream<char>::
     ^
/usr/include/c++/5/istream:647:5: note:   candidate expects 3 arguments, 2 provided
/usr/include/c++/5/istream:427:7: note: candidate: std::basic_istream<_CharT, _Traits>::__istream_type& std::basic_istream<_CharT, _Traits>::getline(std::basic_istream<_CharT, _Traits>::char_type*, std::streamsize) [with _CharT = char; _Traits = std::char_traits<char>; std::basic_istream<_CharT, _Traits>::__istream_type = std::basic_istream<char>; std::basic_istream<_CharT, _Traits>::char_type = char; std::streamsize = long int]
       getline(char_type* __s, streamsize __n)
       ^
/usr/include/c++/5/istream:427:7: note:   no known conversion for argument 1 from ‘std::__cxx11::string {aka std::__cxx11::basic_string<char>}’ to ‘std::basic_istream<char>::char_type* {aka char*}’
make: *** [src/Game.o] Error 1
src/subdir.mk:30: recipe for target 'src/Game.o' failed
00:51:51 **** Incremental Build of configuration Debug for project Caps ****
make all 
Building file: ../src/Game.cpp
Invoking: GCC C++ Compiler
g++ -O0 -g3 -Wall -c -fmessage-length=0 -MMD -MP -MF"src/Game.d" -MT"src/Game.o" -o "src/Game.o" "../src/Game.cpp"
../src/Game.cpp: In member function ‘void caps::Game::prompt()’:
../src/Game.cpp:48:6: warning: variable ‘score’ set but not used [-Wunused-but-set-variable]
  int score;
      ^
../src/Game.cpp: In member function ‘int caps::Game::getScore(std::__cxx11::string, std::__cxx11::string)’:
../src/Game.cpp:78:5: error: ‘hint’ was not declared in this scope
     hint = capital.substr(0,int(cap_length/3));
     ^
../src/Game.cpp:91:24: error: ‘hint’ was not declared in this scope
    cout << "Hint: " << hint << endl;
                        ^
src/subdir.mk:30: recipe for target 'src/Game.o' failed
make: *** [src/Game.o] Error 1
00:52:32 **** Incremental Build of configuration Debug for project Caps ****
make all 
Building file: ../src/Game.cpp
Invoking: GCC C++ Compiler
g++ -O0 -g3 -Wall -c -fmessage-length=0 -MMD -MP -MF"src/Game.d" -MT"src/Game.o" -o "src/Game.o" "../src/Game.cpp"
../src/Game.cpp: In member function ‘void caps::Game::prompt()’:
../src/Game.cpp:48:6: warning: variable ‘score’ set but not used [-Wunused-but-set-variable]
  int score;
      ^
Finished building: ../src/Game.cpp
 
Building target: Caps
Invoking: GCC C++ Linker
g++  -o "Caps"  ./src/Capitals.o ./src/Game.o ./src/UI.o ./src/User.o ./src/UserDB.o   
Finished building target: Caps
 
01:08:22 **** Incremental Build of configuration Debug for project Caps ****
make all 
Building file: ../src/Game.cpp
Invoking: GCC C++ Compiler
g++ -O0 -g3 -Wall -c -fmessage-length=0 -MMD -MP -MF"src/Game.d" -MT"src/Game.o" -o "src/Game.o" "../src/Game.cpp"
../src/Game.cpp: In member function ‘void caps::Game::prompt()’:
../src/Game.cpp:54:48: warning: format ‘%s’ expects argument of type ‘char*’, but argument 2 has type ‘std::__cxx11::string* {aka std::__cxx11::basic_string<char>*}’ [-Wformat=]
  printf("What is the capital of: %s?\n",country);
                                                ^
../src/Game.cpp:48:6: warning: variable ‘score’ set but not used [-Wunused-but-set-variable]
  int score;
      ^
../src/Game.cpp: In member function ‘int caps::Game::getScore(std::__cxx11::string, std::__cxx11::string)’:
../src/Game.cpp:59:38: warning: format ‘%s’ expects argument of type ‘char*’, but argument 2 has type ‘std::__cxx11::string* {aka std::__cxx11::basic_string<char>*}’ [-Wformat=]
  printf("The answer is: %s\n",capital); //TODO Remove
                                      ^
../src/Game.cpp:60:47: warning: format ‘%d’ expects argument of type ‘int’, but argument 2 has type ‘std::__cxx11::basic_string<char>::size_type {aka long unsigned int}’ [-Wformat=]
  printf("The length is: %d\n",capital.length());
                                               ^
../src/Game.cpp:71:34: warning: format ‘%s’ expects argument of type ‘char*’, but argument 2 has type ‘std::__cxx11::string* {aka std::__cxx11::basic_string<char>*}’ [-Wformat=]
   printf("User Entered %s\n", ans);
                                  ^
../src/Game.cpp:87:28: warning: format ‘%s’ expects argument of type ‘char*’, but argument 2 has type ‘std::__cxx11::string* {aka std::__cxx11::basic_string<char>*}’ [-Wformat=]
    printf("Hint: %s\n",hint);
                            ^
../src/Game.cpp:95:38: warning: format ‘%s’ expects a matching ‘char*’ argument [-Wformat=]
     printf("%s attempts remaining.\n");
                                      ^
../src/Game.cpp:97:67: warning: format ‘%s’ expects argument of type ‘char*’, but argument 2 has type ‘std::__cxx11::string* {aka std::__cxx11::basic_string<char>*}’ [-Wformat=]
     printf("Incorrect. The capital of %s is %s.\n",country,capital);
                                                                   ^
../src/Game.cpp:97:67: warning: format ‘%s’ expects argument of type ‘char*’, but argument 3 has type ‘std::__cxx11::string* {aka std::__cxx11::basic_string<char>*}’ [-Wformat=]
../src/Game.cpp:102:30: warning: format ‘%d’ expects a matching ‘int’ argument [-Wformat=]
  printf("%d points earned.\n");
                              ^
Finished building: ../src/Game.cpp
 
Building target: Caps
Invoking: GCC C++ Linker
g++  -o "Caps"  ./src/Capitals.o ./src/Game.o ./src/UI.o ./src/User.o ./src/UserDB.o   
Finished building target: Caps
 
01:10:46 **** Incremental Build of configuration Debug for project Caps ****
make all 
Building file: ../src/Game.cpp
Invoking: GCC C++ Compiler
g++ -O0 -g3 -Wall -c -fmessage-length=0 -MMD -MP -MF"src/Game.d" -MT"src/Game.o" -o "src/Game.o" "../src/Game.cpp"
../src/Game.cpp: In member function ‘void caps::Game::prompt()’:
../src/Game.cpp:54:48: warning: format ‘%s’ expects argument of type ‘char*’, but argument 2 has type ‘std::__cxx11::string* {aka std::__cxx11::basic_string<char>*}’ [-Wformat=]
  printf("What is the capital of: %s?\n",country);
                                                ^
../src/Game.cpp:48:6: warning: variable ‘score’ set but not used [-Wunused-but-set-variable]
  int score;
      ^
../src/Game.cpp: In member function ‘int caps::Game::getScore(std::__cxx11::string, std::__cxx11::string)’:
../src/Game.cpp:59:38: warning: format ‘%s’ expects argument of type ‘char*’, but argument 2 has type ‘std::__cxx11::string* {aka std::__cxx11::basic_string<char>*}’ [-Wformat=]
  printf("The answer is: %s\n",capital); //TODO Remove
                                      ^
../src/Game.cpp:60:47: warning: format ‘%d’ expects argument of type ‘int’, but argument 2 has type ‘std::__cxx11::basic_string<char>::size_type {aka long unsigned int}’ [-Wformat=]
  printf("The length is: %d\n",capital.length());
                                               ^
../src/Game.cpp:71:35: warning: format ‘%s’ expects argument of type ‘char*’, but argument 2 has type ‘std::__cxx11::string* {aka std::__cxx11::basic_string<char>*}’ [-Wformat=]
   printf("User Entered %s\n", &ans);
                                   ^
../src/Game.cpp:87:28: warning: format ‘%s’ expects argument of type ‘char*’, but argument 2 has type ‘std::__cxx11::string* {aka std::__cxx11::basic_string<char>*}’ [-Wformat=]
    printf("Hint: %s\n",hint);
                            ^
../src/Game.cpp:95:38: warning: format ‘%s’ expects a matching ‘char*’ argument [-Wformat=]
     printf("%s attempts remaining.\n");
                                      ^
../src/Game.cpp:97:67: warning: format ‘%s’ expects argument of type ‘char*’, but argument 2 has type ‘std::__cxx11::string* {aka std::__cxx11::basic_string<char>*}’ [-Wformat=]
     printf("Incorrect. The capital of %s is %s.\n",country,capital);
                                                                   ^
../src/Game.cpp:97:67: warning: format ‘%s’ expects argument of type ‘char*’, but argument 3 has type ‘std::__cxx11::string* {aka std::__cxx11::basic_string<char>*}’ [-Wformat=]
../src/Game.cpp:102:30: warning: format ‘%d’ expects a matching ‘int’ argument [-Wformat=]
  printf("%d points earned.\n");
                              ^
Finished building: ../src/Game.cpp
 
Building target: Caps
Invoking: GCC C++ Linker
g++  -o "Caps"  ./src/Capitals.o ./src/Game.o ./src/UI.o ./src/User.o ./src/UserDB.o   
Finished building target: Caps
 
01:10:50 **** Incremental Build of configuration Debug for project Caps ****
make all 
Building file: ../src/Game.cpp
Invoking: GCC C++ Compiler
g++ -O0 -g3 -Wall -c -fmessage-length=0 -MMD -MP -MF"src/Game.d" -MT"src/Game.o" -o "src/Game.o" "../src/Game.cpp"
../src/Game.cpp: In member function ‘void caps::Game::prompt()’:
../src/Game.cpp:54:48: warning: format ‘%s’ expects argument of type ‘char*’, but argument 2 has type ‘std::__cxx11::string* {aka std::__cxx11::basic_string<char>*}’ [-Wformat=]
  printf("What is the capital of: %s?\n",country);
                                                ^
../src/Game.cpp:48:6: warning: variable ‘score’ set but not used [-Wunused-but-set-variable]
  int score;
      ^
../src/Game.cpp: In member function ‘int caps::Game::getScore(std::__cxx11::string, std::__cxx11::string)’:
../src/Game.cpp:59:38: warning: format ‘%s’ expects argument of type ‘char*’, but argument 2 has type ‘std::__cxx11::string* {aka std::__cxx11::basic_string<char>*}’ [-Wformat=]
  printf("The answer is: %s\n",capital); //TODO Remove
                                      ^
../src/Game.cpp:60:47: warning: format ‘%d’ expects argument of type ‘int’, but argument 2 has type ‘std::__cxx11::basic_string<char>::size_type {aka long unsigned int}’ [-Wformat=]
  printf("The length is: %d\n",capital.length());
                                               ^
../src/Game.cpp:71:31: error: no match for ‘operator*’ (operand type is ‘std::__cxx11::string {aka std::__cxx11::basic_string<char>}’)
   printf("User Entered %s\n", *ans);
                               ^
../src/Game.cpp:87:28: warning: format ‘%s’ expects argument of type ‘char*’, but argument 2 has type ‘std::__cxx11::string* {aka std::__cxx11::basic_string<char>*}’ [-Wformat=]
    printf("Hint: %s\n",hint);
                            ^
../src/Game.cpp:95:38: warning: format ‘%s’ expects a matching ‘char*’ argument [-Wformat=]
     printf("%s attempts remaining.\n");
                                      ^
../src/Game.cpp:97:67: warning: format ‘%s’ expects argument of type ‘char*’, but argument 2 has type ‘std::__cxx11::string* {aka std::__cxx11::basic_string<char>*}’ [-Wformat=]
     printf("Incorrect. The capital of %s is %s.\n",country,capital);
                                                                   ^
../src/Game.cpp:97:67: warning: format ‘%s’ expects argument of type ‘char*’, but argument 3 has type ‘std::__cxx11::string* {aka std::__cxx11::basic_string<char>*}’ [-Wformat=]
../src/Game.cpp:102:30: warning: format ‘%d’ expects a matching ‘int’ argument [-Wformat=]
  printf("%d points earned.\n");
                              ^
src/subdir.mk:30: recipe for target 'src/Game.o' failed
make: *** [src/Game.o] Error 1
01:10:57 **** Incremental Build of configuration Debug for project Caps ****
make all 
Building file: ../src/Game.cpp
Invoking: GCC C++ Compiler
g++ -O0 -g3 -Wall -c -fmessage-length=0 -MMD -MP -MF"src/Game.d" -MT"src/Game.o" -o "src/Game.o" "../src/Game.cpp"
../src/Game.cpp: In member function ‘void caps::Game::prompt()’:
../src/Game.cpp:54:48: warning: format ‘%s’ expects argument of type ‘char*’, but argument 2 has type ‘std::__cxx11::string* {aka std::__cxx11::basic_string<char>*}’ [-Wformat=]
  printf("What is the capital of: %s?\n",country);
                                                ^
../src/Game.cpp:48:6: warning: variable ‘score’ set but not used [-Wunused-but-set-variable]
  int score;
      ^
../src/Game.cpp: In member function ‘int caps::Game::getScore(std::__cxx11::string, std::__cxx11::string)’:
../src/Game.cpp:59:38: warning: format ‘%s’ expects argument of type ‘char*’, but argument 2 has type ‘std::__cxx11::string* {aka std::__cxx11::basic_string<char>*}’ [-Wformat=]
  printf("The answer is: %s\n",capital); //TODO Remove
                                      ^
../src/Game.cpp:60:47: warning: format ‘%d’ expects argument of type ‘int’, but argument 2 has type ‘std::__cxx11::basic_string<char>::size_type {aka long unsigned int}’ [-Wformat=]
  printf("The length is: %d\n",capital.length());
                                               ^
../src/Game.cpp:71:35: warning: format ‘%s’ expects argument of type ‘char*’, but argument 2 has type ‘std::__cxx11::string* {aka std::__cxx11::basic_string<char>*}’ [-Wformat=]
   printf("User Entered %s\n", &ans);
                                   ^
../src/Game.cpp:87:28: warning: format ‘%s’ expects argument of type ‘char*’, but argument 2 has type ‘std::__cxx11::string* {aka std::__cxx11::basic_string<char>*}’ [-Wformat=]
    printf("Hint: %s\n",hint);
                            ^
../src/Game.cpp:95:38: warning: format ‘%s’ expects a matching ‘char*’ argument [-Wformat=]
     printf("%s attempts remaining.\n");
                                      ^
../src/Game.cpp:97:67: warning: format ‘%s’ expects argument of type ‘char*’, but argument 2 has type ‘std::__cxx11::string* {aka std::__cxx11::basic_string<char>*}’ [-Wformat=]
     printf("Incorrect. The capital of %s is %s.\n",country,capital);
                                                                   ^
../src/Game.cpp:97:67: warning: format ‘%s’ expects argument of type ‘char*’, but argument 3 has type ‘std::__cxx11::string* {aka std::__cxx11::basic_string<char>*}’ [-Wformat=]
../src/Game.cpp:102:30: warning: format ‘%d’ expects a matching ‘int’ argument [-Wformat=]
  printf("%d points earned.\n");
                              ^
Finished building: ../src/Game.cpp
 
Building target: Caps
Invoking: GCC C++ Linker
g++  -o "Caps"  ./src/Capitals.o ./src/Game.o ./src/UI.o ./src/User.o ./src/UserDB.o   
Finished building target: Caps
 
01:17:53 **** Incremental Build of configuration Debug for project Caps ****
make all 
Building file: ../src/Game.cpp
Invoking: GCC C++ Compiler
g++ -O0 -g3 -Wall -c -fmessage-length=0 -MMD -MP -MF"src/Game.d" -MT"src/Game.o" -o "src/Game.o" "../src/Game.cpp"
../src/Game.cpp: In member function ‘void caps::Game::prompt()’:
../src/Game.cpp:48:6: warning: variable ‘score’ set but not used [-Wunused-but-set-variable]
  int score;
      ^
Finished building: ../src/Game.cpp
 
Building target: Caps
Invoking: GCC C++ Linker
g++  -o "Caps"  ./src/Capitals.o ./src/Game.o ./src/UI.o ./src/User.o ./src/UserDB.o   
Finished building target: Caps
 
01:47:36 **** Incremental Build of configuration Debug for project Caps ****
make all 
Building file: ../src/Capitals.cpp
Invoking: GCC C++ Compiler
g++ -O0 -g3 -Wall -c -fmessage-length=0 -MMD -MP -MF"src/Capitals.d" -MT"src/Capitals.o" -o "src/Capitals.o" "../src/Capitals.cpp"
In file included from ../src/Capitals.cpp:7:0:
../src/Game.h:20:24: warning: non-static data member initializers only available with -std=c++11 or -std=gnu++11
  const int MAX_SCORE = 5;
                        ^
Finished building: ../src/Capitals.cpp
 
Building file: ../src/Game.cpp
Invoking: GCC C++ Compiler
g++ -O0 -g3 -Wall -c -fmessage-length=0 -MMD -MP -MF"src/Game.d" -MT"src/Game.o" -o "src/Game.o" "../src/Game.cpp"
In file included from ../src/Game.cpp:8:0:
../src/Game.h:20:24: warning: non-static data member initializers only available with -std=c++11 or -std=gnu++11
  const int MAX_SCORE = 5;
                        ^
../src/Game.cpp: In member function ‘void caps::Game::startGame()’:
../src/Game.cpp:29:7: error: ‘quiz’ was not declared in this scope
  quiz();
       ^
../src/Game.cpp: In member function ‘void caps::Game::questionHandler()’:
../src/Game.cpp:61:35: error: ‘getScore’ was not declared in this scope
  score = getScore(country, capital);
                                   ^
../src/Game.cpp: At global scope:
../src/Game.cpp:64:56: error: no ‘int caps::Game::resonseHandler(std::__cxx11::string, std::__cxx11::string)’ member function declared in class ‘caps::Game’
 int Game::resonseHandler(string country, string capital){
                                                        ^
src/subdir.mk:30: recipe for target 'src/Game.o' failed
make: *** [src/Game.o] Error 1
01:56:04 **** Incremental Build of configuration Debug for project Caps ****
make all 
Building file: ../src/Capitals.cpp
Invoking: GCC C++ Compiler
g++ -O0 -g3 -Wall -c -fmessage-length=0 -MMD -MP -MF"src/Capitals.d" -MT"src/Capitals.o" -o "src/Capitals.o" "../src/Capitals.cpp"
In file included from ../src/Capitals.cpp:7:0:
../src/Game.h:20:24: warning: non-static data member initializers only available with -std=c++11 or -std=gnu++11
  const int MAX_SCORE = 5;
                        ^
Finished building: ../src/Capitals.cpp
 
Building file: ../src/Game.cpp
Invoking: GCC C++ Compiler
g++ -O0 -g3 -Wall -c -fmessage-length=0 -MMD -MP -MF"src/Game.d" -MT"src/Game.o" -o "src/Game.o" "../src/Game.cpp"
In file included from ../src/Game.cpp:8:0:
../src/Game.h:20:24: warning: non-static data member initializers only available with -std=c++11 or -std=gnu++11
  const int MAX_SCORE = 5;
                        ^
../src/Game.cpp: In member function ‘void caps::Game::startGame()’:
../src/Game.cpp:29:7: error: ‘quiz’ was not declared in this scope
  quiz();
       ^
../src/Game.cpp: In function ‘void caps::roundHandler()’:
../src/Game.cpp:35:19: error: ‘questionHandler’ was not declared in this scope
   questionHandler();
                   ^
../src/Game.cpp:36:17: error: ‘answerHandler’ was not declared in this scope
   answerHandler();
                 ^
../src/Game.cpp: At global scope:
../src/Game.cpp:54:6: error: prototype for ‘void caps::Game::questionHandler()’ does not match any in class ‘caps::Game’
 void Game::questionHandler(){
      ^
In file included from ../src/Game.cpp:8:0:
../src/Game.h:28:22: error: candidate is: std::pair<std::__cxx11::basic_string<char>, std::__cxx11::basic_string<char> > caps::Game::questionHandler()
  pair<string,string> questionHandler(); //randomly selects and returns pair<country,capital> for question
                      ^
../src/Game.cpp: In member function ‘int caps::Game::answerHandler(std::pair<std::__cxx11::basic_string<char>, std::__cxx11::basic_string<char> >, bool*)’:
../src/Game.cpp:71:31: error: ‘capital’ was not declared in this scope
  cout << "The answer is: " << capital << endl; // TODO remove
                               ^
../src/Game.cpp:102:45: error: ‘country’ was not declared in this scope
     cout << "Incorrect. The capital of " << country << " is " << capital << endl;
                                             ^
make: *** [src/Game.o] Error 1
src/subdir.mk:30: recipe for target 'src/Game.o' failed
01:58:25 **** Incremental Build of configuration Debug for project Caps ****
make all 
Building file: ../src/Game.cpp
Invoking: GCC C++ Compiler
g++ -O0 -g3 -Wall -c -fmessage-length=0 -MMD -MP -MF"src/Game.d" -MT"src/Game.o" -o "src/Game.o" "../src/Game.cpp"
In file included from ../src/Game.cpp:8:0:
../src/Game.h:20:24: warning: non-static data member initializers only available with -std=c++11 or -std=gnu++11
  const int MAX_SCORE = 5;
                        ^
../src/Game.cpp: In member function ‘void caps::Game::startGame()’:
../src/Game.cpp:29:7: error: ‘quiz’ was not declared in this scope
  quiz();
       ^
../src/Game.cpp: In function ‘void caps::roundHandler()’:
../src/Game.cpp:35:19: error: ‘questionHandler’ was not declared in this scope
   questionHandler();
                   ^
../src/Game.cpp:36:17: error: ‘answerHandler’ was not declared in this scope
   answerHandler();
                 ^
../src/Game.cpp: In member function ‘std::pair<std::__cxx11::basic_string<char>, std::__cxx11::basic_string<char> > caps::Game::questionHandler()’:
../src/Game.cpp:57:6: warning: unused variable ‘score’ [-Wunused-variable]
  int score;
      ^
../src/Game.cpp: In member function ‘int caps::Game::answerHandler(std::pair<std::__cxx11::basic_string<char>, std::__cxx11::basic_string<char> >, bool*)’:
../src/Game.cpp:70:31: error: ‘capital’ was not declared in this scope
  cout << "The answer is: " << capital << endl; // TODO remove
                               ^
../src/Game.cpp:101:45: error: ‘country’ was not declared in this scope
     cout << "Incorrect. The capital of " << country << " is " << capital << endl;
                                             ^
src/subdir.mk:30: recipe for target 'src/Game.o' failed
make: *** [src/Game.o] Error 1
02:00:13 **** Incremental Build of configuration Debug for project Caps ****
make all 
Building file: ../src/Game.cpp
Invoking: GCC C++ Compiler
g++ -O0 -g3 -Wall -c -fmessage-length=0 -MMD -MP -MF"src/Game.d" -MT"src/Game.o" -o "src/Game.o" "../src/Game.cpp"
In file included from ../src/Game.cpp:8:0:
../src/Game.h:20:24: warning: non-static data member initializers only available with -std=c++11 or -std=gnu++11
  const int MAX_SCORE = 5;
                        ^
../src/Game.cpp: In member function ‘void caps::Game::startGame()’:
../src/Game.cpp:29:7: error: ‘quiz’ was not declared in this scope
  quiz();
       ^
../src/Game.cpp: In function ‘void caps::roundHandler()’:
../src/Game.cpp:35:19: error: ‘questionHandler’ was not declared in this scope
   questionHandler();
                   ^
../src/Game.cpp:36:17: error: ‘answerHandler’ was not declared in this scope
   answerHandler();
                 ^
../src/Game.cpp: In member function ‘int caps::Game::answerHandler(std::pair<std::__cxx11::basic_string<char>, std::__cxx11::basic_string<char> >, bool*)’:
../src/Game.cpp:70:31: error: ‘capital’ was not declared in this scope
  cout << "The answer is: " << capital << endl; // TODO remove
                               ^
../src/Game.cpp:101:45: error: ‘country’ was not declared in this scope
     cout << "Incorrect. The capital of " << country << " is " << capital << endl;
                                             ^
src/subdir.mk:30: recipe for target 'src/Game.o' failed
make: *** [src/Game.o] Error 1
02:01:31 **** Incremental Build of configuration Debug for project Caps ****
make all 
Building file: ../src/Game.cpp
Invoking: GCC C++ Compiler
g++ -O0 -g3 -Wall -c -fmessage-length=0 -MMD -MP -MF"src/Game.d" -MT"src/Game.o" -o "src/Game.o" "../src/Game.cpp"
In file included from ../src/Game.cpp:8:0:
../src/Game.h:20:24: warning: non-static data member initializers only available with -std=c++11 or -std=gnu++11
  const int MAX_SCORE = 5;
                        ^
../src/Game.cpp: In member function ‘void caps::Game::startGame()’:
../src/Game.cpp:29:7: error: ‘quiz’ was not declared in this scope
  quiz();
       ^
../src/Game.cpp: In function ‘void caps::roundHandler()’:
../src/Game.cpp:48:30: error: ‘questionHandler’ was not declared in this scope
   question = questionHandler();
                              ^
../src/Game.cpp:49:17: error: ‘answerHandler’ was not declared in this scope
   answerHandler();
                 ^
../src/Game.cpp: In member function ‘int caps::Game::answerHandler(std::pair<std::__cxx11::basic_string<char>, std::__cxx11::basic_string<char> >, bool*)’:
../src/Game.cpp:71:31: error: ‘capital’ was not declared in this scope
  cout << "The answer is: " << capital << endl; // TODO remove
                               ^
../src/Game.cpp:102:45: error: ‘country’ was not declared in this scope
     cout << "Incorrect. The capital of " << country << " is " << capital << endl;
                                             ^
make: *** [src/Game.o] Error 1
src/subdir.mk:30: recipe for target 'src/Game.o' failed
02:02:25 **** Incremental Build of configuration Debug for project Caps ****
make all 
Building file: ../src/Game.cpp
Invoking: GCC C++ Compiler
g++ -O0 -g3 -Wall -c -fmessage-length=0 -MMD -MP -MF"src/Game.d" -MT"src/Game.o" -o "src/Game.o" "../src/Game.cpp"
In file included from ../src/Game.cpp:8:0:
../src/Game.h:20:24: warning: non-static data member initializers only available with -std=c++11 or -std=gnu++11
  const int MAX_SCORE = 5;
                        ^
../src/Game.cpp: In member function ‘void caps::Game::roundHandler()’:
../src/Game.cpp:49:17: error: no matching function for call to ‘caps::Game::answerHandler()’
   answerHandler();
                 ^
In file included from ../src/Game.cpp:8:0:
../src/Game.h:29:6: note: candidate: int caps::Game::answerHandler(std::pair<std::__cxx11::basic_string<char>, std::__cxx11::basic_string<char> >, bool*)
  int answerHandler(pair<string,string>, bool*); //decides what to do with input
      ^
../src/Game.h:29:6: note:   candidate expects 2 arguments, 0 provided
../src/Game.cpp: In member function ‘int caps::Game::answerHandler(std::pair<std::__cxx11::basic_string<char>, std::__cxx11::basic_string<char> >, bool*)’:
../src/Game.cpp:71:31: error: ‘capital’ was not declared in this scope
  cout << "The answer is: " << capital << endl; // TODO remove
                               ^
../src/Game.cpp:102:45: error: ‘country’ was not declared in this scope
     cout << "Incorrect. The capital of " << country << " is " << capital << endl;
                                             ^
src/subdir.mk:30: recipe for target 'src/Game.o' failed
make: *** [src/Game.o] Error 1
02:03:02 **** Incremental Build of configuration Debug for project Caps ****
make all 
Building file: ../src/Game.cpp
Invoking: GCC C++ Compiler
g++ -O0 -g3 -Wall -c -fmessage-length=0 -MMD -MP -MF"src/Game.d" -MT"src/Game.o" -o "src/Game.o" "../src/Game.cpp"
In file included from ../src/Game.cpp:8:0:
../src/Game.h:20:24: warning: non-static data member initializers only available with -std=c++11 or -std=gnu++11
  const int MAX_SCORE = 5;
                        ^
../src/Game.cpp: In member function ‘int caps::Game::answerHandler(std::pair<std::__cxx11::basic_string<char>, std::__cxx11::basic_string<char> >, bool*)’:
../src/Game.cpp:71:31: error: ‘capital’ was not declared in this scope
  cout << "The answer is: " << capital << endl; // TODO remove
                               ^
../src/Game.cpp:102:45: error: ‘country’ was not declared in this scope
     cout << "Incorrect. The capital of " << country << " is " << capital << endl;
                                             ^
make: *** [src/Game.o] Error 1
src/subdir.mk:30: recipe for target 'src/Game.o' failed
02:04:28 **** Incremental Build of configuration Debug for project Caps ****
make all 
Building file: ../src/Capitals.cpp
Invoking: GCC C++ Compiler
g++ -O0 -g3 -Wall -c -fmessage-length=0 -MMD -MP -MF"src/Capitals.d" -MT"src/Capitals.o" -o "src/Capitals.o" "../src/Capitals.cpp"
Finished building: ../src/Capitals.cpp
 
Building file: ../src/Game.cpp
Invoking: GCC C++ Compiler
g++ -O0 -g3 -Wall -c -fmessage-length=0 -MMD -MP -MF"src/Game.d" -MT"src/Game.o" -o "src/Game.o" "../src/Game.cpp"
../src/Game.cpp: In member function ‘int caps::Game::answerHandler(std::pair<std::__cxx11::basic_string<char>, std::__cxx11::basic_string<char> >, bool*)’:
../src/Game.cpp:71:31: error: ‘capital’ was not declared in this scope
  cout << "The answer is: " << capital << endl; // TODO remove
                               ^
../src/Game.cpp:101:45: error: ‘country’ was not declared in this scope
     cout << "Incorrect. The capital of " << country << " is " << capital << endl;
                                             ^
src/subdir.mk:30: recipe for target 'src/Game.o' failed
make: *** [src/Game.o] Error 1
02:04:29 **** Incremental Build of configuration Debug for project Caps ****
make all 
Building file: ../src/Game.cpp
Invoking: GCC C++ Compiler
g++ -O0 -g3 -Wall -c -fmessage-length=0 -MMD -MP -MF"src/Game.d" -MT"src/Game.o" -o "src/Game.o" "../src/Game.cpp"
../src/Game.cpp: In member function ‘int caps::Game::answerHandler(std::pair<std::__cxx11::basic_string<char>, std::__cxx11::basic_string<char> >, bool*)’:
../src/Game.cpp:71:31: error: ‘capital’ was not declared in this scope
  cout << "The answer is: " << capital << endl; // TODO remove
                               ^
../src/Game.cpp:101:45: error: ‘country’ was not declared in this scope
     cout << "Incorrect. The capital of " << country << " is " << capital << endl;
                                             ^
make: *** [src/Game.o] Error 1
src/subdir.mk:30: recipe for target 'src/Game.o' failed
02:06:07 **** Incremental Build of configuration Debug for project Caps ****
make all 
Building file: ../src/Capitals.cpp
Invoking: GCC C++ Compiler
g++ -O0 -g3 -Wall -c -fmessage-length=0 -MMD -MP -MF"src/Capitals.d" -MT"src/Capitals.o" -o "src/Capitals.o" "../src/Capitals.cpp"
Finished building: ../src/Capitals.cpp
 
Building file: ../src/Game.cpp
Invoking: GCC C++ Compiler
g++ -O0 -g3 -Wall -c -fmessage-length=0 -MMD -MP -MF"src/Game.d" -MT"src/Game.o" -o "src/Game.o" "../src/Game.cpp"
Finished building: ../src/Game.cpp
 
Building file: ../src/UI.cpp
Invoking: GCC C++ Compiler
g++ -O0 -g3 -Wall -c -fmessage-length=0 -MMD -MP -MF"src/UI.d" -MT"src/UI.o" -o "src/UI.o" "../src/UI.cpp"
Finished building: ../src/UI.cpp
 
Building target: Caps
Invoking: GCC C++ Linker
g++  -o "Caps"  ./src/Capitals.o ./src/Game.o ./src/UI.o ./src/User.o ./src/UserDB.o   
Finished building target: Caps
 
02:09:43 **** Incremental Build of configuration Debug for project Caps ****
make all 
Building file: ../src/Game.cpp
Invoking: GCC C++ Compiler
g++ -O0 -g3 -Wall -c -fmessage-length=0 -MMD -MP -MF"src/Game.d" -MT"src/Game.o" -o "src/Game.o" "../src/Game.cpp"
Finished building: ../src/Game.cpp
 
Building target: Caps
Invoking: GCC C++ Linker
g++  -o "Caps"  ./src/Capitals.o ./src/Game.o ./src/UI.o ./src/User.o ./src/UserDB.o   
Finished building target: Caps
 
02:24:18 **** Incremental Build of configuration Debug for project Caps ****
make all 
Building file: ../src/Capitals.cpp
Invoking: GCC C++ Compiler
g++ -O0 -g3 -Wall -c -fmessage-length=0 -MMD -MP -MF"src/Capitals.d" -MT"src/Capitals.o" -o "src/Capitals.o" "../src/Capitals.cpp"
In file included from ../src/Game.h:10:0,
                 from ../src/Capitals.cpp:7:
../src/User.h:25:2: error: ‘vector’ does not name a type
  vector<int> score_history;
  ^
make: *** [src/Capitals.o] Error 1
src/subdir.mk:30: recipe for target 'src/Capitals.o' failed
02:29:28 **** Incremental Build of configuration Debug for project Caps ****
make all 
Building file: ../src/Capitals.cpp
Invoking: GCC C++ Compiler
g++ -O0 -g3 -Wall -c -fmessage-length=0 -MMD -MP -MF"src/Capitals.d" -MT"src/Capitals.o" -o "src/Capitals.o" "../src/Capitals.cpp"
In file included from ../src/Game.h:10:0,
                 from ../src/Capitals.cpp:7:
../src/User.h:25:2: error: ‘vector’ does not name a type
  vector<int> score_history;
  ^
In file included from ../src/Capitals.cpp:7:0:
../src/Game.h:27:2: error: ‘UI’ does not name a type
  UI ui;
  ^
../src/Game.h:28:2: error: ‘UserDB’ does not name a type
  UserDB userDB;
  ^
src/subdir.mk:30: recipe for target 'src/Capitals.o' failed
make: *** [src/Capitals.o] Error 1
02:29:51 **** Incremental Build of configuration Debug for project Caps ****
make all 
Building file: ../src/Capitals.cpp
Invoking: GCC C++ Compiler
g++ -O0 -g3 -Wall -c -fmessage-length=0 -MMD -MP -MF"src/Capitals.d" -MT"src/Capitals.o" -o "src/Capitals.o" "../src/Capitals.cpp"
In file included from ../src/Game.h:10:0,
                 from ../src/Capitals.cpp:7:
../src/User.h:25:2: error: ‘vector’ does not name a type
  vector<int> score_history;
  ^
src/subdir.mk:30: recipe for target 'src/Capitals.o' failed
make: *** [src/Capitals.o] Error 1
02:33:51 **** Incremental Build of configuration Debug for project Caps ****
make all 
Building file: ../src/Capitals.cpp
Invoking: GCC C++ Compiler
g++ -O0 -g3 -Wall -c -fmessage-length=0 -MMD -MP -MF"src/Capitals.d" -MT"src/Capitals.o" -o "src/Capitals.o" "../src/Capitals.cpp"
In file included from ../src/Game.h:10:0,
                 from ../src/Capitals.cpp:7:
../src/User.h:25:2: error: ‘vector’ does not name a type
  vector<int> score_history;
  ^
../src/Capitals.cpp: In function ‘int main()’:
../src/Capitals.cpp:15:23: error: conversion from ‘caps::Game*’ to non-scalar type ‘caps::Game’ requested
  Game game = new Game();
                       ^
In file included from ../src/Capitals.cpp:7:0:
../src/Game.h:29:5: error: ‘caps::UI caps::Game::ui’ is private
  UI ui;
     ^
../src/Capitals.cpp:16:7: error: within this context
  game.ui.welcome();
       ^
src/subdir.mk:30: recipe for target 'src/Capitals.o' failed
make: *** [src/Capitals.o] Error 1
02:34:10 **** Incremental Build of configuration Debug for project Caps ****
make all 
Building file: ../src/Capitals.cpp
Invoking: GCC C++ Compiler
g++ -O0 -g3 -Wall -c -fmessage-length=0 -MMD -MP -MF"src/Capitals.d" -MT"src/Capitals.o" -o "src/Capitals.o" "../src/Capitals.cpp"
In file included from ../src/Game.h:10:0,
                 from ../src/Capitals.cpp:7:
../src/User.h:25:2: error: ‘vector’ does not name a type
  vector<int> score_history;
  ^
../src/Capitals.cpp: In function ‘int main()’:
../src/Capitals.cpp:16:7: error: request for member ‘ui’ in ‘game’, which is of pointer type ‘caps::Game*’ (maybe you meant to use ‘->’ ?)
  game.ui.welcome();
       ^
../src/Capitals.cpp:17:7: error: request for member ‘startGame’ in ‘game’, which is of pointer type ‘caps::Game*’ (maybe you meant to use ‘->’ ?)
  game.startGame();
       ^
src/subdir.mk:30: recipe for target 'src/Capitals.o' failed
make: *** [src/Capitals.o] Error 1
02:34:21 **** Incremental Build of configuration Debug for project Caps ****
make all 
Building file: ../src/Capitals.cpp
Invoking: GCC C++ Compiler
g++ -O0 -g3 -Wall -c -fmessage-length=0 -MMD -MP -MF"src/Capitals.d" -MT"src/Capitals.o" -o "src/Capitals.o" "../src/Capitals.cpp"
In file included from ../src/Game.h:10:0,
                 from ../src/Capitals.cpp:7:
../src/User.h:25:2: error: ‘vector’ does not name a type
  vector<int> score_history;
  ^
In file included from ../src/Capitals.cpp:7:0:
../src/Game.h: In function ‘int main()’:
../src/Game.h:29:5: error: ‘caps::UI caps::Game::ui’ is private
  UI ui;
     ^
../src/Capitals.cpp:16:8: error: within this context
  game->ui.welcome();
        ^
../src/Capitals.cpp:17:7: error: request for member ‘startGame’ in ‘game’, which is of pointer type ‘caps::Game*’ (maybe you meant to use ‘->’ ?)
  game.startGame();
       ^
src/subdir.mk:30: recipe for target 'src/Capitals.o' failed
make: *** [src/Capitals.o] Error 1
02:34:32 **** Incremental Build of configuration Debug for project Caps ****
make all 
Building file: ../src/Capitals.cpp
Invoking: GCC C++ Compiler
g++ -O0 -g3 -Wall -c -fmessage-length=0 -MMD -MP -MF"src/Capitals.d" -MT"src/Capitals.o" -o "src/Capitals.o" "../src/Capitals.cpp"
In file included from ../src/Game.h:10:0,
                 from ../src/Capitals.cpp:7:
../src/User.h:25:2: error: ‘vector’ does not name a type
  vector<int> score_history;
  ^
In file included from ../src/Capitals.cpp:7:0:
../src/Game.h: In function ‘int main()’:
../src/Game.h:29:5: error: ‘caps::UI caps::Game::ui’ is private
  UI ui;
     ^
../src/Capitals.cpp:16:8: error: within this context
  game->ui->welcome();
        ^
../src/Capitals.cpp:16:10: error: base operand of ‘->’ has non-pointer type ‘caps::UI’
  game->ui->welcome();
          ^
../src/Capitals.cpp:17:7: error: request for member ‘startGame’ in ‘game’, which is of pointer type ‘caps::Game*’ (maybe you meant to use ‘->’ ?)
  game.startGame();
       ^
make: *** [src/Capitals.o] Error 1
src/subdir.mk:30: recipe for target 'src/Capitals.o' failed
02:34:48 **** Incremental Build of configuration Debug for project Caps ****
make all 
Building file: ../src/Capitals.cpp
Invoking: GCC C++ Compiler
g++ -O0 -g3 -Wall -c -fmessage-length=0 -MMD -MP -MF"src/Capitals.d" -MT"src/Capitals.o" -o "src/Capitals.o" "../src/Capitals.cpp"
In file included from ../src/Game.h:10:0,
                 from ../src/Capitals.cpp:7:
../src/User.h:25:2: error: ‘vector’ does not name a type
  vector<int> score_history;
  ^
../src/Capitals.cpp: In function ‘int main()’:
../src/Capitals.cpp:16:7: error: request for member ‘ui’ in ‘game’, which is of pointer type ‘caps::Game*’ (maybe you meant to use ‘->’ ?)
  game.ui.welcome();
       ^
../src/Capitals.cpp:17:7: error: request for member ‘startGame’ in ‘game’, which is of pointer type ‘caps::Game*’ (maybe you meant to use ‘->’ ?)
  game.startGame();
       ^
src/subdir.mk:30: recipe for target 'src/Capitals.o' failed
make: *** [src/Capitals.o] Error 1
02:35:25 **** Incremental Build of configuration Debug for project Caps ****
make all 
Building file: ../src/Capitals.cpp
Invoking: GCC C++ Compiler
g++ -O0 -g3 -Wall -c -fmessage-length=0 -MMD -MP -MF"src/Capitals.d" -MT"src/Capitals.o" -o "src/Capitals.o" "../src/Capitals.cpp"
In file included from ../src/Game.h:10:0,
                 from ../src/Capitals.cpp:7:
../src/User.h:25:2: error: ‘vector’ does not name a type
  vector<int> score_history;
  ^
In file included from ../src/Capitals.cpp:7:0:
../src/Game.h: In function ‘int main()’:
../src/Game.h:29:5: error: ‘caps::UI caps::Game::ui’ is private
  UI ui;
     ^
../src/Capitals.cpp:16:8: error: within this context
  game->ui.welcome();
        ^
../src/Capitals.cpp:17:7: error: request for member ‘startGame’ in ‘game’, which is of pointer type ‘caps::Game*’ (maybe you meant to use ‘->’ ?)
  game.startGame();
       ^
make: *** [src/Capitals.o] Error 1
src/subdir.mk:30: recipe for target 'src/Capitals.o' failed
02:36:05 **** Incremental Build of configuration Debug for project Caps ****
make all 
Building file: ../src/Capitals.cpp
Invoking: GCC C++ Compiler
g++ -O0 -g3 -Wall -c -fmessage-length=0 -MMD -MP -MF"src/Capitals.d" -MT"src/Capitals.o" -o "src/Capitals.o" "../src/Capitals.cpp"
In file included from ../src/Game.h:10:0,
                 from ../src/Capitals.cpp:7:
../src/User.h:25:2: error: ‘vector’ does not name a type
  vector<int> score_history;
  ^
../src/Capitals.cpp: In function ‘int main()’:
../src/Capitals.cpp:17:7: error: request for member ‘startGame’ in ‘game’, which is of pointer type ‘caps::Game*’ (maybe you meant to use ‘->’ ?)
  game.startGame();
       ^
src/subdir.mk:30: recipe for target 'src/Capitals.o' failed
make: *** [src/Capitals.o] Error 1
02:36:20 **** Incremental Build of configuration Debug for project Caps ****
make all 
Building file: ../src/Capitals.cpp
Invoking: GCC C++ Compiler
g++ -O0 -g3 -Wall -c -fmessage-length=0 -MMD -MP -MF"src/Capitals.d" -MT"src/Capitals.o" -o "src/Capitals.o" "../src/Capitals.cpp"
In file included from ../src/Game.h:10:0,
                 from ../src/Capitals.cpp:7:
../src/User.h:25:2: error: ‘vector’ does not name a type
  vector<int> score_history;
  ^
make: *** [src/Capitals.o] Error 1
src/subdir.mk:30: recipe for target 'src/Capitals.o' failed
02:37:10 **** Incremental Build of configuration Debug for project Caps ****
make all 
Building file: ../src/Capitals.cpp
Invoking: GCC C++ Compiler
g++ -O0 -g3 -Wall -c -fmessage-length=0 -MMD -MP -MF"src/Capitals.d" -MT"src/Capitals.o" -o "src/Capitals.o" "../src/Capitals.cpp"
In file included from ../src/Game.h:10:0,
                 from ../src/Capitals.cpp:7:
../src/User.h:25:2: error: ‘vector’ does not name a type
  vector<int> score_history;
  ^
make: *** [src/Capitals.o] Error 1
src/subdir.mk:30: recipe for target 'src/Capitals.o' failed
02:38:24 **** Incremental Build of configuration Debug for project Caps ****
make all 
Building file: ../src/Capitals.cpp
Invoking: GCC C++ Compiler
g++ -O0 -g3 -Wall -c -fmessage-length=0 -MMD -MP -MF"src/Capitals.d" -MT"src/Capitals.o" -o "src/Capitals.o" "../src/Capitals.cpp"
In file included from ../src/Game.h:10:0,
                 from ../src/Capitals.cpp:7:
../src/User.h:25:2: error: ‘vector’ does not name a type
  vector<int> score_history;
  ^
src/subdir.mk:30: recipe for target 'src/Capitals.o' failed
make: *** [src/Capitals.o] Error 1
02:42:42 **** Incremental Build of configuration Debug for project Caps ****
make all 
Building file: ../src/Capitals.cpp
Invoking: GCC C++ Compiler
g++ -O0 -g3 -Wall -c -fmessage-length=0 -MMD -MP -MF"src/Capitals.d" -MT"src/Capitals.o" -o "src/Capitals.o" "../src/Capitals.cpp"
In file included from ../src/Game.h:10:0,
                 from ../src/Capitals.cpp:7:
../src/User.h:25:2: error: ‘vector’ does not name a type
  vector<int> score_history;
  ^
In file included from ../src/Game.h:12:0,
                 from ../src/Capitals.cpp:7:
../src/UserDB.h:21:2: error: ‘map’ does not name a type
  map<string,vector < int > > user_history;
  ^
make: *** [src/Capitals.o] Error 1
src/subdir.mk:30: recipe for target 'src/Capitals.o' failed
02:42:57 **** Incremental Build of configuration Debug for project Caps ****
make all 
Building file: ../src/Capitals.cpp
Invoking: GCC C++ Compiler
g++ -O0 -g3 -Wall -c -fmessage-length=0 -MMD -MP -MF"src/Capitals.d" -MT"src/Capitals.o" -o "src/Capitals.o" "../src/Capitals.cpp"
In file included from ../src/Game.h:12:0,
                 from ../src/Capitals.cpp:7:
../src/UserDB.h:21:2: error: ‘map’ does not name a type
  map<string,vector < int > > user_history;
  ^
src/subdir.mk:30: recipe for target 'src/Capitals.o' failed
make: *** [src/Capitals.o] Error 1
02:50:49 **** Incremental Build of configuration Debug for project Caps ****
make all 
Building file: ../src/Capitals.cpp
Invoking: GCC C++ Compiler
g++ -O0 -g3 -Wall -c -fmessage-length=0 -MMD -MP -MF"src/Capitals.d" -MT"src/Capitals.o" -o "src/Capitals.o" "../src/Capitals.cpp"
In file included from ../src/Game.h:12:0,
                 from ../src/Capitals.cpp:7:
../src/UserDB.h:21:2: error: ‘map’ does not name a type
  map<string,vector < int > > user_history;
  ^
make: *** [src/Capitals.o] Error 1
src/subdir.mk:30: recipe for target 'src/Capitals.o' failed
02:51:32 **** Incremental Build of configuration Debug for project Caps ****
make all 
Building file: ../src/Capitals.cpp
Invoking: GCC C++ Compiler
g++ -O0 -g3 -Wall -c -fmessage-length=0 -MMD -MP -MF"src/Capitals.d" -MT"src/Capitals.o" -o "src/Capitals.o" "../src/Capitals.cpp"
In file included from ../src/Game.h:12:0,
                 from ../src/Capitals.cpp:7:
../src/UserDB.h:21:2: error: ‘map’ does not name a type
  map<string,vector < int > > user_history;
  ^
src/subdir.mk:30: recipe for target 'src/Capitals.o' failed
make: *** [src/Capitals.o] Error 1
02:51:55 **** Incremental Build of configuration Debug for project Caps ****
make all 
Building file: ../src/Capitals.cpp
Invoking: GCC C++ Compiler
g++ -O0 -g3 -Wall -c -fmessage-length=0 -MMD -MP -MF"src/Capitals.d" -MT"src/Capitals.o" -o "src/Capitals.o" "../src/Capitals.cpp"
In file included from ../src/Game.h:12:0,
                 from ../src/Capitals.cpp:7:
../src/UserDB.h:21:2: error: ‘map’ does not name a type
  map<string,vector < int > > user_history;
  ^
make: *** [src/Capitals.o] Error 1
src/subdir.mk:30: recipe for target 'src/Capitals.o' failed
02:52:16 **** Incremental Build of configuration Debug for project Caps ****
make all 
Building file: ../src/Capitals.cpp
Invoking: GCC C++ Compiler
g++ -O0 -g3 -Wall -c -fmessage-length=0 -MMD -MP -MF"src/Capitals.d" -MT"src/Capitals.o" -o "src/Capitals.o" "../src/Capitals.cpp"
In file included from ../src/Game.h:12:0,
                 from ../src/Capitals.cpp:7:
../src/UserDB.h:21:2: error: ‘map’ does not name a type
  map<string,vector < int > > user_history;
  ^
make: *** [src/Capitals.o] Error 1
src/subdir.mk:30: recipe for target 'src/Capitals.o' failed
02:52:36 **** Incremental Build of configuration Debug for project Caps ****
make all 
Building file: ../src/Capitals.cpp
Invoking: GCC C++ Compiler
g++ -O0 -g3 -Wall -c -fmessage-length=0 -MMD -MP -MF"src/Capitals.d" -MT"src/Capitals.o" -o "src/Capitals.o" "../src/Capitals.cpp"
In file included from ../src/Game.h:12:0,
                 from ../src/Capitals.cpp:7:
../src/UserDB.h:21:2: error: ‘map’ does not name a type
  map<string,vector < int > > user_history;
  ^
src/subdir.mk:30: recipe for target 'src/Capitals.o' failed
make: *** [src/Capitals.o] Error 1
02:53:04 **** Incremental Build of configuration Debug for project Caps ****
make all 
Building file: ../src/Capitals.cpp
Invoking: GCC C++ Compiler
g++ -O0 -g3 -Wall -c -fmessage-length=0 -MMD -MP -MF"src/Capitals.d" -MT"src/Capitals.o" -o "src/Capitals.o" "../src/Capitals.cpp"
In file included from ../src/Game.h:12:0,
                 from ../src/Capitals.cpp:7:
../src/UserDB.h:21:2: error: ‘map’ does not name a type
  map<string,vector < int > > user_history;
  ^
src/subdir.mk:30: recipe for target 'src/Capitals.o' failed
make: *** [src/Capitals.o] Error 1
02:53:12 **** Incremental Build of configuration Debug for project Caps ****
make all 
Building file: ../src/Capitals.cpp
Invoking: GCC C++ Compiler
g++ -O0 -g3 -Wall -c -fmessage-length=0 -MMD -MP -MF"src/Capitals.d" -MT"src/Capitals.o" -o "src/Capitals.o" "../src/Capitals.cpp"
In file included from ../src/Game.h:12:0,
                 from ../src/Capitals.cpp:7:
../src/UserDB.h:21:2: error: ‘map’ does not name a type
  map<string,vector < int > > user_history;
  ^
src/subdir.mk:30: recipe for target 'src/Capitals.o' failed
make: *** [src/Capitals.o] Error 1
02:53:27 **** Incremental Build of configuration Debug for project Caps ****
make all 
Building file: ../src/Capitals.cpp
Invoking: GCC C++ Compiler
g++ -O0 -g3 -Wall -c -fmessage-length=0 -MMD -MP -MF"src/Capitals.d" -MT"src/Capitals.o" -o "src/Capitals.o" "../src/Capitals.cpp"
In file included from ../src/Game.h:12:0,
                 from ../src/Capitals.cpp:7:
../src/UserDB.h:21:2: error: ‘map’ does not name a type
  map<string,vector < int > > user_history;
  ^
make: *** [src/Capitals.o] Error 1
src/subdir.mk:30: recipe for target 'src/Capitals.o' failed
03:06:57 **** Incremental Build of configuration Debug for project Caps ****
make all 
Building file: ../src/Capitals.cpp
Invoking: GCC C++ Compiler
g++ -O0 -g3 -Wall -c -fmessage-length=0 -MMD -MP -MF"src/Capitals.d" -MT"src/Capitals.o" -o "src/Capitals.o" "../src/Capitals.cpp"
Finished building: ../src/Capitals.cpp
 
Building file: ../src/Game.cpp
Invoking: GCC C++ Compiler
g++ -O0 -g3 -Wall -c -fmessage-length=0 -MMD -MP -MF"src/Game.d" -MT"src/Game.o" -o "src/Game.o" "../src/Game.cpp"
../src/Game.cpp: In constructor ‘caps::Game::Game()’:
../src/Game.cpp:18:12: error: no matching function for call to ‘caps::User::User()’
 Game::Game() {
            ^
In file included from ../src/Game.h:10:0,
                 from ../src/Game.cpp:8:
../src/User.h:18:2: note: candidate: caps::User::User(std::__cxx11::string)
  User(string name);
  ^
../src/User.h:18:2: note:   candidate expects 1 argument, 0 provided
../src/User.h:16:7: note: candidate: caps::User::User(const caps::User&)
 class User {
       ^
../src/User.h:16:7: note:   candidate expects 1 argument, 0 provided
../src/Game.cpp:19:5: error: no match for ‘operator=’ (operand types are ‘caps::UI’ and ‘caps::UI*’)
  ui = new UI();
     ^
In file included from ../src/Game.h:11:0,
                 from ../src/Game.cpp:8:
../src/UI.h:13:7: note: candidate: caps::UI& caps::UI::operator=(const caps::UI&)
 class UI {
       ^
../src/UI.h:13:7: note:   no known conversion for argument 1 from ‘caps::UI*’ to ‘const caps::UI&’
../src/Game.cpp:20:15: error: expected type-specifier before ‘userDB’
  userDB = new userDB();
               ^
src/subdir.mk:30: recipe for target 'src/Game.o' failed
make: *** [src/Game.o] Error 1
03:11:01 **** Incremental Build of configuration Debug for project Caps ****
make all 
Building file: ../src/Capitals.cpp
Invoking: GCC C++ Compiler
g++ -O0 -g3 -Wall -c -fmessage-length=0 -MMD -MP -MF"src/Capitals.d" -MT"src/Capitals.o" -o "src/Capitals.o" "../src/Capitals.cpp"
In file included from ../src/Game.h:12:0,
                 from ../src/Capitals.cpp:7:
../src/UserDB.h:21:25: error: type/value mismatch at argument 1 in template parameter list for ‘template<class _Tp, class _Alloc> class std::vector’
  vector<caps::User::User> all_users;
                         ^
../src/UserDB.h:21:25: note:   expected a type, got ‘caps::User::User’
../src/UserDB.h:21:25: error: template argument 2 is invalid
src/subdir.mk:30: recipe for target 'src/Capitals.o' failed
make: *** [src/Capitals.o] Error 1
03:11:35 **** Incremental Build of configuration Debug for project Caps ****
make all 
Building file: ../src/Capitals.cpp
Invoking: GCC C++ Compiler
g++ -O0 -g3 -Wall -c -fmessage-length=0 -MMD -MP -MF"src/Capitals.d" -MT"src/Capitals.o" -o "src/Capitals.o" "../src/Capitals.cpp"
In file included from ../src/Game.h:12:0,
                 from ../src/Capitals.cpp:7:
../src/UserDB.h:21:25: error: type/value mismatch at argument 1 in template parameter list for ‘template<class _Tp, class _Alloc> class std::vector’
  vector<caps::User::User> all_users;
                         ^
../src/UserDB.h:21:25: note:   expected a type, got ‘caps::User::User’
../src/UserDB.h:21:25: error: template argument 2 is invalid
src/subdir.mk:30: recipe for target 'src/Capitals.o' failed
make: *** [src/Capitals.o] Error 1
03:20:18 **** Incremental Build of configuration Debug for project Caps ****
make all 
Building file: ../src/Capitals.cpp
Invoking: GCC C++ Compiler
g++ -O0 -g3 -Wall -c -fmessage-length=0 -MMD -MP -MF"src/Capitals.d" -MT"src/Capitals.o" -o "src/Capitals.o" "../src/Capitals.cpp"
In file included from ../src/Game.h:12:0,
                 from ../src/Capitals.cpp:7:
../src/UserDB.h:21:25: error: type/value mismatch at argument 1 in template parameter list for ‘template<class _Tp, class _Alloc> class std::vector’
  vector<caps::User::User> all_users;
                         ^
../src/UserDB.h:21:25: note:   expected a type, got ‘caps::User::User’
../src/UserDB.h:21:25: error: template argument 2 is invalid
src/subdir.mk:30: recipe for target 'src/Capitals.o' failed
make: *** [src/Capitals.o] Error 1
03:21:56 **** Incremental Build of configuration Debug for project Caps ****
make all 
Building file: ../src/Capitals.cpp
Invoking: GCC C++ Compiler
g++ -O0 -g3 -Wall -c -fmessage-length=0 -MMD -MP -MF"src/Capitals.d" -MT"src/Capitals.o" -o "src/Capitals.o" "../src/Capitals.cpp"
Finished building: ../src/Capitals.cpp
 
Building file: ../src/Game.cpp
Invoking: GCC C++ Compiler
g++ -O0 -g3 -Wall -c -fmessage-length=0 -MMD -MP -MF"src/Game.d" -MT"src/Game.o" -o "src/Game.o" "../src/Game.cpp"
../src/Game.cpp: In constructor ‘caps::Game::Game()’:
../src/Game.cpp:19:5: error: no match for ‘operator=’ (operand types are ‘caps::UI’ and ‘caps::UI*’)
  ui = new UI();
     ^
In file included from ../src/Game.h:11:0,
                 from ../src/Game.cpp:8:
../src/UI.h:13:7: note: candidate: caps::UI& caps::UI::operator=(const caps::UI&)
 class UI {
       ^
../src/UI.h:13:7: note:   no known conversion for argument 1 from ‘caps::UI*’ to ‘const caps::UI&’
../src/Game.cpp:20:15: error: expected type-specifier before ‘userDB’
  userDB = new userDB();
               ^
src/subdir.mk:30: recipe for target 'src/Game.o' failed
make: *** [src/Game.o] Error 1
03:22:55 **** Incremental Build of configuration Debug for project Caps ****
make all 
Building file: ../src/Game.cpp
Invoking: GCC C++ Compiler
g++ -O0 -g3 -Wall -c -fmessage-length=0 -MMD -MP -MF"src/Game.d" -MT"src/Game.o" -o "src/Game.o" "../src/Game.cpp"
../src/Game.cpp: In constructor ‘caps::Game::Game()’:
../src/Game.cpp:19:5: error: no match for ‘operator=’ (operand types are ‘caps::UI’ and ‘caps::UI*’)
  ui = new UI();
     ^
In file included from ../src/Game.h:11:0,
                 from ../src/Game.cpp:8:
../src/UI.h:13:7: note: candidate: caps::UI& caps::UI::operator=(const caps::UI&)
 class UI {
       ^
../src/UI.h:13:7: note:   no known conversion for argument 1 from ‘caps::UI*’ to ‘const caps::UI&’
../src/Game.cpp:20:15: error: expected type-specifier before ‘userDB’
  userDB = new userDB();
               ^
src/subdir.mk:30: recipe for target 'src/Game.o' failed
make: *** [src/Game.o] Error 1
03:23:21 **** Incremental Build of configuration Debug for project Caps ****
make all 
Building file: ../src/Game.cpp
Invoking: GCC C++ Compiler
g++ -O0 -g3 -Wall -c -fmessage-length=0 -MMD -MP -MF"src/Game.d" -MT"src/Game.o" -o "src/Game.o" "../src/Game.cpp"
../src/Game.cpp: In constructor ‘caps::Game::Game()’:
../src/Game.cpp:19:5: error: no match for ‘operator=’ (operand types are ‘caps::UI’ and ‘caps::UI*’)
  ui = new UI();
     ^
In file included from ../src/Game.h:11:0,
                 from ../src/Game.cpp:8:
../src/UI.h:13:7: note: candidate: caps::UI& caps::UI::operator=(const caps::UI&)
 class UI {
       ^
../src/UI.h:13:7: note:   no known conversion for argument 1 from ‘caps::UI*’ to ‘const caps::UI&’
../src/Game.cpp:20:15: error: expected type-specifier before ‘userDB’
  userDB = new userDB();
               ^
src/subdir.mk:30: recipe for target 'src/Game.o' failed
make: *** [src/Game.o] Error 1
03:28:00 **** Incremental Build of configuration Debug for project Caps ****
make all 
Building file: ../src/Game.cpp
Invoking: GCC C++ Compiler
g++ -O0 -g3 -Wall -c -fmessage-length=0 -MMD -MP -MF"src/Game.d" -MT"src/Game.o" -o "src/Game.o" "../src/Game.cpp"
../src/Game.cpp: In constructor ‘caps::Game::Game()’:
../src/Game.cpp:19:5: error: no match for ‘operator=’ (operand types are ‘caps::UI’ and ‘caps::UI*’)
  ui = new UI();
     ^
In file included from ../src/Game.h:11:0,
                 from ../src/Game.cpp:8:
../src/UI.h:13:7: note: candidate: caps::UI& caps::UI::operator=(const caps::UI&)
 class UI {
       ^
../src/UI.h:13:7: note:   no known conversion for argument 1 from ‘caps::UI*’ to ‘const caps::UI&’
../src/Game.cpp:20:15: error: expected type-specifier before ‘userDB’
  userDB = new userDB();
               ^
src/subdir.mk:30: recipe for target 'src/Game.o' failed
make: *** [src/Game.o] Error 1
03:28:19 **** Incremental Build of configuration Debug for project Caps ****
make all 
Building file: ../src/Game.cpp
Invoking: GCC C++ Compiler
g++ -O0 -g3 -Wall -c -fmessage-length=0 -MMD -MP -MF"src/Game.d" -MT"src/Game.o" -o "src/Game.o" "../src/Game.cpp"
../src/Game.cpp: In constructor ‘caps::Game::Game()’:
../src/Game.cpp:19:5: error: no match for ‘operator=’ (operand types are ‘caps::UI’ and ‘caps::UI*’)
  ui = new UI();
     ^
In file included from ../src/Game.h:11:0,
                 from ../src/Game.cpp:8:
../src/UI.h:13:7: note: candidate: caps::UI& caps::UI::operator=(const caps::UI&)
 class UI {
       ^
../src/UI.h:13:7: note:   no known conversion for argument 1 from ‘caps::UI*’ to ‘const caps::UI&’
../src/Game.cpp:20:15: error: expected type-specifier before ‘userDB’
  userDB = new userDB();
               ^
src/subdir.mk:30: recipe for target 'src/Game.o' failed
make: *** [src/Game.o] Error 1
03:28:56 **** Incremental Build of configuration Debug for project Caps ****
make all 
Building file: ../src/Capitals.cpp
Invoking: GCC C++ Compiler
g++ -O0 -g3 -Wall -c -fmessage-length=0 -MMD -MP -MF"src/Capitals.d" -MT"src/Capitals.o" -o "src/Capitals.o" "../src/Capitals.cpp"
Finished building: ../src/Capitals.cpp
 
Building file: ../src/Game.cpp
Invoking: GCC C++ Compiler
g++ -O0 -g3 -Wall -c -fmessage-length=0 -MMD -MP -MF"src/Game.d" -MT"src/Game.o" -o "src/Game.o" "../src/Game.cpp"
../src/Game.cpp: In constructor ‘caps::Game::Game()’:
../src/Game.cpp:19:5: error: no match for ‘operator=’ (operand types are ‘caps::UI’ and ‘caps::UI*’)
  ui = new UI();
     ^
In file included from ../src/Game.h:11:0,
                 from ../src/Game.cpp:8:
../src/UI.h:13:7: note: candidate: caps::UI& caps::UI::operator=(const caps::UI&)
 class UI {
       ^
../src/UI.h:13:7: note:   no known conversion for argument 1 from ‘caps::UI*’ to ‘const caps::UI&’
../src/Game.cpp:20:15: error: expected type-specifier before ‘userDB’
  userDB = new userDB();
               ^
src/subdir.mk:30: recipe for target 'src/Game.o' failed
make: *** [src/Game.o] Error 1
03:31:26 **** Incremental Build of configuration Debug for project Caps ****
make all 
Building file: ../src/Capitals.cpp
Invoking: GCC C++ Compiler
g++ -O0 -g3 -Wall -c -fmessage-length=0 -MMD -MP -MF"src/Capitals.d" -MT"src/Capitals.o" -o "src/Capitals.o" "../src/Capitals.cpp"
Finished building: ../src/Capitals.cpp
 
Building file: ../src/Game.cpp
Invoking: GCC C++ Compiler
g++ -O0 -g3 -Wall -c -fmessage-length=0 -MMD -MP -MF"src/Game.d" -MT"src/Game.o" -o "src/Game.o" "../src/Game.cpp"
../src/Game.cpp: In constructor ‘caps::Game::Game()’:
../src/Game.cpp:19:5: error: no match for ‘operator=’ (operand types are ‘caps::UI’ and ‘caps::UI*’)
  ui = new UI();
     ^
In file included from ../src/Game.h:11:0,
                 from ../src/Game.cpp:8:
../src/UI.h:13:7: note: candidate: caps::UI& caps::UI::operator=(const caps::UI&)
 class UI {
       ^
../src/UI.h:13:7: note:   no known conversion for argument 1 from ‘caps::UI*’ to ‘const caps::UI&’
../src/Game.cpp:20:15: error: expected type-specifier before ‘userDB’
  userDB = new userDB();
               ^
make: *** [src/Game.o] Error 1
src/subdir.mk:30: recipe for target 'src/Game.o' failed
03:37:48 **** Incremental Build of configuration Debug for project Caps ****
make all 
Building file: ../src/Capitals.cpp
Invoking: GCC C++ Compiler
g++ -O0 -g3 -Wall -c -fmessage-length=0 -MMD -MP -MF"src/Capitals.d" -MT"src/Capitals.o" -o "src/Capitals.o" "../src/Capitals.cpp"
Finished building: ../src/Capitals.cpp
 
Building file: ../src/Game.cpp
Invoking: GCC C++ Compiler
g++ -O0 -g3 -Wall -c -fmessage-length=0 -MMD -MP -MF"src/Game.d" -MT"src/Game.o" -o "src/Game.o" "../src/Game.cpp"
../src/Game.cpp: In constructor ‘caps::Game::Game()’:
../src/Game.cpp:20:15: error: expected type-specifier before ‘userDB’
  userDB = new userDB();
               ^
../src/Game.cpp: In member function ‘void caps::Game::startGame()’:
../src/Game.cpp:31:9: error: request for member ‘loadAllUserData’ in ‘((caps::Game*)this)->caps::Game::userDB’, which is of pointer type ‘caps::UserDB*’ (maybe you meant to use ‘->’ ?)
  userDB.loadAllUserData();
         ^
../src/Game.cpp:32:5: error: request for member ‘welcome’ in ‘((caps::Game*)this)->caps::Game::ui’, which is of pointer type ‘caps::UI*’ (maybe you meant to use ‘->’ ?)
  ui.welcome();
     ^
../src/Game.cpp: In member function ‘void caps::Game::roundHandler()’:
../src/Game.cpp:53:5: error: request for member ‘beginRound’ in ‘((caps::Game*)this)->caps::Game::ui’, which is of pointer type ‘caps::UI*’ (maybe you meant to use ‘->’ ?)
  ui.beginRound();
     ^
src/subdir.mk:30: recipe for target 'src/Game.o' failed
make: *** [src/Game.o] Error 1
03:37:57 **** Incremental Build of configuration Debug for project Caps ****
make all 
Building file: ../src/Game.cpp
Invoking: GCC C++ Compiler
g++ -O0 -g3 -Wall -c -fmessage-length=0 -MMD -MP -MF"src/Game.d" -MT"src/Game.o" -o "src/Game.o" "../src/Game.cpp"
../src/Game.cpp: In constructor ‘caps::Game::Game()’:
../src/Game.cpp:20:15: error: expected type-specifier before ‘userDB’
  userDB = new userDB();
               ^
../src/Game.cpp: In member function ‘void caps::Game::startGame()’:
../src/Game.cpp:31:9: error: request for member ‘loadAllUserData’ in ‘((caps::Game*)this)->caps::Game::userDB’, which is of pointer type ‘caps::UserDB*’ (maybe you meant to use ‘->’ ?)
  userDB.loadAllUserData();
         ^
../src/Game.cpp:32:5: error: request for member ‘welcome’ in ‘((caps::Game*)this)->caps::Game::ui’, which is of pointer type ‘caps::UI*’ (maybe you meant to use ‘->’ ?)
  ui.welcome();
     ^
../src/Game.cpp: In member function ‘void caps::Game::roundHandler()’:
../src/Game.cpp:53:5: error: request for member ‘beginRound’ in ‘((caps::Game*)this)->caps::Game::ui’, which is of pointer type ‘caps::UI*’ (maybe you meant to use ‘->’ ?)
  ui.beginRound();
     ^
src/subdir.mk:30: recipe for target 'src/Game.o' failed
make: *** [src/Game.o] Error 1
03:38:43 **** Incremental Build of configuration Debug for project Caps ****
make all 
Building file: ../src/Game.cpp
Invoking: GCC C++ Compiler
g++ -O0 -g3 -Wall -c -fmessage-length=0 -MMD -MP -MF"src/Game.d" -MT"src/Game.o" -o "src/Game.o" "../src/Game.cpp"
../src/Game.cpp: In member function ‘void caps::Game::startGame()’:
../src/Game.cpp:31:9: error: request for member ‘loadAllUserData’ in ‘((caps::Game*)this)->caps::Game::userDB’, which is of pointer type ‘caps::UserDB*’ (maybe you meant to use ‘->’ ?)
  userDB.loadAllUserData();
         ^
../src/Game.cpp:32:5: error: request for member ‘welcome’ in ‘((caps::Game*)this)->caps::Game::ui’, which is of pointer type ‘caps::UI*’ (maybe you meant to use ‘->’ ?)
  ui.welcome();
     ^
../src/Game.cpp: In member function ‘void caps::Game::roundHandler()’:
../src/Game.cpp:53:5: error: request for member ‘beginRound’ in ‘((caps::Game*)this)->caps::Game::ui’, which is of pointer type ‘caps::UI*’ (maybe you meant to use ‘->’ ?)
  ui.beginRound();
     ^
src/subdir.mk:30: recipe for target 'src/Game.o' failed
make: *** [src/Game.o] Error 1
03:39:51 **** Incremental Build of configuration Debug for project Caps ****
make all 
Building file: ../src/Capitals.cpp
Invoking: GCC C++ Compiler
g++ -O0 -g3 -Wall -c -fmessage-length=0 -MMD -MP -MF"src/Capitals.d" -MT"src/Capitals.o" -o "src/Capitals.o" "../src/Capitals.cpp"
Finished building: ../src/Capitals.cpp
 
Building file: ../src/Game.cpp
Invoking: GCC C++ Compiler
g++ -O0 -g3 -Wall -c -fmessage-length=0 -MMD -MP -MF"src/Game.d" -MT"src/Game.o" -o "src/Game.o" "../src/Game.cpp"
../src/Game.cpp: In constructor ‘caps::Game::Game()’:
../src/Game.cpp:19:7: error: request for member ‘ui’ in ‘(caps::Game*)this’, which is of pointer type ‘caps::Game*’ (maybe you meant to use ‘->’ ?)
  this.ui = new UI();
       ^
../src/Game.cpp:20:15: error: no match for ‘operator=’ (operand types are ‘caps::UserDB’ and ‘caps::UserDB*’)
  this->userDB = new UserDB();
               ^
In file included from ../src/Game.h:12:0,
                 from ../src/Game.cpp:8:
../src/UserDB.h:15:7: note: candidate: caps::UserDB& caps::UserDB::operator=(const caps::UserDB&)
 class UserDB {
       ^
../src/UserDB.h:15:7: note:   no known conversion for argument 1 from ‘caps::UserDB*’ to ‘const caps::UserDB&’
../src/Game.cpp: In member function ‘void caps::Game::startGame()’:
../src/Game.cpp:31:8: error: base operand of ‘->’ has non-pointer type ‘caps::UserDB’
  userDB->loadAllUserData();
        ^
src/subdir.mk:30: recipe for target 'src/Game.o' failed
make: *** [src/Game.o] Error 1
03:40:08 **** Incremental Build of configuration Debug for project Caps ****
make all 
Building file: ../src/Capitals.cpp
Invoking: GCC C++ Compiler
g++ -O0 -g3 -Wall -c -fmessage-length=0 -MMD -MP -MF"src/Capitals.d" -MT"src/Capitals.o" -o "src/Capitals.o" "../src/Capitals.cpp"
Finished building: ../src/Capitals.cpp
 
Building file: ../src/Game.cpp
Invoking: GCC C++ Compiler
g++ -O0 -g3 -Wall -c -fmessage-length=0 -MMD -MP -MF"src/Game.d" -MT"src/Game.o" -o "src/Game.o" "../src/Game.cpp"
../src/Game.cpp: In constructor ‘caps::Game::Game()’:
../src/Game.cpp:19:7: error: request for member ‘ui’ in ‘(caps::Game*)this’, which is of pointer type ‘caps::Game*’ (maybe you meant to use ‘->’ ?)
  this.ui = new UI();
       ^
../src/Game.cpp: In member function ‘void caps::Game::startGame()’:
../src/Game.cpp:32:5: error: request for member ‘welcome’ in ‘((caps::Game*)this)->caps::Game::ui’, which is of pointer type ‘caps::UI*’ (maybe you meant to use ‘->’ ?)
  ui.welcome();
     ^
../src/Game.cpp: In member function ‘void caps::Game::roundHandler()’:
../src/Game.cpp:53:5: error: request for member ‘beginRound’ in ‘((caps::Game*)this)->caps::Game::ui’, which is of pointer type ‘caps::UI*’ (maybe you meant to use ‘->’ ?)
  ui.beginRound();
     ^
src/subdir.mk:30: recipe for target 'src/Game.o' failed
make: *** [src/Game.o] Error 1
03:40:18 **** Incremental Build of configuration Debug for project Caps ****
make all 
Building file: ../src/Game.cpp
Invoking: GCC C++ Compiler
g++ -O0 -g3 -Wall -c -fmessage-length=0 -MMD -MP -MF"src/Game.d" -MT"src/Game.o" -o "src/Game.o" "../src/Game.cpp"
../src/Game.cpp: In member function ‘void caps::Game::startGame()’:
../src/Game.cpp:32:5: error: request for member ‘welcome’ in ‘((caps::Game*)this)->caps::Game::ui’, which is of pointer type ‘caps::UI*’ (maybe you meant to use ‘->’ ?)
  ui.welcome();
     ^
../src/Game.cpp: In member function ‘void caps::Game::roundHandler()’:
../src/Game.cpp:53:5: error: request for member ‘beginRound’ in ‘((caps::Game*)this)->caps::Game::ui’, which is of pointer type ‘caps::UI*’ (maybe you meant to use ‘->’ ?)
  ui.beginRound();
     ^
make: *** [src/Game.o] Error 1
src/subdir.mk:30: recipe for target 'src/Game.o' failed
03:40:27 **** Incremental Build of configuration Debug for project Caps ****
make all 
Building file: ../src/Game.cpp
Invoking: GCC C++ Compiler
g++ -O0 -g3 -Wall -c -fmessage-length=0 -MMD -MP -MF"src/Game.d" -MT"src/Game.o" -o "src/Game.o" "../src/Game.cpp"
../src/Game.cpp: In member function ‘void caps::Game::roundHandler()’:
../src/Game.cpp:53:5: error: request for member ‘beginRound’ in ‘((caps::Game*)this)->caps::Game::ui’, which is of pointer type ‘caps::UI*’ (maybe you meant to use ‘->’ ?)
  ui.beginRound();
     ^
src/subdir.mk:30: recipe for target 'src/Game.o' failed
make: *** [src/Game.o] Error 1
03:40:33 **** Incremental Build of configuration Debug for project Caps ****
make all 
Building file: ../src/Game.cpp
Invoking: GCC C++ Compiler
g++ -O0 -g3 -Wall -c -fmessage-length=0 -MMD -MP -MF"src/Game.d" -MT"src/Game.o" -o "src/Game.o" "../src/Game.cpp"
Finished building: ../src/Game.cpp
 
Building file: ../src/UI.cpp
Invoking: GCC C++ Compiler
g++ -O0 -g3 -Wall -c -fmessage-length=0 -MMD -MP -MF"src/UI.d" -MT"src/UI.o" -o "src/UI.o" "../src/UI.cpp"
../src/UI.cpp: In function ‘void caps::beginRound()’:
../src/UI.cpp:65:25: error: ‘MAX_TIME’ was not declared in this scope
  cout << "You have " << MAX_TIME << " minutes to complete as many questions as you can." << endl;
                         ^
../src/UI.cpp:66:39: error: ‘MAX_SCORE’ was not declared in this scope
  cout << "Each question is worth " << MAX_SCORE << " points and you will have " << MAX_SCORE << " attempts per question." << endl;
                                       ^
../src/UI.cpp: In member function ‘void caps::UI::afterRoundMenu(int)’:
../src/UI.cpp:77:6: warning: unused variable ‘response’ [-Wunused-variable]
  int response;
      ^
src/subdir.mk:30: recipe for target 'src/UI.o' failed
make: *** [src/UI.o] Error 1
03:42:47 **** Incremental Build of configuration Debug for project Caps ****
make all 
Building file: ../src/Capitals.cpp
Invoking: GCC C++ Compiler
g++ -O0 -g3 -Wall -c -fmessage-length=0 -MMD -MP -MF"src/Capitals.d" -MT"src/Capitals.o" -o "src/Capitals.o" "../src/Capitals.cpp"
In file included from ../src/Game.h:11:0,
                 from ../src/Capitals.cpp:7:
../src/UI.h:17:15: error: ‘UserDB’ has not been declared
  void welcome(UserDB);
               ^
make: *** [src/Capitals.o] Error 1
src/subdir.mk:30: recipe for target 'src/Capitals.o' failed
03:43:32 **** Incremental Build of configuration Debug for project Caps ****
make all 
Building file: ../src/Capitals.cpp
Invoking: GCC C++ Compiler
g++ -O0 -g3 -Wall -c -fmessage-length=0 -MMD -MP -MF"src/Capitals.d" -MT"src/Capitals.o" -o "src/Capitals.o" "../src/Capitals.cpp"
In file included from ../src/Game.h:11:0,
                 from ../src/Capitals.cpp:7:
../src/UI.h:17:15: error: ‘UserDB’ has not been declared
  void welcome(UserDB);
               ^
make: *** [src/Capitals.o] Error 1
src/subdir.mk:30: recipe for target 'src/Capitals.o' failed
03:43:33 **** Incremental Build of configuration Debug for project Caps ****
make all 
Building file: ../src/Capitals.cpp
Invoking: GCC C++ Compiler
g++ -O0 -g3 -Wall -c -fmessage-length=0 -MMD -MP -MF"src/Capitals.d" -MT"src/Capitals.o" -o "src/Capitals.o" "../src/Capitals.cpp"
In file included from ../src/Game.h:11:0,
                 from ../src/Capitals.cpp:7:
../src/UI.h:17:15: error: ‘UserDB’ has not been declared
  void welcome(UserDB);
               ^
make: *** [src/Capitals.o] Error 1
src/subdir.mk:30: recipe for target 'src/Capitals.o' failed
03:43:51 **** Incremental Build of configuration Debug for project Caps ****
make all 
Building file: ../src/Capitals.cpp
Invoking: GCC C++ Compiler
g++ -O0 -g3 -Wall -c -fmessage-length=0 -MMD -MP -MF"src/Capitals.d" -MT"src/Capitals.o" -o "src/Capitals.o" "../src/Capitals.cpp"
Finished building: ../src/Capitals.cpp
 
Building file: ../src/Game.cpp
Invoking: GCC C++ Compiler
g++ -O0 -g3 -Wall -c -fmessage-length=0 -MMD -MP -MF"src/Game.d" -MT"src/Game.o" -o "src/Game.o" "../src/Game.cpp"
../src/Game.cpp: In member function ‘void caps::Game::startGame()’:
../src/Game.cpp:32:20: error: no matching function for call to ‘caps::UI::welcome(caps::UserDB*&)’
  ui->welcome(userDB);
                    ^
In file included from ../src/Game.h:11:0,
                 from ../src/Game.cpp:8:
../src/UI.h:17:7: note: candidate: void caps::UI::welcome(caps::UserDB)
  void welcome(UserDB);
       ^
../src/UI.h:17:7: note:   no known conversion for argument 1 from ‘caps::UserDB*’ to ‘caps::UserDB’
src/subdir.mk:30: recipe for target 'src/Game.o' failed
make: *** [src/Game.o] Error 1
03:44:23 **** Incremental Build of configuration Debug for project Caps ****
make all 
Building file: ../src/Game.cpp
Invoking: GCC C++ Compiler
g++ -O0 -g3 -Wall -c -fmessage-length=0 -MMD -MP -MF"src/Game.d" -MT"src/Game.o" -o "src/Game.o" "../src/Game.cpp"
../src/Game.cpp: In member function ‘void caps::Game::startGame()’:
../src/Game.cpp:32:20: error: no matching function for call to ‘caps::UI::welcome(caps::UserDB*&)’
  ui->welcome(userDB);
                    ^
In file included from ../src/Game.h:11:0,
                 from ../src/Game.cpp:8:
../src/UI.h:17:7: note: candidate: void caps::UI::welcome(caps::UserDB)
  void welcome(UserDB);
       ^
../src/UI.h:17:7: note:   no known conversion for argument 1 from ‘caps::UserDB*’ to ‘caps::UserDB’
make: *** [src/Game.o] Error 1
src/subdir.mk:30: recipe for target 'src/Game.o' failed
03:44:34 **** Incremental Build of configuration Debug for project Caps ****
make all 
Building file: ../src/Capitals.cpp
Invoking: GCC C++ Compiler
g++ -O0 -g3 -Wall -c -fmessage-length=0 -MMD -MP -MF"src/Capitals.d" -MT"src/Capitals.o" -o "src/Capitals.o" "../src/Capitals.cpp"
Finished building: ../src/Capitals.cpp
 
Building file: ../src/Game.cpp
Invoking: GCC C++ Compiler
g++ -O0 -g3 -Wall -c -fmessage-length=0 -MMD -MP -MF"src/Game.d" -MT"src/Game.o" -o "src/Game.o" "../src/Game.cpp"
Finished building: ../src/Game.cpp
 
Building file: ../src/UI.cpp
Invoking: GCC C++ Compiler
g++ -O0 -g3 -Wall -c -fmessage-length=0 -MMD -MP -MF"src/UI.d" -MT"src/UI.o" -o "src/UI.o" "../src/UI.cpp"
../src/UI.cpp: In function ‘void caps::beginRound()’:
../src/UI.cpp:65:25: error: ‘MAX_TIME’ was not declared in this scope
  cout << "You have " << MAX_TIME << " minutes to complete as many questions as you can." << endl;
                         ^
../src/UI.cpp:66:39: error: ‘MAX_SCORE’ was not declared in this scope
  cout << "Each question is worth " << MAX_SCORE << " points and you will have " << MAX_SCORE << " attempts per question." << endl;
                                       ^
../src/UI.cpp: In member function ‘void caps::UI::afterRoundMenu(int)’:
../src/UI.cpp:77:6: warning: unused variable ‘response’ [-Wunused-variable]
  int response;
      ^
src/subdir.mk:30: recipe for target 'src/UI.o' failed
make: *** [src/UI.o] Error 1
03:47:51 **** Incremental Build of configuration Debug for project Caps ****
make all 
Building file: ../src/Capitals.cpp
Invoking: GCC C++ Compiler
g++ -O0 -g3 -Wall -c -fmessage-length=0 -MMD -MP -MF"src/Capitals.d" -MT"src/Capitals.o" -o "src/Capitals.o" "../src/Capitals.cpp"
In file included from ../src/Game.h:11:0,
                 from ../src/Capitals.cpp:7:
../src/UI.h:17:15: error: ‘Game’ has not been declared
  void welcome(Game* game);
               ^
../src/UI.h:18:16: error: ‘Game’ has not been declared
  void mainMenu(Game* game);
                ^
make: *** [src/Capitals.o] Error 1
src/subdir.mk:30: recipe for target 'src/Capitals.o' failed
03:48:07 **** Incremental Build of configuration Debug for project Caps ****
make all 
Building file: ../src/Capitals.cpp
Invoking: GCC C++ Compiler
g++ -O0 -g3 -Wall -c -fmessage-length=0 -MMD -MP -MF"src/Capitals.d" -MT"src/Capitals.o" -o "src/Capitals.o" "../src/Capitals.cpp"
In file included from ../src/Game.h:11:0,
                 from ../src/Capitals.cpp:7:
../src/UI.h:17:15: error: ‘Game’ has not been declared
  void welcome(Game* game);
               ^
../src/UI.h:18:16: error: ‘Game’ has not been declared
  void mainMenu(Game* game);
                ^
make: *** [src/Capitals.o] Error 1
src/subdir.mk:30: recipe for target 'src/Capitals.o' failed
03:48:27 **** Incremental Build of configuration Debug for project Caps ****
make all 
Building file: ../src/Capitals.cpp
Invoking: GCC C++ Compiler
g++ -O0 -g3 -Wall -c -fmessage-length=0 -MMD -MP -MF"src/Capitals.d" -MT"src/Capitals.o" -o "src/Capitals.o" "../src/Capitals.cpp"
In file included from ../src/Game.h:11:0,
                 from ../src/Capitals.cpp:7:
../src/UI.h:17:15: error: ‘Game’ has not been declared
  void welcome(Game* game);
               ^
../src/UI.h:18:16: error: ‘Game’ has not been declared
  void mainMenu(Game* game);
                ^
make: *** [src/Capitals.o] Error 1
src/subdir.mk:30: recipe for target 'src/Capitals.o' failed
03:49:03 **** Incremental Build of configuration Debug for project Caps ****
make all 
Building file: ../src/Capitals.cpp
Invoking: GCC C++ Compiler
g++ -O0 -g3 -Wall -c -fmessage-length=0 -MMD -MP -MF"src/Capitals.d" -MT"src/Capitals.o" -o "src/Capitals.o" "../src/Capitals.cpp"
In file included from ../src/Game.h:11:0,
                 from ../src/Capitals.cpp:7:
../src/UI.h:17:15: error: ‘Game’ has not been declared
  void welcome(Game* game);
               ^
../src/UI.h:18:16: error: ‘Game’ has not been declared
  void mainMenu(Game* game);
                ^
src/subdir.mk:30: recipe for target 'src/Capitals.o' failed
make: *** [src/Capitals.o] Error 1
03:49:16 **** Incremental Build of configuration Debug for project Caps ****
make all 
Building file: ../src/Capitals.cpp
Invoking: GCC C++ Compiler
g++ -O0 -g3 -Wall -c -fmessage-length=0 -MMD -MP -MF"src/Capitals.d" -MT"src/Capitals.o" -o "src/Capitals.o" "../src/Capitals.cpp"
In file included from ../src/Game.h:11:0,
                 from ../src/Capitals.cpp:7:
../src/UI.h:17:15: error: ‘Game’ has not been declared
  void welcome(Game::Game* game);
               ^
../src/UI.h:17:25: error: expected ‘,’ or ‘...’ before ‘*’ token
  void welcome(Game::Game* game);
                         ^
../src/UI.h:18:16: error: ‘Game’ has not been declared
  void mainMenu(Game* game);
                ^
make: *** [src/Capitals.o] Error 1
src/subdir.mk:30: recipe for target 'src/Capitals.o' failed
03:49:59 **** Incremental Build of configuration Debug for project Caps ****
make all 
Building file: ../src/Capitals.cpp
Invoking: GCC C++ Compiler
g++ -O0 -g3 -Wall -c -fmessage-length=0 -MMD -MP -MF"src/Capitals.d" -MT"src/Capitals.o" -o "src/Capitals.o" "../src/Capitals.cpp"
In file included from ../src/Game.h:11:0,
                 from ../src/Capitals.cpp:7:
../src/UI.h:17:15: error: ‘UserDB’ has not been declared
  void welcome(UserDB);
               ^
../src/UI.h:18:16: error: ‘Game’ has not been declared
  void mainMenu(Game* game);
                ^
src/subdir.mk:30: recipe for target 'src/Capitals.o' failed
make: *** [src/Capitals.o] Error 1
03:50:14 **** Incremental Build of configuration Debug for project Caps ****
make all 
Building file: ../src/Capitals.cpp
Invoking: GCC C++ Compiler
g++ -O0 -g3 -Wall -c -fmessage-length=0 -MMD -MP -MF"src/Capitals.d" -MT"src/Capitals.o" -o "src/Capitals.o" "../src/Capitals.cpp"
In file included from ../src/Game.h:11:0,
                 from ../src/Capitals.cpp:7:
../src/UI.h:19:16: error: ‘Game’ has not been declared
  void mainMenu(Game* game);
                ^
make: *** [src/Capitals.o] Error 1
src/subdir.mk:30: recipe for target 'src/Capitals.o' failed
03:55:36 **** Incremental Build of configuration Debug for project Caps ****
make all 
Building file: ../src/Capitals.cpp
Invoking: GCC C++ Compiler
g++ -O0 -g3 -Wall -c -fmessage-length=0 -MMD -MP -MF"src/Capitals.d" -MT"src/Capitals.o" -o "src/Capitals.o" "../src/Capitals.cpp"
Finished building: ../src/Capitals.cpp
 
Building file: ../src/Game.cpp
Invoking: GCC C++ Compiler
g++ -O0 -g3 -Wall -c -fmessage-length=0 -MMD -MP -MF"src/Game.d" -MT"src/Game.o" -o "src/Game.o" "../src/Game.cpp"
../src/Game.cpp: In constructor ‘caps::Game::Game()’:
../src/Game.cpp:19:8: error: ‘class caps::Game’ has no member named ‘ui’
  this->ui = new UI();
        ^
../src/Game.cpp:20:8: error: ‘class caps::Game’ has no member named ‘userDB’
  this->userDB = new UserDB();
        ^
../src/Game.cpp: In member function ‘void caps::Game::startGame()’:
../src/Game.cpp:31:2: error: ‘userDB’ was not declared in this scope
  userDB->loadAllUserData();
  ^
../src/Game.cpp:32:2: error: ‘ui’ was not declared in this scope
  ui->welcome(this);
  ^
../src/Game.cpp: In member function ‘void caps::Game::roundHandler()’:
../src/Game.cpp:53:2: error: ‘ui’ was not declared in this scope
  ui->beginRound();
  ^
src/subdir.mk:30: recipe for target 'src/Game.o' failed
make: *** [src/Game.o] Error 1
04:01:22 **** Incremental Build of configuration Debug for project Caps ****
make all 
Building file: ../src/Capitals.cpp
Invoking: GCC C++ Compiler
g++ -O0 -g3 -Wall -c -fmessage-length=0 -MMD -MP -MF"src/Capitals.d" -MT"src/Capitals.o" -o "src/Capitals.o" "../src/Capitals.cpp"
Finished building: ../src/Capitals.cpp
 
Building file: ../src/Game.cpp
Invoking: GCC C++ Compiler
g++ -O0 -g3 -Wall -c -fmessage-length=0 -MMD -MP -MF"src/Game.d" -MT"src/Game.o" -o "src/Game.o" "../src/Game.cpp"
../src/Game.cpp: In constructor ‘caps::Game::Game()’:
../src/Game.cpp:19:8: error: ‘class caps::Game’ has no member named ‘ui’
  this->ui = new UI();
        ^
../src/Game.cpp:20:8: error: ‘class caps::Game’ has no member named ‘userDB’
  this->userDB = new UserDB();
        ^
../src/Game.cpp: In member function ‘void caps::Game::startGame()’:
../src/Game.cpp:31:2: error: ‘userDB’ was not declared in this scope
  userDB->loadAllUserData();
  ^
../src/Game.cpp:32:2: error: ‘ui’ was not declared in this scope
  ui->welcome(this);
  ^
../src/Game.cpp: In member function ‘void caps::Game::roundHandler()’:
../src/Game.cpp:53:2: error: ‘ui’ was not declared in this scope
  ui->beginRound();
  ^
make: *** [src/Game.o] Error 1
src/subdir.mk:30: recipe for target 'src/Game.o' failed
04:01:36 **** Incremental Build of configuration Debug for project Caps ****
make all 
Building file: ../src/Capitals.cpp
Invoking: GCC C++ Compiler
g++ -O0 -g3 -Wall -c -fmessage-length=0 -MMD -MP -MF"src/Capitals.d" -MT"src/Capitals.o" -o "src/Capitals.o" "../src/Capitals.cpp"
Finished building: ../src/Capitals.cpp
 
Building file: ../src/Game.cpp
Invoking: GCC C++ Compiler
g++ -O0 -g3 -Wall -c -fmessage-length=0 -MMD -MP -MF"src/Game.d" -MT"src/Game.o" -o "src/Game.o" "../src/Game.cpp"
../src/Game.cpp: In constructor ‘caps::Game::Game()’:
../src/Game.cpp:19:8: error: ‘class caps::Game’ has no member named ‘ui’
  this->ui = new UI();
        ^
../src/Game.cpp:20:8: error: ‘class caps::Game’ has no member named ‘userDB’
  this->userDB = new UserDB();
        ^
../src/Game.cpp: In member function ‘void caps::Game::startGame()’:
../src/Game.cpp:31:2: error: ‘userDB’ was not declared in this scope
  userDB->loadAllUserData();
  ^
../src/Game.cpp:32:2: error: ‘ui’ was not declared in this scope
  ui->welcome(this);
  ^
../src/Game.cpp: In member function ‘void caps::Game::roundHandler()’:
../src/Game.cpp:53:2: error: ‘ui’ was not declared in this scope
  ui->beginRound();
  ^
src/subdir.mk:30: recipe for target 'src/Game.o' failed
make: *** [src/Game.o] Error 1
04:01:51 **** Incremental Build of configuration Debug for project Caps ****
make all 
Building file: ../src/Game.cpp
Invoking: GCC C++ Compiler
g++ -O0 -g3 -Wall -c -fmessage-length=0 -MMD -MP -MF"src/Game.d" -MT"src/Game.o" -o "src/Game.o" "../src/Game.cpp"
../src/Game.cpp: In constructor ‘caps::Game::Game()’:
../src/Game.cpp:19:8: error: ‘class caps::Game’ has no member named ‘ui’
  this->ui = new UI();
        ^
../src/Game.cpp:20:8: error: ‘class caps::Game’ has no member named ‘userDB’
  this->userDB = new UserDB();
        ^
../src/Game.cpp: In member function ‘void caps::Game::startGame()’:
../src/Game.cpp:31:2: error: ‘userDB’ was not declared in this scope
  userDB->loadAllUserData();
  ^
../src/Game.cpp:32:2: error: ‘ui’ was not declared in this scope
  ui->welcome(this);
  ^
../src/Game.cpp: In member function ‘void caps::Game::roundHandler()’:
../src/Game.cpp:53:2: error: ‘ui’ was not declared in this scope
  ui->beginRound();
  ^
src/subdir.mk:30: recipe for target 'src/Game.o' failed
make: *** [src/Game.o] Error 1
04:03:55 **** Incremental Build of configuration Debug for project Caps ****
make all 
Building file: ../src/Capitals.cpp
Invoking: GCC C++ Compiler
g++ -O0 -g3 -Wall -c -fmessage-length=0 -MMD -MP -MF"src/Capitals.d" -MT"src/Capitals.o" -o "src/Capitals.o" "../src/Capitals.cpp"
Finished building: ../src/Capitals.cpp
 
Building file: ../src/Game.cpp
Invoking: GCC C++ Compiler
g++ -O0 -g3 -Wall -c -fmessage-length=0 -MMD -MP -MF"src/Game.d" -MT"src/Game.o" -o "src/Game.o" "../src/Game.cpp"
../src/Game.cpp: In constructor ‘caps::Game::Game()’:
../src/Game.cpp:19:8: error: ‘class caps::Game’ has no member named ‘ui’
  this->ui = new UI();
        ^
../src/Game.cpp:20:8: error: ‘class caps::Game’ has no member named ‘userDB’
  this->userDB = new UserDB();
        ^
../src/Game.cpp: In member function ‘void caps::Game::startGame()’:
../src/Game.cpp:31:2: error: ‘userDB’ was not declared in this scope
  userDB->loadAllUserData();
  ^
../src/Game.cpp:32:2: error: ‘ui’ was not declared in this scope
  ui->welcome(this);
  ^
../src/Game.cpp: In member function ‘void caps::Game::roundHandler()’:
../src/Game.cpp:53:2: error: ‘ui’ was not declared in this scope
  ui->beginRound();
  ^
src/subdir.mk:30: recipe for target 'src/Game.o' failed
make: *** [src/Game.o] Error 1
04:04:05 **** Incremental Build of configuration Debug for project Caps ****
make all 
Building file: ../src/Game.cpp
Invoking: GCC C++ Compiler
g++ -O0 -g3 -Wall -c -fmessage-length=0 -MMD -MP -MF"src/Game.d" -MT"src/Game.o" -o "src/Game.o" "../src/Game.cpp"
../src/Game.cpp: In constructor ‘caps::Game::Game()’:
../src/Game.cpp:19:8: error: ‘class caps::Game’ has no member named ‘ui’
  this->ui = new UI();
        ^
../src/Game.cpp:20:8: error: ‘class caps::Game’ has no member named ‘userDB’
  this->userDB = new UserDB();
        ^
../src/Game.cpp: In member function ‘void caps::Game::startGame()’:
../src/Game.cpp:31:2: error: ‘userDB’ was not declared in this scope
  userDB->loadAllUserData();
  ^
../src/Game.cpp:32:2: error: ‘ui’ was not declared in this scope
  ui->welcome(this);
  ^
../src/Game.cpp: In member function ‘void caps::Game::roundHandler()’:
../src/Game.cpp:53:2: error: ‘ui’ was not declared in this scope
  ui->beginRound();
  ^
src/subdir.mk:30: recipe for target 'src/Game.o' failed
make: *** [src/Game.o] Error 1
04:06:10 **** Incremental Build of configuration Debug for project Caps ****
make all 
Building file: ../src/Capitals.cpp
Invoking: GCC C++ Compiler
g++ -O0 -g3 -Wall -c -fmessage-length=0 -MMD -MP -MF"src/Capitals.d" -MT"src/Capitals.o" -o "src/Capitals.o" "../src/Capitals.cpp"
Finished building: ../src/Capitals.cpp
 
Building file: ../src/Game.cpp
Invoking: GCC C++ Compiler
g++ -O0 -g3 -Wall -c -fmessage-length=0 -MMD -MP -MF"src/Game.d" -MT"src/Game.o" -o "src/Game.o" "../src/Game.cpp"
../src/Game.cpp: In constructor ‘caps::Game::Game()’:
../src/Game.cpp:19:8: error: ‘class caps::Game’ has no member named ‘ui’
  this->ui = new UI();
        ^
../src/Game.cpp:20:8: error: ‘class caps::Game’ has no member named ‘userDB’
  this->userDB = new UserDB();
        ^
../src/Game.cpp: In member function ‘void caps::Game::startGame()’:
../src/Game.cpp:31:2: error: ‘userDB’ was not declared in this scope
  userDB->loadAllUserData();
  ^
../src/Game.cpp:32:2: error: ‘ui’ was not declared in this scope
  ui->welcome(this);
  ^
../src/Game.cpp: In member function ‘void caps::Game::roundHandler()’:
../src/Game.cpp:53:2: error: ‘ui’ was not declared in this scope
  ui->beginRound();
  ^
src/subdir.mk:30: recipe for target 'src/Game.o' failed
make: *** [src/Game.o] Error 1
04:06:59 **** Incremental Build of configuration Debug for project Caps ****
make all 
Building file: ../src/Game.cpp
Invoking: GCC C++ Compiler
g++ -O0 -g3 -Wall -c -fmessage-length=0 -MMD -MP -MF"src/Game.d" -MT"src/Game.o" -o "src/Game.o" "../src/Game.cpp"
../src/Game.cpp: In constructor ‘caps::Game::Game()’:
../src/Game.cpp:19:8: error: ‘class caps::Game’ has no member named ‘ui’
  this->ui = new UI();
        ^
../src/Game.cpp:20:8: error: ‘class caps::Game’ has no member named ‘userDB’
  this->userDB = new UserDB();
        ^
../src/Game.cpp: In member function ‘void caps::Game::startGame()’:
../src/Game.cpp:31:2: error: ‘userDB’ was not declared in this scope
  userDB->loadAllUserData();
  ^
../src/Game.cpp:32:2: error: ‘ui’ was not declared in this scope
  ui->welcome(this);
  ^
../src/Game.cpp: In member function ‘void caps::Game::roundHandler()’:
../src/Game.cpp:53:2: error: ‘ui’ was not declared in this scope
  ui->beginRound();
  ^
make: *** [src/Game.o] Error 1
src/subdir.mk:30: recipe for target 'src/Game.o' failed
04:07:03 **** Incremental Build of configuration Debug for project Caps ****
make all 
Building file: ../src/Capitals.cpp
Invoking: GCC C++ Compiler
g++ -O0 -g3 -Wall -c -fmessage-length=0 -MMD -MP -MF"src/Capitals.d" -MT"src/Capitals.o" -o "src/Capitals.o" "../src/Capitals.cpp"
Finished building: ../src/Capitals.cpp
 
Building file: ../src/Game.cpp
Invoking: GCC C++ Compiler
g++ -O0 -g3 -Wall -c -fmessage-length=0 -MMD -MP -MF"src/Game.d" -MT"src/Game.o" -o "src/Game.o" "../src/Game.cpp"
../src/Game.cpp: In constructor ‘caps::Game::Game()’:
../src/Game.cpp:19:8: error: ‘class caps::Game’ has no member named ‘ui’
  this->ui = new UI();
        ^
../src/Game.cpp:20:8: error: ‘class caps::Game’ has no member named ‘userDB’
  this->userDB = new UserDB();
        ^
../src/Game.cpp: In member function ‘void caps::Game::startGame()’:
../src/Game.cpp:31:2: error: ‘userDB’ was not declared in this scope
  userDB->loadAllUserData();
  ^
../src/Game.cpp:32:2: error: ‘ui’ was not declared in this scope
  ui->welcome(this);
  ^
../src/Game.cpp: In member function ‘void caps::Game::roundHandler()’:
../src/Game.cpp:53:2: error: ‘ui’ was not declared in this scope
  ui->beginRound();
  ^
src/subdir.mk:30: recipe for target 'src/Game.o' failed
make: *** [src/Game.o] Error 1
04:07:38 **** Incremental Build of configuration Debug for project Caps ****
make all 
Building file: ../src/Capitals.cpp
Invoking: GCC C++ Compiler
g++ -O0 -g3 -Wall -c -fmessage-length=0 -MMD -MP -MF"src/Capitals.d" -MT"src/Capitals.o" -o "src/Capitals.o" "../src/Capitals.cpp"
Finished building: ../src/Capitals.cpp
 
Building file: ../src/Game.cpp
Invoking: GCC C++ Compiler
g++ -O0 -g3 -Wall -c -fmessage-length=0 -MMD -MP -MF"src/Game.d" -MT"src/Game.o" -o "src/Game.o" "../src/Game.cpp"
../src/Game.cpp: In constructor ‘caps::Game::Game()’:
../src/Game.cpp:19:8: error: ‘class caps::Game’ has no member named ‘ui’
  this->ui = new UI();
        ^
../src/Game.cpp:20:8: error: ‘class caps::Game’ has no member named ‘userDB’
  this->userDB = new UserDB();
        ^
../src/Game.cpp: In member function ‘void caps::Game::startGame()’:
../src/Game.cpp:31:2: error: ‘userDB’ was not declared in this scope
  userDB->loadAllUserData();
  ^
../src/Game.cpp:32:2: error: ‘ui’ was not declared in this scope
  ui->welcome(this);
  ^
../src/Game.cpp: In member function ‘void caps::Game::roundHandler()’:
../src/Game.cpp:53:2: error: ‘ui’ was not declared in this scope
  ui->beginRound();
  ^
src/subdir.mk:30: recipe for target 'src/Game.o' failed
make: *** [src/Game.o] Error 1
04:16:53 **** Incremental Build of configuration Debug for project Caps ****
make all 
Building file: ../src/Capitals.cpp
Invoking: GCC C++ Compiler
g++ -O0 -g3 -Wall -c -fmessage-length=0 -MMD -MP -MF"src/Capitals.d" -MT"src/Capitals.o" -o "src/Capitals.o" "../src/Capitals.cpp"
In file included from ../src/UI.h:10:0,
                 from ../src/Game.h:11,
                 from ../src/Capitals.cpp:7:
../src/UserDB.h:25:2: error: ‘map’ does not name a type
  map<string,User> all_users;
  ^
In file included from ../src/Game.h:11:0,
                 from ../src/Capitals.cpp:7:
../src/UI.h:19:2: error: ‘Game’ does not name a type
  Game game;
  ^
src/subdir.mk:30: recipe for target 'src/Capitals.o' failed
make: *** [src/Capitals.o] Error 1
04:17:23 **** Incremental Build of configuration Debug for project Caps ****
make all 
Building file: ../src/Capitals.cpp
Invoking: GCC C++ Compiler
g++ -O0 -g3 -Wall -c -fmessage-length=0 -MMD -MP -MF"src/Capitals.d" -MT"src/Capitals.o" -o "src/Capitals.o" "../src/Capitals.cpp"
In file included from ../src/UI.h:10:0,
                 from ../src/Game.h:11,
                 from ../src/Capitals.cpp:7:
../src/UserDB.h:25:2: error: ‘map’ does not name a type
  map<string,User> all_users;
  ^
In file included from ../src/Game.h:11:0,
                 from ../src/Capitals.cpp:7:
../src/UI.h:19:2: error: ‘Game’ does not name a type
  Game game;
  ^
make: *** [src/Capitals.o] Error 1
src/subdir.mk:30: recipe for target 'src/Capitals.o' failed
04:17:26 **** Incremental Build of configuration Debug for project Caps ****
make all 
Building file: ../src/Capitals.cpp
Invoking: GCC C++ Compiler
g++ -O0 -g3 -Wall -c -fmessage-length=0 -MMD -MP -MF"src/Capitals.d" -MT"src/Capitals.o" -o "src/Capitals.o" "../src/Capitals.cpp"
In file included from ../src/UI.h:10:0,
                 from ../src/Game.h:11,
                 from ../src/Capitals.cpp:7:
../src/UserDB.h:25:2: error: ‘map’ does not name a type
  map<string,User> all_users;
  ^
In file included from ../src/Game.h:11:0,
                 from ../src/Capitals.cpp:7:
../src/UI.h:19:2: error: ‘Game’ does not name a type
  Game game;
  ^
src/subdir.mk:30: recipe for target 'src/Capitals.o' failed
make: *** [src/Capitals.o] Error 1
04:18:57 **** Incremental Build of configuration Debug for project Caps ****
make all 
Building file: ../src/Capitals.cpp
Invoking: GCC C++ Compiler
g++ -O0 -g3 -Wall -c -fmessage-length=0 -MMD -MP -MF"src/Capitals.d" -MT"src/Capitals.o" -o "src/Capitals.o" "../src/Capitals.cpp"
In file included from ../src/UI.h:10:0,
                 from ../src/Game.h:11,
                 from ../src/Capitals.cpp:7:
../src/UserDB.h:25:2: error: ‘map’ does not name a type
  map<string,User> all_users;
  ^
In file included from ../src/Game.h:11:0,
                 from ../src/Capitals.cpp:7:
../src/UI.h:19:2: error: ‘Game’ does not name a type
  Game game;
  ^
src/subdir.mk:30: recipe for target 'src/Capitals.o' failed
make: *** [src/Capitals.o] Error 1
04:19:22 **** Incremental Build of configuration Debug for project Caps ****
make all 
Building file: ../src/Capitals.cpp
Invoking: GCC C++ Compiler
g++ -O0 -g3 -Wall -c -fmessage-length=0 -MMD -MP -MF"src/Capitals.d" -MT"src/Capitals.o" -o "src/Capitals.o" "../src/Capitals.cpp"
In file included from ../src/UI.h:10:0,
                 from ../src/Game.h:11,
                 from ../src/Capitals.cpp:7:
../src/UserDB.h:25:2: error: ‘map’ does not name a type
  map<string,User> all_users;
  ^
In file included from ../src/Game.h:11:0,
                 from ../src/Capitals.cpp:7:
../src/UI.h:19:2: error: ‘Game’ does not name a type
  Game game;
  ^
src/subdir.mk:30: recipe for target 'src/Capitals.o' failed
make: *** [src/Capitals.o] Error 1
04:27:43 **** Incremental Build of configuration Debug for project Caps ****
make all 
Building file: ../src/Capitals.cpp
Invoking: GCC C++ Compiler
g++ -O0 -g3 -Wall -c -fmessage-length=0 -MMD -MP -MF"src/Capitals.d" -MT"src/Capitals.o" -o "src/Capitals.o" "../src/Capitals.cpp"
In file included from ../src/UI.h:10:0,
                 from ../src/Game.h:11,
                 from ../src/Capitals.cpp:7:
../src/UserDB.h:25:2: error: ‘map’ does not name a type
  map<string,User> all_users;
  ^
In file included from ../src/Game.h:11:0,
                 from ../src/Capitals.cpp:7:
../src/UI.h:19:2: error: ‘Game’ does not name a type
  Game game;
  ^
src/subdir.mk:30: recipe for target 'src/Capitals.o' failed
make: *** [src/Capitals.o] Error 1
04:29:58 **** Incremental Build of configuration Debug for project Caps ****
make all 
Building file: ../src/Capitals.cpp
Invoking: GCC C++ Compiler
g++ -O0 -g3 -Wall -c -fmessage-length=0 -MMD -MP -MF"src/Capitals.d" -MT"src/Capitals.o" -o "src/Capitals.o" "../src/Capitals.cpp"
In file included from ../src/UI.h:10:0,
                 from ../src/Game.h:11,
                 from ../src/Capitals.cpp:7:
../src/UserDB.h:25:2: error: ‘map’ does not name a type
  map<string,User> all_users;
  ^
In file included from ../src/Game.h:11:0,
                 from ../src/Capitals.cpp:7:
../src/UI.h:19:2: error: ‘Game’ does not name a type
  Game game;
  ^
make: *** [src/Capitals.o] Error 1
src/subdir.mk:30: recipe for target 'src/Capitals.o' failed
04:30:03 **** Incremental Build of configuration Debug for project Caps ****
make all 
Building file: ../src/Capitals.cpp
Invoking: GCC C++ Compiler
g++ -O0 -g3 -Wall -c -fmessage-length=0 -MMD -MP -MF"src/Capitals.d" -MT"src/Capitals.o" -o "src/Capitals.o" "../src/Capitals.cpp"
In file included from ../src/UI.h:10:0,
                 from ../src/Game.h:11,
                 from ../src/Capitals.cpp:7:
../src/UserDB.h:25:2: error: ‘map’ does not name a type
  map<string,User> all_users;
  ^
In file included from ../src/Game.h:11:0,
                 from ../src/Capitals.cpp:7:
../src/UI.h:19:2: error: ‘Game’ does not name a type
  Game game;
  ^
src/subdir.mk:30: recipe for target 'src/Capitals.o' failed
make: *** [src/Capitals.o] Error 1
04:30:49 **** Incremental Build of configuration Debug for project Caps ****
make all 
Building file: ../src/Capitals.cpp
Invoking: GCC C++ Compiler
g++ -O0 -g3 -Wall -c -fmessage-length=0 -MMD -MP -MF"src/Capitals.d" -MT"src/Capitals.o" -o "src/Capitals.o" "../src/Capitals.cpp"
In file included from ../src/UI.h:10:0,
                 from ../src/Game.h:11,
                 from ../src/Capitals.cpp:7:
../src/UserDB.h:25:2: error: ‘map’ does not name a type
  map<string,User> all_users;
  ^
In file included from ../src/Game.h:11:0,
                 from ../src/Capitals.cpp:7:
../src/UI.h:19:2: error: ‘Game’ does not name a type
  Game::Game* game;
  ^
src/subdir.mk:30: recipe for target 'src/Capitals.o' failed
make: *** [src/Capitals.o] Error 1
04:31:09 **** Incremental Build of configuration Debug for project Caps ****
make all 
Building file: ../src/Capitals.cpp
Invoking: GCC C++ Compiler
g++ -O0 -g3 -Wall -c -fmessage-length=0 -MMD -MP -MF"src/Capitals.d" -MT"src/Capitals.o" -o "src/Capitals.o" "../src/Capitals.cpp"
In file included from ../src/UI.h:10:0,
                 from ../src/Game.h:11,
                 from ../src/Capitals.cpp:7:
../src/UserDB.h:25:2: error: ‘map’ does not name a type
  map<string,User> all_users;
  ^
In file included from ../src/Game.h:11:0,
                 from ../src/Capitals.cpp:7:
../src/UI.h:20:2: error: ‘Game’ does not name a type
  Game* game;
  ^
src/subdir.mk:30: recipe for target 'src/Capitals.o' failed
make: *** [src/Capitals.o] Error 1
04:31:34 **** Incremental Build of configuration Debug for project Caps ****
make all 
Building file: ../src/Capitals.cpp
Invoking: GCC C++ Compiler
g++ -O0 -g3 -Wall -c -fmessage-length=0 -MMD -MP -MF"src/Capitals.d" -MT"src/Capitals.o" -o "src/Capitals.o" "../src/Capitals.cpp"
In file included from ../src/UI.h:10:0,
                 from ../src/Game.h:11,
                 from ../src/Capitals.cpp:7:
../src/UserDB.h:25:2: error: ‘map’ does not name a type
  map<string,User> all_users;
  ^
In file included from ../src/Game.h:11:0,
                 from ../src/Capitals.cpp:7:
../src/UI.h:20:2: error: ‘Game’ does not name a type
  Game game;
  ^
src/subdir.mk:30: recipe for target 'src/Capitals.o' failed
make: *** [src/Capitals.o] Error 1
04:33:08 **** Incremental Build of configuration Debug for project Caps ****
make all 
Building file: ../src/Capitals.cpp
Invoking: GCC C++ Compiler
g++ -O0 -g3 -Wall -c -fmessage-length=0 -MMD -MP -MF"src/Capitals.d" -MT"src/Capitals.o" -o "src/Capitals.o" "../src/Capitals.cpp"
In file included from ../src/UI.h:10:0,
                 from ../src/Game.h:11,
                 from ../src/Capitals.cpp:7:
../src/UserDB.h:25:2: error: ‘map’ does not name a type
  map<string,User> all_users;
  ^
In file included from ../src/Game.h:11:0,
                 from ../src/Capitals.cpp:7:
../src/UI.h:20:2: error: ‘Game’ does not name a type
  Game game;
  ^
src/subdir.mk:30: recipe for target 'src/Capitals.o' failed
make: *** [src/Capitals.o] Error 1
04:33:24 **** Incremental Build of configuration Debug for project Caps ****
make all 
Building file: ../src/Capitals.cpp
Invoking: GCC C++ Compiler
g++ -O0 -g3 -Wall -c -fmessage-length=0 -MMD -MP -MF"src/Capitals.d" -MT"src/Capitals.o" -o "src/Capitals.o" "../src/Capitals.cpp"
In file included from ../src/UI.h:10:0,
                 from ../src/Game.h:11,
                 from ../src/Capitals.cpp:7:
../src/UserDB.h:25:2: error: ‘map’ does not name a type
  map<string,User> all_users;
  ^
In file included from ../src/Game.h:11:0,
                 from ../src/Capitals.cpp:7:
../src/UI.h:20:8: error: ‘Game’ in namespace ‘caps’ does not name a type
  caps::Game game;
        ^
src/subdir.mk:30: recipe for target 'src/Capitals.o' failed
make: *** [src/Capitals.o] Error 1
04:36:11 **** Incremental Build of configuration Debug for project Caps ****
make all 
Building file: ../src/Capitals.cpp
Invoking: GCC C++ Compiler
g++ -O0 -g3 -Wall -c -fmessage-length=0 -MMD -MP -MF"src/Capitals.d" -MT"src/Capitals.o" -o "src/Capitals.o" "../src/Capitals.cpp"
In file included from ../src/UI.h:10:0,
                 from ../src/User.h:12,
                 from ../src/Game.h:10,
                 from ../src/Capitals.cpp:7:
../src/UserDB.h:23:15: error: ‘User’ has not been declared
  void addUser(User);
               ^
../src/UserDB.h:27:2: error: ‘map’ does not name a type
  map<string,User> all_users;
  ^
In file included from ../src/User.h:12:0,
                 from ../src/Game.h:10,
                 from ../src/Capitals.cpp:7:
../src/UI.h:22:8: error: ‘Game’ in namespace ‘caps’ does not name a type
  caps::Game game;
        ^
make: *** [src/Capitals.o] Error 1
src/subdir.mk:30: recipe for target 'src/Capitals.o' failed
04:36:52 **** Incremental Build of configuration Debug for project Caps ****
make all 
Building file: ../src/Capitals.cpp
Invoking: GCC C++ Compiler
g++ -O0 -g3 -Wall -c -fmessage-length=0 -MMD -MP -MF"src/Capitals.d" -MT"src/Capitals.o" -o "src/Capitals.o" "../src/Capitals.cpp"
In file included from ../src/UI.h:10:0,
                 from ../src/User.h:12,
                 from ../src/Game.h:10,
                 from ../src/Capitals.cpp:7:
../src/UserDB.h:23:15: error: ‘User’ has not been declared
  void addUser(User);
               ^
../src/UserDB.h:27:2: error: ‘map’ does not name a type
  map<string,User> all_users;
  ^
In file included from ../src/User.h:12:0,
                 from ../src/Game.h:10,
                 from ../src/Capitals.cpp:7:
../src/UI.h:21:2: error: ‘Game’ does not name a type
  Game game;
  ^
src/subdir.mk:30: recipe for target 'src/Capitals.o' failed
make: *** [src/Capitals.o] Error 1
04:37:14 **** Incremental Build of configuration Debug for project Caps ****
make all 
Building file: ../src/Capitals.cpp
Invoking: GCC C++ Compiler
g++ -O0 -g3 -Wall -c -fmessage-length=0 -MMD -MP -MF"src/Capitals.d" -MT"src/Capitals.o" -o "src/Capitals.o" "../src/Capitals.cpp"
In file included from ../src/UI.h:10:0,
                 from ../src/User.h:12,
                 from ../src/Game.h:10,
                 from ../src/Capitals.cpp:7:
../src/UserDB.h:23:15: error: ‘User’ has not been declared
  void addUser(User);
               ^
../src/UserDB.h:27:2: error: ‘map’ does not name a type
  map<string,User> all_users;
  ^
In file included from ../src/User.h:12:0,
                 from ../src/Game.h:10,
                 from ../src/Capitals.cpp:7:
../src/UI.h:21:2: error: ‘Game’ does not name a type
  Game* game;
  ^
src/subdir.mk:30: recipe for target 'src/Capitals.o' failed
make: *** [src/Capitals.o] Error 1
04:39:23 **** Incremental Build of configuration Debug for project Caps ****
make all 
Building file: ../src/Capitals.cpp
Invoking: GCC C++ Compiler
g++ -O0 -g3 -Wall -c -fmessage-length=0 -MMD -MP -MF"src/Capitals.d" -MT"src/Capitals.o" -o "src/Capitals.o" "../src/Capitals.cpp"
In file included from ../src/User.h:14:0,
                 from ../src/UserDB.h:10,
                 from ../src/UI.h:10,
                 from ../src/Capitals.cpp:7:
../src/Game.h:26:2: error: ‘vector’ does not name a type
  vector< pair <std::string,std::string> > caps_vec;
  ^
../src/Game.h:27:2: error: ‘User’ does not name a type
  User user;
  ^
../src/Game.h:34:2: error: ‘pair’ does not name a type
  pair<string,string> questionHandler(); //randomly selects and returns pair<country,capital> for question
  ^
../src/Game.h:35:20: error: ‘pair’ has not been declared
  int answerHandler(pair<string,string>, bool*); //decides what to do with input
                    ^
../src/Game.h:35:24: error: expected ‘,’ or ‘...’ before ‘<’ token
  int answerHandler(pair<string,string>, bool*); //decides what to do with input
                        ^
../src/Capitals.cpp: In function ‘int main()’:
../src/Capitals.cpp:16:18: error: conversion from ‘caps::UI*’ to non-scalar type ‘caps::UI’ requested
  UI ui =  new UI();
                  ^
make: *** [src/Capitals.o] Error 1
src/subdir.mk:30: recipe for target 'src/Capitals.o' failed
04:40:02 **** Incremental Build of configuration Debug for project Caps ****
make all 
Building file: ../src/Capitals.cpp
Invoking: GCC C++ Compiler
g++ -O0 -g3 -Wall -c -fmessage-length=0 -MMD -MP -MF"src/Capitals.d" -MT"src/Capitals.o" -o "src/Capitals.o" "../src/Capitals.cpp"
In file included from ../src/User.h:14:0,
                 from ../src/UserDB.h:10,
                 from ../src/UI.h:10,
                 from ../src/Capitals.cpp:7:
../src/Game.h:26:2: error: ‘vector’ does not name a type
  vector< pair <std::string,std::string> > caps_vec;
  ^
../src/Game.h:27:2: error: ‘User’ does not name a type
  User user;
  ^
../src/Game.h:34:2: error: ‘pair’ does not name a type
  pair<string,string> questionHandler(); //randomly selects and returns pair<country,capital> for question
  ^
../src/Game.h:35:20: error: ‘pair’ has not been declared
  int answerHandler(pair<string,string>, bool*); //decides what to do with input
                    ^
../src/Game.h:35:24: error: expected ‘,’ or ‘...’ before ‘<’ token
  int answerHandler(pair<string,string>, bool*); //decides what to do with input
                        ^
src/subdir.mk:30: recipe for target 'src/Capitals.o' failed
make: *** [src/Capitals.o] Error 1
04:40:13 **** Incremental Build of configuration Debug for project Caps ****
make all 
Building file: ../src/Capitals.cpp
Invoking: GCC C++ Compiler
g++ -O0 -g3 -Wall -c -fmessage-length=0 -MMD -MP -MF"src/Capitals.d" -MT"src/Capitals.o" -o "src/Capitals.o" "../src/Capitals.cpp"
In file included from ../src/User.h:14:0,
                 from ../src/UserDB.h:10,
                 from ../src/UI.h:10,
                 from ../src/Capitals.cpp:7:
../src/Game.h:26:2: error: ‘vector’ does not name a type
  vector< pair <std::string,std::string> > caps_vec;
  ^
../src/Game.h:27:2: error: ‘User’ does not name a type
  User user;
  ^
../src/Game.h:34:2: error: ‘pair’ does not name a type
  pair<string,string> questionHandler(); //randomly selects and returns pair<country,capital> for question
  ^
../src/Game.h:35:20: error: ‘pair’ has not been declared
  int answerHandler(pair<string,string>, bool*); //decides what to do with input
                    ^
../src/Game.h:35:24: error: expected ‘,’ or ‘...’ before ‘<’ token
  int answerHandler(pair<string,string>, bool*); //decides what to do with input
                        ^
make: *** [src/Capitals.o] Error 1
src/subdir.mk:30: recipe for target 'src/Capitals.o' failed
04:40:25 **** Incremental Build of configuration Debug for project Caps ****
make all 
Building file: ../src/Capitals.cpp
Invoking: GCC C++ Compiler
g++ -O0 -g3 -Wall -c -fmessage-length=0 -MMD -MP -MF"src/Capitals.d" -MT"src/Capitals.o" -o "src/Capitals.o" "../src/Capitals.cpp"
In file included from ../src/User.h:14:0,
                 from ../src/UserDB.h:10,
                 from ../src/UI.h:10,
                 from ../src/Capitals.cpp:7:
../src/Game.h:26:2: error: ‘vector’ does not name a type
  vector< pair <std::string,std::string> > caps_vec;
  ^
../src/Game.h:27:2: error: ‘User’ does not name a type
  User user;
  ^
../src/Game.h:34:2: error: ‘pair’ does not name a type
  pair<string,string> questionHandler(); //randomly selects and returns pair<country,capital> for question
  ^
../src/Game.h:35:20: error: ‘pair’ has not been declared
  int answerHandler(pair<string,string>, bool*); //decides what to do with input
                    ^
../src/Game.h:35:24: error: expected ‘,’ or ‘...’ before ‘<’ token
  int answerHandler(pair<string,string>, bool*); //decides what to do with input
                        ^
make: *** [src/Capitals.o] Error 1
src/subdir.mk:30: recipe for target 'src/Capitals.o' failed
04:40:51 **** Incremental Build of configuration Debug for project Caps ****
make all 
Building file: ../src/Capitals.cpp
Invoking: GCC C++ Compiler
g++ -O0 -g3 -Wall -c -fmessage-length=0 -MMD -MP -MF"src/Capitals.d" -MT"src/Capitals.o" -o "src/Capitals.o" "../src/Capitals.cpp"
In file included from ../src/User.h:14:0,
                 from ../src/UserDB.h:10,
                 from ../src/UI.h:10,
                 from ../src/Capitals.cpp:7:
../src/Game.h:26:2: error: ‘vector’ does not name a type
  vector< pair <std::string,std::string> > caps_vec;
  ^
../src/Game.h:27:2: error: ‘User’ does not name a type
  User user;
  ^
../src/Game.h:34:2: error: ‘pair’ does not name a type
  pair<string,string> questionHandler(); //randomly selects and returns pair<country,capital> for question
  ^
../src/Game.h:35:20: error: ‘pair’ has not been declared
  int answerHandler(pair<string,string>, bool*); //decides what to do with input
                    ^
../src/Game.h:35:24: error: expected ‘,’ or ‘...’ before ‘<’ token
  int answerHandler(pair<string,string>, bool*); //decides what to do with input
                        ^
src/subdir.mk:30: recipe for target 'src/Capitals.o' failed
make: *** [src/Capitals.o] Error 1
04:41:13 **** Incremental Build of configuration Debug for project Caps ****
make all 
Building file: ../src/Capitals.cpp
Invoking: GCC C++ Compiler
g++ -O0 -g3 -Wall -c -fmessage-length=0 -MMD -MP -MF"src/Capitals.d" -MT"src/Capitals.o" -o "src/Capitals.o" "../src/Capitals.cpp"
In file included from ../src/User.h:14:0,
                 from ../src/UserDB.h:10,
                 from ../src/UI.h:10,
                 from ../src/Capitals.cpp:7:
../src/Game.h:26:2: error: ‘vector’ does not name a type
  vector< pair <std::string,std::string> > caps_vec;
  ^
../src/Game.h:27:2: error: ‘User’ does not name a type
  User user;
  ^
../src/Game.h:34:2: error: ‘pair’ does not name a type
  pair<string,string> questionHandler(); //randomly selects and returns pair<country,capital> for question
  ^
../src/Game.h:35:20: error: ‘pair’ has not been declared
  int answerHandler(pair<string,string>, bool*); //decides what to do with input
                    ^
../src/Game.h:35:24: error: expected ‘,’ or ‘...’ before ‘<’ token
  int answerHandler(pair<string,string>, bool*); //decides what to do with input
                        ^
src/subdir.mk:30: recipe for target 'src/Capitals.o' failed
make: *** [src/Capitals.o] Error 1
04:42:47 **** Incremental Build of configuration Debug for project Caps ****
make all 
Building file: ../src/Capitals.cpp
Invoking: GCC C++ Compiler
g++ -O0 -g3 -Wall -c -fmessage-length=0 -MMD -MP -MF"src/Capitals.d" -MT"src/Capitals.o" -o "src/Capitals.o" "../src/Capitals.cpp"
In file included from ../src/User.h:14:0,
                 from ../src/UserDB.h:10,
                 from ../src/UI.h:10,
                 from ../src/Capitals.cpp:7:
../src/Game.h:26:2: error: ‘vector’ does not name a type
  vector< pair <std::string,std::string> > caps_vec;
  ^
../src/Game.h:27:2: error: ‘User’ does not name a type
  User user;
  ^
../src/Game.h:34:2: error: ‘pair’ does not name a type
  pair<string,string> questionHandler(); //randomly selects and returns pair<country,capital> for question
  ^
../src/Game.h:35:20: error: ‘pair’ has not been declared
  int answerHandler(pair<string,string>, bool*); //decides what to do with input
                    ^
../src/Game.h:35:24: error: expected ‘,’ or ‘...’ before ‘<’ token
  int answerHandler(pair<string,string>, bool*); //decides what to do with input
                        ^
make: *** [src/Capitals.o] Error 1
src/subdir.mk:30: recipe for target 'src/Capitals.o' failed
04:43:41 **** Incremental Build of configuration Debug for project Caps ****
make all 
Building file: ../src/Capitals.cpp
Invoking: GCC C++ Compiler
g++ -O0 -g3 -Wall -c -fmessage-length=0 -MMD -MP -MF"src/Capitals.d" -MT"src/Capitals.o" -o "src/Capitals.o" "../src/Capitals.cpp"
In file included from ../src/User.h:14:0,
                 from ../src/UserDB.h:10,
                 from ../src/UI.h:10,
                 from ../src/Capitals.cpp:7:
../src/Game.h:27:2: error: ‘vector’ does not name a type
  vector< pair <std::string,std::string> > caps_vec;
  ^
../src/Game.h:28:2: error: ‘User’ does not name a type
  User user;
  ^
../src/Game.h:35:2: error: ‘pair’ does not name a type
  pair<string,string> questionHandler(); //randomly selects and returns pair<country,capital> for question
  ^
../src/Game.h:36:20: error: ‘pair’ has not been declared
  int answerHandler(pair<string,string>, bool*); //decides what to do with input
                    ^
../src/Game.h:36:24: error: expected ‘,’ or ‘...’ before ‘<’ token
  int answerHandler(pair<string,string>, bool*); //decides what to do with input
                        ^
src/subdir.mk:30: recipe for target 'src/Capitals.o' failed
make: *** [src/Capitals.o] Error 1
04:44:13 **** Incremental Build of configuration Debug for project Caps ****
make all 
Building file: ../src/Capitals.cpp
Invoking: GCC C++ Compiler
g++ -O0 -g3 -Wall -c -fmessage-length=0 -MMD -MP -MF"src/Capitals.d" -MT"src/Capitals.o" -o "src/Capitals.o" "../src/Capitals.cpp"
In file included from ../src/User.h:14:0,
                 from ../src/UserDB.h:10,
                 from ../src/UI.h:10,
                 from ../src/Capitals.cpp:8:
../src/Game.h:27:2: error: ‘vector’ does not name a type
  vector< pair <std::string,std::string> > caps_vec;
  ^
../src/Game.h:28:2: error: ‘User’ does not name a type
  User user;
  ^
../src/Game.h:35:2: error: ‘pair’ does not name a type
  pair<string,string> questionHandler(); //randomly selects and returns pair<country,capital> for question
  ^
../src/Game.h:36:20: error: ‘pair’ has not been declared
  int answerHandler(pair<string,string>, bool*); //decides what to do with input
                    ^
../src/Game.h:36:24: error: expected ‘,’ or ‘...’ before ‘<’ token
  int answerHandler(pair<string,string>, bool*); //decides what to do with input
                        ^
src/subdir.mk:30: recipe for target 'src/Capitals.o' failed
make: *** [src/Capitals.o] Error 1
04:44:42 **** Incremental Build of configuration Debug for project Caps ****
make all 
Building file: ../src/Capitals.cpp
Invoking: GCC C++ Compiler
g++ -O0 -g3 -Wall -c -fmessage-length=0 -MMD -MP -MF"src/Capitals.d" -MT"src/Capitals.o" -o "src/Capitals.o" "../src/Capitals.cpp"
In file included from ../src/User.h:14:0,
                 from ../src/UserDB.h:10,
                 from ../src/UI.h:10,
                 from ../src/Capitals.cpp:8:
../src/Game.h:27:15: error: ‘pair’ was not declared in this scope
  std::vector< pair <std::string,std::string> > caps_vec;
               ^
../src/Game.h:27:15: note: suggested alternative:
In file included from /usr/include/c++/5/bits/stl_algobase.h:64:0,
                 from /usr/include/c++/5/vector:60,
                 from ../src/Capitals.cpp:7:
/usr/include/c++/5/bits/stl_pair.h:96:12: note:   ‘std::pair’
     struct pair
            ^
In file included from ../src/User.h:14:0,
                 from ../src/UserDB.h:10,
                 from ../src/UI.h:10,
                 from ../src/Capitals.cpp:8:
../src/Game.h:27:44: error: template argument 1 is invalid
  std::vector< pair <std::string,std::string> > caps_vec;
                                            ^
../src/Game.h:27:46: error: expected unqualified-id before ‘>’ token
  std::vector< pair <std::string,std::string> > caps_vec;
                                              ^
../src/Game.h:28:2: error: ‘User’ does not name a type
  User user;
  ^
../src/Game.h:35:2: error: ‘pair’ does not name a type
  pair<string,string> questionHandler(); //randomly selects and returns pair<country,capital> for question
  ^
../src/Game.h:36:20: error: ‘pair’ has not been declared
  int answerHandler(pair<string,string>, bool*); //decides what to do with input
                    ^
../src/Game.h:36:24: error: expected ‘,’ or ‘...’ before ‘<’ token
  int answerHandler(pair<string,string>, bool*); //decides what to do with input
                        ^
make: *** [src/Capitals.o] Error 1
src/subdir.mk:30: recipe for target 'src/Capitals.o' failed
04:45:00 **** Incremental Build of configuration Debug for project Caps ****
make all 
Building file: ../src/Capitals.cpp
Invoking: GCC C++ Compiler
g++ -O0 -g3 -Wall -c -fmessage-length=0 -MMD -MP -MF"src/Capitals.d" -MT"src/Capitals.o" -o "src/Capitals.o" "../src/Capitals.cpp"
In file included from ../src/User.h:14:0,
                 from ../src/UserDB.h:10,
                 from ../src/UI.h:10,
                 from ../src/Capitals.cpp:8:
../src/Game.h:11:16: fatal error: pair: No such file or directory
compilation terminated.
src/subdir.mk:30: recipe for target 'src/Capitals.o' failed
make: *** [src/Capitals.o] Error 1
04:45:13 **** Incremental Build of configuration Debug for project Caps ****
make all 
Building file: ../src/Capitals.cpp
Invoking: GCC C++ Compiler
g++ -O0 -g3 -Wall -c -fmessage-length=0 -MMD -MP -MF"src/Capitals.d" -MT"src/Capitals.o" -o "src/Capitals.o" "../src/Capitals.cpp"
In file included from ../src/User.h:14:0,
                 from ../src/UserDB.h:10,
                 from ../src/UI.h:10,
                 from ../src/Capitals.cpp:8:
../src/Game.h:28:2: error: ‘User’ does not name a type
  User user;
  ^
../src/Game.h:35:2: error: ‘pair’ does not name a type
  pair<string,string> questionHandler(); //randomly selects and returns pair<country,capital> for question
  ^
../src/Game.h:36:20: error: ‘pair’ has not been declared
  int answerHandler(pair<string,string>, bool*); //decides what to do with input
                    ^
../src/Game.h:36:24: error: expected ‘,’ or ‘...’ before ‘<’ token
  int answerHandler(pair<string,string>, bool*); //decides what to do with input
                        ^
src/subdir.mk:30: recipe for target 'src/Capitals.o' failed
make: *** [src/Capitals.o] Error 1
04:45:29 **** Incremental Build of configuration Debug for project Caps ****
make all 
Building file: ../src/Capitals.cpp
Invoking: GCC C++ Compiler
g++ -O0 -g3 -Wall -c -fmessage-length=0 -MMD -MP -MF"src/Capitals.d" -MT"src/Capitals.o" -o "src/Capitals.o" "../src/Capitals.cpp"
In file included from ../src/User.h:14:0,
                 from ../src/UserDB.h:10,
                 from ../src/UI.h:10,
                 from ../src/Capitals.cpp:8:
../src/Game.h:28:2: error: ‘User’ does not name a type
  User::User user;
  ^
../src/Game.h:35:2: error: ‘pair’ does not name a type
  pair<string,string> questionHandler(); //randomly selects and returns pair<country,capital> for question
  ^
../src/Game.h:36:20: error: ‘pair’ has not been declared
  int answerHandler(pair<string,string>, bool*); //decides what to do with input
                    ^
../src/Game.h:36:24: error: expected ‘,’ or ‘...’ before ‘<’ token
  int answerHandler(pair<string,string>, bool*); //decides what to do with input
                        ^
make: *** [src/Capitals.o] Error 1
src/subdir.mk:30: recipe for target 'src/Capitals.o' failed
04:45:40 **** Incremental Build of configuration Debug for project Caps ****
make all 
Building file: ../src/Capitals.cpp
Invoking: GCC C++ Compiler
g++ -O0 -g3 -Wall -c -fmessage-length=0 -MMD -MP -MF"src/Capitals.d" -MT"src/Capitals.o" -o "src/Capitals.o" "../src/Capitals.cpp"
In file included from ../src/User.h:14:0,
                 from ../src/UserDB.h:10,
                 from ../src/UI.h:10,
                 from ../src/Capitals.cpp:8:
../src/Game.h:28:8: error: ‘User’ in namespace ‘caps’ does not name a type
  caps::User user;
        ^
../src/Game.h:35:2: error: ‘pair’ does not name a type
  pair<string,string> questionHandler(); //randomly selects and returns pair<country,capital> for question
  ^
../src/Game.h:36:20: error: ‘pair’ has not been declared
  int answerHandler(pair<string,string>, bool*); //decides what to do with input
                    ^
../src/Game.h:36:24: error: expected ‘,’ or ‘...’ before ‘<’ token
  int answerHandler(pair<string,string>, bool*); //decides what to do with input
                        ^
make: *** [src/Capitals.o] Error 1
src/subdir.mk:30: recipe for target 'src/Capitals.o' failed
04:45:54 **** Incremental Build of configuration Debug for project Caps ****
make all 
Building file: ../src/Capitals.cpp
Invoking: GCC C++ Compiler
g++ -O0 -g3 -Wall -c -fmessage-length=0 -MMD -MP -MF"src/Capitals.d" -MT"src/Capitals.o" -o "src/Capitals.o" "../src/Capitals.cpp"
In file included from ../src/User.h:14:0,
                 from ../src/UserDB.h:10,
                 from ../src/UI.h:10,
                 from ../src/Capitals.cpp:8:
../src/Game.h:28:8: error: ‘User’ in namespace ‘caps’ does not name a type
  caps::User user;
        ^
../src/Game.h:35:2: error: ‘pair’ does not name a type
  pair<string,string> questionHandler(); //randomly selects and returns pair<country,capital> for question
  ^
../src/Game.h:36:20: error: ‘pair’ has not been declared
  int answerHandler(pair<string,string>, bool*); //decides what to do with input
                    ^
../src/Game.h:36:24: error: expected ‘,’ or ‘...’ before ‘<’ token
  int answerHandler(pair<string,string>, bool*); //decides what to do with input
                        ^
make: *** [src/Capitals.o] Error 1
src/subdir.mk:30: recipe for target 'src/Capitals.o' failed
04:46:08 **** Incremental Build of configuration Debug for project Caps ****
make all 
Building file: ../src/Capitals.cpp
Invoking: GCC C++ Compiler
g++ -O0 -g3 -Wall -c -fmessage-length=0 -MMD -MP -MF"src/Capitals.d" -MT"src/Capitals.o" -o "src/Capitals.o" "../src/Capitals.cpp"
In file included from ../src/User.h:14:0,
                 from ../src/UserDB.h:10,
                 from ../src/UI.h:10,
                 from ../src/Capitals.cpp:8:
../src/Game.h:28:8: error: ‘User’ in namespace ‘caps’ does not name a type
  caps::User user;
        ^
../src/Game.h:35:2: error: ‘pair’ does not name a type
  pair<string,string> questionHandler(); //randomly selects and returns pair<country,capital> for question
  ^
../src/Game.h:36:20: error: ‘pair’ has not been declared
  int answerHandler(pair<string,string>, bool*); //decides what to do with input
                    ^
../src/Game.h:36:24: error: expected ‘,’ or ‘...’ before ‘<’ token
  int answerHandler(pair<string,string>, bool*); //decides what to do with input
                        ^
src/subdir.mk:30: recipe for target 'src/Capitals.o' failed
make: *** [src/Capitals.o] Error 1
04:46:20 **** Incremental Build of configuration Debug for project Caps ****
make all 
Building file: ../src/Capitals.cpp
Invoking: GCC C++ Compiler
g++ -O0 -g3 -Wall -c -fmessage-length=0 -MMD -MP -MF"src/Capitals.d" -MT"src/Capitals.o" -o "src/Capitals.o" "../src/Capitals.cpp"
In file included from ../src/User.h:14:0,
                 from ../src/UserDB.h:10,
                 from ../src/UI.h:10,
                 from ../src/Capitals.cpp:8:
../src/Game.h:28:8: error: ‘User’ in namespace ‘caps’ does not name a type
  caps::User user;
        ^
../src/Game.h:35:12: error: ‘string’ was not declared in this scope
  std::pair<string,string> questionHandler(); //randomly selects and returns pair<country,capital> for question
            ^
../src/Game.h:35:12: note: suggested alternatives:
In file included from /usr/include/c++/5/string:39:0,
                 from ../src/User.h:11,
                 from ../src/UserDB.h:10,
                 from ../src/UI.h:10,
                 from ../src/Capitals.cpp:8:
/usr/include/c++/5/bits/stringfwd.h:74:33: note:   ‘std::__cxx11::string’
   typedef basic_string<char>    string;   
                                 ^
/usr/include/c++/5/bits/stringfwd.h:74:33: note:   ‘std::__cxx11::string’
In file included from ../src/User.h:14:0,
                 from ../src/UserDB.h:10,
                 from ../src/UI.h:10,
                 from ../src/Capitals.cpp:8:
../src/Game.h:35:19: error: ‘string’ was not declared in this scope
  std::pair<string,string> questionHandler(); //randomly selects and returns pair<country,capital> for question
                   ^
../src/Game.h:35:19: note: suggested alternatives:
In file included from /usr/include/c++/5/string:39:0,
                 from ../src/User.h:11,
                 from ../src/UserDB.h:10,
                 from ../src/UI.h:10,
                 from ../src/Capitals.cpp:8:
/usr/include/c++/5/bits/stringfwd.h:74:33: note:   ‘std::__cxx11::string’
   typedef basic_string<char>    string;   
                                 ^
/usr/include/c++/5/bits/stringfwd.h:74:33: note:   ‘std::__cxx11::string’
In file included from ../src/User.h:14:0,
                 from ../src/UserDB.h:10,
                 from ../src/UI.h:10,
                 from ../src/Capitals.cpp:8:
../src/Game.h:35:25: error: template argument 1 is invalid
  std::pair<string,string> questionHandler(); //randomly selects and returns pair<country,capital> for question
                         ^
../src/Game.h:35:25: error: template argument 2 is invalid
../src/Game.h:36:20: error: ‘pair’ has not been declared
  int answerHandler(pair<string,string>, bool*); //decides what to do with input
                    ^
../src/Game.h:36:24: error: expected ‘,’ or ‘...’ before ‘<’ token
  int answerHandler(pair<string,string>, bool*); //decides what to do with input
                        ^
make: *** [src/Capitals.o] Error 1
src/subdir.mk:30: recipe for target 'src/Capitals.o' failed
04:46:53 **** Incremental Build of configuration Debug for project Caps ****
make all 
Building file: ../src/Capitals.cpp
Invoking: GCC C++ Compiler
g++ -O0 -g3 -Wall -c -fmessage-length=0 -MMD -MP -MF"src/Capitals.d" -MT"src/Capitals.o" -o "src/Capitals.o" "../src/Capitals.cpp"
In file included from ../src/User.h:14:0,
                 from ../src/UserDB.h:10,
                 from ../src/UI.h:10,
                 from ../src/Capitals.cpp:8:
../src/Game.h:29:8: error: ‘User’ in namespace ‘caps’ does not name a type
  caps::User user;
        ^
../src/Game.h:36:12: error: ‘string’ was not declared in this scope
  std::pair<string,string> questionHandler(); //randomly selects and returns pair<country,capital> for question
            ^
../src/Game.h:36:12: note: suggested alternatives:
In file included from /usr/include/c++/5/string:39:0,
                 from ../src/User.h:11,
                 from ../src/UserDB.h:10,
                 from ../src/UI.h:10,
                 from ../src/Capitals.cpp:8:
/usr/include/c++/5/bits/stringfwd.h:74:33: note:   ‘std::__cxx11::string’
   typedef basic_string<char>    string;   
                                 ^
/usr/include/c++/5/bits/stringfwd.h:74:33: note:   ‘std::__cxx11::string’
In file included from ../src/User.h:14:0,
                 from ../src/UserDB.h:10,
                 from ../src/UI.h:10,
                 from ../src/Capitals.cpp:8:
../src/Game.h:36:19: error: ‘string’ was not declared in this scope
  std::pair<string,string> questionHandler(); //randomly selects and returns pair<country,capital> for question
                   ^
../src/Game.h:36:19: note: suggested alternatives:
In file included from /usr/include/c++/5/string:39:0,
                 from ../src/User.h:11,
                 from ../src/UserDB.h:10,
                 from ../src/UI.h:10,
                 from ../src/Capitals.cpp:8:
/usr/include/c++/5/bits/stringfwd.h:74:33: note:   ‘std::__cxx11::string’
   typedef basic_string<char>    string;   
                                 ^
/usr/include/c++/5/bits/stringfwd.h:74:33: note:   ‘std::__cxx11::string’
In file included from ../src/User.h:14:0,
                 from ../src/UserDB.h:10,
                 from ../src/UI.h:10,
                 from ../src/Capitals.cpp:8:
../src/Game.h:36:25: error: template argument 1 is invalid
  std::pair<string,string> questionHandler(); //randomly selects and returns pair<country,capital> for question
                         ^
../src/Game.h:36:25: error: template argument 2 is invalid
../src/Game.h:37:20: error: ‘pair’ has not been declared
  int answerHandler(pair<string,string>, bool*); //decides what to do with input
                    ^
../src/Game.h:37:24: error: expected ‘,’ or ‘...’ before ‘<’ token
  int answerHandler(pair<string,string>, bool*); //decides what to do with input
                        ^
make: *** [src/Capitals.o] Error 1
src/subdir.mk:30: recipe for target 'src/Capitals.o' failed
04:46:57 **** Incremental Build of configuration Debug for project Caps ****
make all 
Building file: ../src/Capitals.cpp
Invoking: GCC C++ Compiler
g++ -O0 -g3 -Wall -c -fmessage-length=0 -MMD -MP -MF"src/Capitals.d" -MT"src/Capitals.o" -o "src/Capitals.o" "../src/Capitals.cpp"
In file included from ../src/User.h:14:0,
                 from ../src/UserDB.h:10,
                 from ../src/UI.h:10,
                 from ../src/Capitals.cpp:8:
../src/Game.h:29:8: error: ‘User’ in namespace ‘caps’ does not name a type
  caps::User user;
        ^
../src/Game.h:36:2: error: ‘pair’ does not name a type
  pair<string,string> questionHandler(); //randomly selects and returns pair<country,capital> for question
  ^
../src/Game.h:37:20: error: ‘pair’ has not been declared
  int answerHandler(pair<string,string>, bool*); //decides what to do with input
                    ^
../src/Game.h:37:24: error: expected ‘,’ or ‘...’ before ‘<’ token
  int answerHandler(pair<string,string>, bool*); //decides what to do with input
                        ^
make: *** [src/Capitals.o] Error 1
src/subdir.mk:30: recipe for target 'src/Capitals.o' failed
04:47:04 **** Incremental Build of configuration Debug for project Caps ****
make all 
Building file: ../src/Capitals.cpp
Invoking: GCC C++ Compiler
g++ -O0 -g3 -Wall -c -fmessage-length=0 -MMD -MP -MF"src/Capitals.d" -MT"src/Capitals.o" -o "src/Capitals.o" "../src/Capitals.cpp"
In file included from ../src/User.h:14:0,
                 from ../src/UserDB.h:10,
                 from ../src/UI.h:10,
                 from ../src/Capitals.cpp:8:
../src/Game.h:30:8: error: ‘User’ in namespace ‘caps’ does not name a type
  caps::User user;
        ^
../src/Game.h:37:2: error: ‘pair’ does not name a type
  pair<string,string> questionHandler(); //randomly selects and returns pair<country,capital> for question
  ^
../src/Game.h:38:20: error: ‘pair’ has not been declared
  int answerHandler(pair<string,string>, bool*); //decides what to do with input
                    ^
../src/Game.h:38:24: error: expected ‘,’ or ‘...’ before ‘<’ token
  int answerHandler(pair<string,string>, bool*); //decides what to do with input
                        ^
src/subdir.mk:30: recipe for target 'src/Capitals.o' failed
make: *** [src/Capitals.o] Error 1
04:47:29 **** Incremental Build of configuration Debug for project Caps ****
make all 
Building file: ../src/Capitals.cpp
Invoking: GCC C++ Compiler
g++ -O0 -g3 -Wall -c -fmessage-length=0 -MMD -MP -MF"src/Capitals.d" -MT"src/Capitals.o" -o "src/Capitals.o" "../src/Capitals.cpp"
In file included from ../src/User.h:14:0,
                 from ../src/UserDB.h:10,
                 from ../src/UI.h:10,
                 from ../src/Capitals.cpp:8:
../src/Game.h:30:8: error: ‘User’ in namespace ‘caps’ does not name a type
  caps::User user;
        ^
make: *** [src/Capitals.o] Error 1
src/subdir.mk:30: recipe for target 'src/Capitals.o' failed
04:47:50 **** Incremental Build of configuration Debug for project Caps ****
make all 
Building file: ../src/Capitals.cpp
Invoking: GCC C++ Compiler
g++ -O0 -g3 -Wall -c -fmessage-length=0 -MMD -MP -MF"src/Capitals.d" -MT"src/Capitals.o" -o "src/Capitals.o" "../src/Capitals.cpp"
In file included from ../src/User.h:14:0,
                 from ../src/UserDB.h:10,
                 from ../src/UI.h:10,
                 from ../src/Capitals.cpp:8:
../src/Game.h:13:18: fatal error: User.h: No such file or directory
compilation terminated.
src/subdir.mk:30: recipe for target 'src/Capitals.o' failed
make: *** [src/Capitals.o] Error 1
04:48:21 **** Incremental Build of configuration Debug for project Caps ****
make all 
Building file: ../src/Capitals.cpp
Invoking: GCC C++ Compiler
g++ -O0 -g3 -Wall -c -fmessage-length=0 -MMD -MP -MF"src/Capitals.d" -MT"src/Capitals.o" -o "src/Capitals.o" "../src/Capitals.cpp"
In file included from ../src/User.h:14:0,
                 from ../src/UserDB.h:10,
                 from ../src/UI.h:10,
                 from ../src/Capitals.cpp:8:
../src/Game.h:30:8: error: ‘User’ in namespace ‘caps’ does not name a type
  caps::User user;
        ^
make: *** [src/Capitals.o] Error 1
src/subdir.mk:30: recipe for target 'src/Capitals.o' failed
04:48:27 **** Incremental Build of configuration Debug for project Caps ****
make all 
Building file: ../src/Capitals.cpp
Invoking: GCC C++ Compiler
g++ -O0 -g3 -Wall -c -fmessage-length=0 -MMD -MP -MF"src/Capitals.d" -MT"src/Capitals.o" -o "src/Capitals.o" "../src/Capitals.cpp"
In file included from ../src/User.h:14:0,
                 from ../src/UserDB.h:10,
                 from ../src/UI.h:10,
                 from ../src/Capitals.cpp:8:
../src/Game.h:30:2: error: ‘User’ does not name a type
  User user;
  ^
make: *** [src/Capitals.o] Error 1
src/subdir.mk:30: recipe for target 'src/Capitals.o' failed
04:48:32 **** Incremental Build of configuration Debug for project Caps ****
make all 
Building file: ../src/Capitals.cpp
Invoking: GCC C++ Compiler
g++ -O0 -g3 -Wall -c -fmessage-length=0 -MMD -MP -MF"src/Capitals.d" -MT"src/Capitals.o" -o "src/Capitals.o" "../src/Capitals.cpp"
In file included from ../src/User.h:14:0,
                 from ../src/UserDB.h:10,
                 from ../src/UI.h:10,
                 from ../src/Capitals.cpp:8:
../src/Game.h:30:2: error: ‘User’ does not name a type
  User* user;
  ^
src/subdir.mk:30: recipe for target 'src/Capitals.o' failed
make: *** [src/Capitals.o] Error 1
04:48:53 **** Incremental Build of configuration Debug for project Caps ****
make all 
Building file: ../src/Capitals.cpp
Invoking: GCC C++ Compiler
g++ -O0 -g3 -Wall -c -fmessage-length=0 -MMD -MP -MF"src/Capitals.d" -MT"src/Capitals.o" -o "src/Capitals.o" "../src/Capitals.cpp"
In file included from ../src/User.h:14:0,
                 from ../src/UserDB.h:10,
                 from ../src/UI.h:10,
                 from ../src/Capitals.cpp:8:
../src/Game.h:30:2: error: ‘User’ does not name a type
  User* user;
  ^
src/subdir.mk:30: recipe for target 'src/Capitals.o' failed
make: *** [src/Capitals.o] Error 1
04:48:57 **** Incremental Build of configuration Debug for project Caps ****
make all 
Building file: ../src/Capitals.cpp
Invoking: GCC C++ Compiler
g++ -O0 -g3 -Wall -c -fmessage-length=0 -MMD -MP -MF"src/Capitals.d" -MT"src/Capitals.o" -o "src/Capitals.o" "../src/Capitals.cpp"
In file included from ../src/User.h:14:0,
                 from ../src/UserDB.h:10,
                 from ../src/UI.h:10,
                 from ../src/Capitals.cpp:8:
../src/Game.h:30:2: error: ‘User’ does not name a type
  User* user;
  ^
src/subdir.mk:30: recipe for target 'src/Capitals.o' failed
make: *** [src/Capitals.o] Error 1
04:50:29 **** Incremental Build of configuration Debug for project Caps ****
make all 
Building file: ../src/Capitals.cpp
Invoking: GCC C++ Compiler
g++ -O0 -g3 -Wall -c -fmessage-length=0 -MMD -MP -MF"src/Capitals.d" -MT"src/Capitals.o" -o "src/Capitals.o" "../src/Capitals.cpp"
Finished building: ../src/Capitals.cpp
 
Building file: ../src/Game.cpp
Invoking: GCC C++ Compiler
g++ -O0 -g3 -Wall -c -fmessage-length=0 -MMD -MP -MF"src/Game.d" -MT"src/Game.o" -o "src/Game.o" "../src/Game.cpp"
In file included from ../src/UI.h:10:0,
                 from ../src/User.h:12,
                 from ../src/Game.h:13,
                 from ../src/Game.cpp:8:
../src/UserDB.h:23:15: error: ‘User’ has not been declared
  void addUser(User);
               ^
../src/UserDB.h:27:2: error: ‘map’ does not name a type
  map<string,User> all_users;
  ^
In file included from ../src/User.h:12:0,
                 from ../src/Game.h:13,
                 from ../src/Game.cpp:8:
../src/UI.h:21:2: error: ‘Game’ does not name a type
  Game* game;
  ^
../src/Game.cpp: In constructor ‘caps::Game::Game()’:
../src/Game.cpp:19:7: error: variable ‘caps::Game::User user’ has initializer but incomplete type
  User user = new User();
       ^
../src/Game.cpp:19:23: error: invalid use of incomplete type ‘class caps::Game::User’
  User user = new User();
                       ^
In file included from ../src/Game.cpp:8:0:
../src/Game.h:24:8: note: forward declaration of ‘class caps::Game::User’
  class User;
        ^
../src/Game.cpp: In function ‘void caps::beginRound()’:
../src/Game.cpp:47:90: error: ‘MAX_SCORE’ was not declared in this scope
  cout << "Each question is worth " << Game::MAX_SCORE << " points and you will have " << MAX_SCORE << " attempts per question." << endl;
                                                                                          ^
../src/Game.cpp: In member function ‘void caps::Game::roundHandler()’:
../src/Game.cpp:57:2: error: ‘ui’ was not declared in this scope
  ui->beginRound();
  ^
src/subdir.mk:30: recipe for target 'src/Game.o' failed
make: *** [src/Game.o] Error 1
04:50:53 **** Incremental Build of configuration Debug for project Caps ****
make all 
Building file: ../src/Capitals.cpp
Invoking: GCC C++ Compiler
g++ -O0 -g3 -Wall -c -fmessage-length=0 -MMD -MP -MF"src/Capitals.d" -MT"src/Capitals.o" -o "src/Capitals.o" "../src/Capitals.cpp"
In file included from ../src/User.h:14:0,
                 from ../src/UserDB.h:10,
                 from ../src/UI.h:10,
                 from ../src/Capitals.cpp:8:
../src/Game.h:31:2: error: ‘User’ does not name a type
  User* user;
  ^
make: *** [src/Capitals.o] Error 1
src/subdir.mk:30: recipe for target 'src/Capitals.o' failed
04:54:45 **** Incremental Build of configuration Debug for project Caps ****
make all 
Building file: ../src/Capitals.cpp
Invoking: GCC C++ Compiler
g++ -O0 -g3 -Wall -c -fmessage-length=0 -MMD -MP -MF"src/Capitals.d" -MT"src/Capitals.o" -o "src/Capitals.o" "../src/Capitals.cpp"
In file included from ../src/UI.h:10:0,
                 from ../src/Capitals.cpp:8:
../src/UserDB.h:25:2: error: ‘map’ does not name a type
  map<string,User> all_users;
  ^
src/subdir.mk:30: recipe for target 'src/Capitals.o' failed
make: *** [src/Capitals.o] Error 1
04:55:01 **** Incremental Build of configuration Debug for project Caps ****
make all 
Building file: ../src/Capitals.cpp
Invoking: GCC C++ Compiler
g++ -O0 -g3 -Wall -c -fmessage-length=0 -MMD -MP -MF"src/Capitals.d" -MT"src/Capitals.o" -o "src/Capitals.o" "../src/Capitals.cpp"
In file included from ../src/UI.h:10:0,
                 from ../src/Capitals.cpp:8:
../src/UserDB.h:25:7: error: ‘map’ in namespace ‘std’ does not name a template type
  std::map<string,User> all_users;
       ^
src/subdir.mk:30: recipe for target 'src/Capitals.o' failed
make: *** [src/Capitals.o] Error 1
04:55:20 **** Incremental Build of configuration Debug for project Caps ****
make all 
Building file: ../src/Capitals.cpp
Invoking: GCC C++ Compiler
g++ -O0 -g3 -Wall -c -fmessage-length=0 -MMD -MP -MF"src/Capitals.d" -MT"src/Capitals.o" -o "src/Capitals.o" "../src/Capitals.cpp"
In file included from ../src/UI.h:10:0,
                 from ../src/Capitals.cpp:8:
../src/UserDB.h:25:2: error: ‘map’ does not name a type
  map<string,User> all_users;
  ^
src/subdir.mk:30: recipe for target 'src/Capitals.o' failed
make: *** [src/Capitals.o] Error 1
04:55:31 **** Incremental Build of configuration Debug for project Caps ****
make all 
Building file: ../src/Capitals.cpp
Invoking: GCC C++ Compiler
g++ -O0 -g3 -Wall -c -fmessage-length=0 -MMD -MP -MF"src/Capitals.d" -MT"src/Capitals.o" -o "src/Capitals.o" "../src/Capitals.cpp"
Finished building: ../src/Capitals.cpp
 
Building file: ../src/Game.cpp
Invoking: GCC C++ Compiler
g++ -O0 -g3 -Wall -c -fmessage-length=0 -MMD -MP -MF"src/Game.d" -MT"src/Game.o" -o "src/Game.o" "../src/Game.cpp"
../src/Game.cpp: In constructor ‘caps::Game::Game()’:
../src/Game.cpp:21:23: error: conversion from ‘caps::User*’ to non-scalar type ‘caps::User’ requested
  User user = new User();
                       ^
../src/Game.cpp: In function ‘void caps::beginRound()’:
../src/Game.cpp:49:90: error: ‘MAX_SCORE’ was not declared in this scope
  cout << "Each question is worth " << Game::MAX_SCORE << " points and you will have " << MAX_SCORE << " attempts per question." << endl;
                                                                                          ^
../src/Game.cpp: In member function ‘void caps::Game::roundHandler()’:
../src/Game.cpp:59:2: error: ‘ui’ was not declared in this scope
  ui->beginRound();
  ^
src/subdir.mk:30: recipe for target 'src/Game.o' failed
make: *** [src/Game.o] Error 1
04:55:40 **** Incremental Build of configuration Debug for project Caps ****
make all 
Building file: ../src/Game.cpp
Invoking: GCC C++ Compiler
g++ -O0 -g3 -Wall -c -fmessage-length=0 -MMD -MP -MF"src/Game.d" -MT"src/Game.o" -o "src/Game.o" "../src/Game.cpp"
../src/Game.cpp: In constructor ‘caps::Game::Game()’:
../src/Game.cpp:21:23: error: conversion from ‘caps::User*’ to non-scalar type ‘caps::User’ requested
  User user = new User();
                       ^
../src/Game.cpp: In function ‘void caps::beginRound()’:
../src/Game.cpp:49:90: error: ‘MAX_SCORE’ was not declared in this scope
  cout << "Each question is worth " << Game::MAX_SCORE << " points and you will have " << MAX_SCORE << " attempts per question." << endl;
                                                                                          ^
../src/Game.cpp: In member function ‘void caps::Game::roundHandler()’:
../src/Game.cpp:59:2: error: ‘ui’ was not declared in this scope
  ui->beginRound();
  ^
make: *** [src/Game.o] Error 1
src/subdir.mk:30: recipe for target 'src/Game.o' failed
04:56:19 **** Incremental Build of configuration Debug for project Caps ****
make all 
Building file: ../src/Game.cpp
Invoking: GCC C++ Compiler
g++ -O0 -g3 -Wall -c -fmessage-length=0 -MMD -MP -MF"src/Game.d" -MT"src/Game.o" -o "src/Game.o" "../src/Game.cpp"
../src/Game.cpp: In constructor ‘caps::Game::Game()’:
../src/Game.cpp:21:23: error: conversion from ‘caps::User*’ to non-scalar type ‘caps::User’ requested
  User user = new User();
                       ^
../src/Game.cpp: In function ‘void caps::beginRound()’:
../src/Game.cpp:49:90: error: ‘MAX_SCORE’ was not declared in this scope
  cout << "Each question is worth " << Game::MAX_SCORE << " points and you will have " << MAX_SCORE << " attempts per question." << endl;
                                                                                          ^
../src/Game.cpp: In member function ‘void caps::Game::roundHandler()’:
../src/Game.cpp:59:2: error: ‘ui’ was not declared in this scope
  ui->beginRound();
  ^
src/subdir.mk:30: recipe for target 'src/Game.o' failed
make: *** [src/Game.o] Error 1
04:56:40 **** Incremental Build of configuration Debug for project Caps ****
make all 
Building file: ../src/Game.cpp
Invoking: GCC C++ Compiler
g++ -O0 -g3 -Wall -c -fmessage-length=0 -MMD -MP -MF"src/Game.d" -MT"src/Game.o" -o "src/Game.o" "../src/Game.cpp"
../src/Game.cpp: In function ‘void caps::beginRound()’:
../src/Game.cpp:49:90: error: ‘MAX_SCORE’ was not declared in this scope
  cout << "Each question is worth " << Game::MAX_SCORE << " points and you will have " << MAX_SCORE << " attempts per question." << endl;
                                                                                          ^
../src/Game.cpp: In member function ‘void caps::Game::roundHandler()’:
../src/Game.cpp:59:2: error: ‘ui’ was not declared in this scope
  ui->beginRound();
  ^
make: *** [src/Game.o] Error 1
src/subdir.mk:30: recipe for target 'src/Game.o' failed
04:57:21 **** Incremental Build of configuration Debug for project Caps ****
make all 
Building file: ../src/Game.cpp
Invoking: GCC C++ Compiler
g++ -O0 -g3 -Wall -c -fmessage-length=0 -MMD -MP -MF"src/Game.d" -MT"src/Game.o" -o "src/Game.o" "../src/Game.cpp"
../src/Game.cpp: In function ‘void caps::beginRound()’:
../src/Game.cpp:49:90: error: ‘MAX_SCORE’ was not declared in this scope
  cout << "Each question is worth " << Game::MAX_SCORE << " points and you will have " << MAX_SCORE << " attempts per question." << endl;
                                                                                          ^
../src/Game.cpp: In member function ‘void caps::Game::roundHandler()’:
../src/Game.cpp:59:2: error: ‘ui’ was not declared in this scope
  ui->beginRound();
  ^
src/subdir.mk:30: recipe for target 'src/Game.o' failed
make: *** [src/Game.o] Error 1
04:57:47 **** Incremental Build of configuration Debug for project Caps ****
make all 
Building file: ../src/Game.cpp
Invoking: GCC C++ Compiler
g++ -O0 -g3 -Wall -c -fmessage-length=0 -MMD -MP -MF"src/Game.d" -MT"src/Game.o" -o "src/Game.o" "../src/Game.cpp"
../src/Game.cpp: In function ‘void caps::beginRound()’:
../src/Game.cpp:49:90: error: ‘MAX_SCORE’ was not declared in this scope
  cout << "Each question is worth " << Game::MAX_SCORE << " points and you will have " << MAX_SCORE << " attempts per question." << endl;
                                                                                          ^
../src/Game.cpp: In member function ‘void caps::Game::roundHandler()’:
../src/Game.cpp:59:2: error: ‘ui’ was not declared in this scope
  ui->beginRound();
  ^
make: *** [src/Game.o] Error 1
src/subdir.mk:30: recipe for target 'src/Game.o' failed
04:58:11 **** Incremental Build of configuration Debug for project Caps ****
make all 
Building file: ../src/Game.cpp
Invoking: GCC C++ Compiler
g++ -O0 -g3 -Wall -c -fmessage-length=0 -MMD -MP -MF"src/Game.d" -MT"src/Game.o" -o "src/Game.o" "../src/Game.cpp"
../src/Game.cpp: In member function ‘void caps::Game::roundHandler()’:
../src/Game.cpp:59:2: error: ‘ui’ was not declared in this scope
  ui->beginRound();
  ^
src/subdir.mk:30: recipe for target 'src/Game.o' failed
make: *** [src/Game.o] Error 1
05:00:38 **** Incremental Build of configuration Debug for project Caps ****
make all 
Building file: ../src/Game.cpp
Invoking: GCC C++ Compiler
g++ -O0 -g3 -Wall -c -fmessage-length=0 -MMD -MP -MF"src/Game.d" -MT"src/Game.o" -o "src/Game.o" "../src/Game.cpp"
Finished building: ../src/Game.cpp
 
Building file: ../src/UI.cpp
Invoking: GCC C++ Compiler
g++ -O0 -g3 -Wall -c -fmessage-length=0 -MMD -MP -MF"src/UI.d" -MT"src/UI.o" -o "src/UI.o" "../src/UI.cpp"
../src/UI.cpp: In member function ‘void caps::UI::addUser()’:
../src/UI.cpp:60:30: error: no matching function for call to ‘caps::User::User(std::__cxx11::string&)’
  User usr = new User(username);
                              ^
In file included from ../src/UserDB.h:10:0,
                 from ../src/UI.h:10,
                 from ../src/UI.cpp:8:
../src/User.h:19:2: note: candidate: caps::User::User(std::__cxx11::string, std::vector<int>)
  User(string name, vector<int> score_history);
  ^
../src/User.h:19:2: note:   candidate expects 2 arguments, 1 provided
../src/User.h:18:2: note: candidate: caps::User::User()
  User();
  ^
../src/User.h:18:2: note:   candidate expects 0 arguments, 1 provided
../src/User.h:16:7: note: candidate: caps::User::User(const caps::User&)
 class User {
       ^
../src/User.h:16:7: note:   no known conversion for argument 1 from ‘std::__cxx11::string {aka std::__cxx11::basic_string<char>}’ to ‘const caps::User&’
../src/UI.cpp:62:13: error: cannot convert ‘caps::User’ to ‘caps::User*’ in assignment
  game->user = usr;
             ^
In file included from ../src/UI.h:10:0,
                 from ../src/UI.cpp:8:
../src/UserDB.h: In member function ‘void caps::UI::continueAsUser()’:
../src/UserDB.h:26:19: error: ‘std::map<std::__cxx11::basic_string<char>, caps::User> caps::UserDB::all_users’ is private
  map<string,User> all_users;
                   ^
../src/UI.cpp:77:19: error: within this context
   else if(userDB->all_users.find(username) == userDB->all_users.end()){
                   ^
In file included from ../src/UI.h:10:0,
                 from ../src/UI.cpp:8:
../src/UserDB.h:26:19: error: ‘std::map<std::__cxx11::basic_string<char>, caps::User> caps::UserDB::all_users’ is private
  map<string,User> all_users;
                   ^
../src/UI.cpp:77:55: error: within this context
   else if(userDB->all_users.find(username) == userDB->all_users.end()){
                                                       ^
In file included from ../src/UI.h:10:0,
                 from ../src/UI.cpp:8:
../src/UserDB.h:26:19: error: ‘std::map<std::__cxx11::basic_string<char>, caps::User> caps::UserDB::all_users’ is private
  map<string,User> all_users;
                   ^
../src/UI.cpp:82:25: error: within this context
    game->user = userDB->all_users[username];
                         ^
../src/UI.cpp:82:15: error: cannot convert ‘std::map<std::__cxx11::basic_string<char>, caps::User>::mapped_type {aka caps::User}’ to ‘caps::User*’ in assignment
    game->user = userDB->all_users[username];
               ^
../src/UI.cpp: In member function ‘void caps::UI::afterRoundMenu(int)’:
../src/UI.cpp:97:6: warning: unused variable ‘response’ [-Wunused-variable]
  int response;
      ^
src/subdir.mk:30: recipe for target 'src/UI.o' failed
make: *** [src/UI.o] Error 1
05:03:11 **** Incremental Build of configuration Debug for project Caps ****
make all 
Building file: ../src/Capitals.cpp
Invoking: GCC C++ Compiler
g++ -O0 -g3 -Wall -c -fmessage-length=0 -MMD -MP -MF"src/Capitals.d" -MT"src/Capitals.o" -o "src/Capitals.o" "../src/Capitals.cpp"
Finished building: ../src/Capitals.cpp
 
Building file: ../src/Game.cpp
Invoking: GCC C++ Compiler
g++ -O0 -g3 -Wall -c -fmessage-length=0 -MMD -MP -MF"src/Game.d" -MT"src/Game.o" -o "src/Game.o" "../src/Game.cpp"
Finished building: ../src/Game.cpp
 
Building file: ../src/UI.cpp
Invoking: GCC C++ Compiler
g++ -O0 -g3 -Wall -c -fmessage-length=0 -MMD -MP -MF"src/UI.d" -MT"src/UI.o" -o "src/UI.o" "../src/UI.cpp"
../src/UI.cpp: In member function ‘void caps::UI::addUser()’:
../src/UI.cpp:60:30: error: conversion from ‘caps::User*’ to non-scalar type ‘caps::User’ requested
  User usr = new User(username);
                              ^
../src/UI.cpp:62:13: error: cannot convert ‘caps::User’ to ‘caps::User*’ in assignment
  game->user = usr;
             ^
In file included from ../src/UI.h:10:0,
                 from ../src/UI.cpp:8:
../src/UserDB.h: In member function ‘void caps::UI::continueAsUser()’:
../src/UserDB.h:26:19: error: ‘std::map<std::__cxx11::basic_string<char>, caps::User> caps::UserDB::all_users’ is private
  map<string,User> all_users;
                   ^
../src/UI.cpp:77:19: error: within this context
   else if(userDB->all_users.find(username) == userDB->all_users.end()){
                   ^
In file included from ../src/UI.h:10:0,
                 from ../src/UI.cpp:8:
../src/UserDB.h:26:19: error: ‘std::map<std::__cxx11::basic_string<char>, caps::User> caps::UserDB::all_users’ is private
  map<string,User> all_users;
                   ^
../src/UI.cpp:77:55: error: within this context
   else if(userDB->all_users.find(username) == userDB->all_users.end()){
                                                       ^
In file included from ../src/UI.h:10:0,
                 from ../src/UI.cpp:8:
../src/UserDB.h:26:19: error: ‘std::map<std::__cxx11::basic_string<char>, caps::User> caps::UserDB::all_users’ is private
  map<string,User> all_users;
                   ^
../src/UI.cpp:82:25: error: within this context
    game->user = userDB->all_users[username];
                         ^
../src/UI.cpp:82:15: error: cannot convert ‘std::map<std::__cxx11::basic_string<char>, caps::User>::mapped_type {aka caps::User}’ to ‘caps::User*’ in assignment
    game->user = userDB->all_users[username];
               ^
../src/UI.cpp: In member function ‘void caps::UI::afterRoundMenu(int)’:
../src/UI.cpp:97:6: warning: unused variable ‘response’ [-Wunused-variable]
  int response;
      ^
src/subdir.mk:30: recipe for target 'src/UI.o' failed
make: *** [src/UI.o] Error 1
05:03:22 **** Incremental Build of configuration Debug for project Caps ****
make all 
Building file: ../src/UI.cpp
Invoking: GCC C++ Compiler
g++ -O0 -g3 -Wall -c -fmessage-length=0 -MMD -MP -MF"src/UI.d" -MT"src/UI.o" -o "src/UI.o" "../src/UI.cpp"
../src/UI.cpp: In member function ‘void caps::UI::addUser()’:
../src/UI.cpp:60:10: error: expected initializer before ‘*’ token
  User usr* = new User(username);
          ^
../src/UI.cpp:61:18: error: ‘usr’ was not declared in this scope
  userDB->addUser(usr);
                  ^
In file included from ../src/UI.h:10:0,
                 from ../src/UI.cpp:8:
../src/UserDB.h: In member function ‘void caps::UI::continueAsUser()’:
../src/UserDB.h:26:19: error: ‘std::map<std::__cxx11::basic_string<char>, caps::User> caps::UserDB::all_users’ is private
  map<string,User> all_users;
                   ^
../src/UI.cpp:77:19: error: within this context
   else if(userDB->all_users.find(username) == userDB->all_users.end()){
                   ^
In file included from ../src/UI.h:10:0,
                 from ../src/UI.cpp:8:
../src/UserDB.h:26:19: error: ‘std::map<std::__cxx11::basic_string<char>, caps::User> caps::UserDB::all_users’ is private
  map<string,User> all_users;
                   ^
../src/UI.cpp:77:55: error: within this context
   else if(userDB->all_users.find(username) == userDB->all_users.end()){
                                                       ^
In file included from ../src/UI.h:10:0,
                 from ../src/UI.cpp:8:
../src/UserDB.h:26:19: error: ‘std::map<std::__cxx11::basic_string<char>, caps::User> caps::UserDB::all_users’ is private
  map<string,User> all_users;
                   ^
../src/UI.cpp:82:25: error: within this context
    game->user = userDB->all_users[username];
                         ^
../src/UI.cpp:82:15: error: cannot convert ‘std::map<std::__cxx11::basic_string<char>, caps::User>::mapped_type {aka caps::User}’ to ‘caps::User*’ in assignment
    game->user = userDB->all_users[username];
               ^
../src/UI.cpp: In member function ‘void caps::UI::afterRoundMenu(int)’:
../src/UI.cpp:97:6: warning: unused variable ‘response’ [-Wunused-variable]
  int response;
      ^
src/subdir.mk:30: recipe for target 'src/UI.o' failed
make: *** [src/UI.o] Error 1
05:03:31 **** Incremental Build of configuration Debug for project Caps ****
make all 
Building file: ../src/UI.cpp
Invoking: GCC C++ Compiler
g++ -O0 -g3 -Wall -c -fmessage-length=0 -MMD -MP -MF"src/UI.d" -MT"src/UI.o" -o "src/UI.o" "../src/UI.cpp"
../src/UI.cpp: In member function ‘void caps::UI::addUser()’:
../src/UI.cpp:61:21: error: no matching function for call to ‘caps::UserDB::addUser(caps::User*&)’
  userDB->addUser(usr);
                     ^
In file included from ../src/UI.h:10:0,
                 from ../src/UI.cpp:8:
../src/UserDB.h:22:7: note: candidate: void caps::UserDB::addUser(caps::User)
  void addUser(User);
       ^
../src/UserDB.h:22:7: note:   no known conversion for argument 1 from ‘caps::User*’ to ‘caps::User’
../src/UserDB.h: In member function ‘void caps::UI::continueAsUser()’:
../src/UserDB.h:26:19: error: ‘std::map<std::__cxx11::basic_string<char>, caps::User> caps::UserDB::all_users’ is private
  map<string,User> all_users;
                   ^
../src/UI.cpp:77:19: error: within this context
   else if(userDB->all_users.find(username) == userDB->all_users.end()){
                   ^
In file included from ../src/UI.h:10:0,
                 from ../src/UI.cpp:8:
../src/UserDB.h:26:19: error: ‘std::map<std::__cxx11::basic_string<char>, caps::User> caps::UserDB::all_users’ is private
  map<string,User> all_users;
                   ^
../src/UI.cpp:77:55: error: within this context
   else if(userDB->all_users.find(username) == userDB->all_users.end()){
                                                       ^
In file included from ../src/UI.h:10:0,
                 from ../src/UI.cpp:8:
../src/UserDB.h:26:19: error: ‘std::map<std::__cxx11::basic_string<char>, caps::User> caps::UserDB::all_users’ is private
  map<string,User> all_users;
                   ^
../src/UI.cpp:82:25: error: within this context
    game->user = userDB->all_users[username];
                         ^
../src/UI.cpp:82:15: error: cannot convert ‘std::map<std::__cxx11::basic_string<char>, caps::User>::mapped_type {aka caps::User}’ to ‘caps::User*’ in assignment
    game->user = userDB->all_users[username];
               ^
../src/UI.cpp: In member function ‘void caps::UI::afterRoundMenu(int)’:
../src/UI.cpp:97:6: warning: unused variable ‘response’ [-Wunused-variable]
  int response;
      ^
src/subdir.mk:30: recipe for target 'src/UI.o' failed
make: *** [src/UI.o] Error 1
05:03:40 **** Incremental Build of configuration Debug for project Caps ****
make all 
Building file: ../src/UI.cpp
Invoking: GCC C++ Compiler
g++ -O0 -g3 -Wall -c -fmessage-length=0 -MMD -MP -MF"src/UI.d" -MT"src/UI.o" -o "src/UI.o" "../src/UI.cpp"
In file included from ../src/UI.h:10:0,
                 from ../src/UI.cpp:8:
../src/UserDB.h: In member function ‘void caps::UI::continueAsUser()’:
../src/UserDB.h:26:19: error: ‘std::map<std::__cxx11::basic_string<char>, caps::User> caps::UserDB::all_users’ is private
  map<string,User> all_users;
                   ^
../src/UI.cpp:77:19: error: within this context
   else if(userDB->all_users.find(username) == userDB->all_users.end()){
                   ^
In file included from ../src/UI.h:10:0,
                 from ../src/UI.cpp:8:
../src/UserDB.h:26:19: error: ‘std::map<std::__cxx11::basic_string<char>, caps::User> caps::UserDB::all_users’ is private
  map<string,User> all_users;
                   ^
../src/UI.cpp:77:55: error: within this context
   else if(userDB->all_users.find(username) == userDB->all_users.end()){
                                                       ^
In file included from ../src/UI.h:10:0,
                 from ../src/UI.cpp:8:
../src/UserDB.h:26:19: error: ‘std::map<std::__cxx11::basic_string<char>, caps::User> caps::UserDB::all_users’ is private
  map<string,User> all_users;
                   ^
../src/UI.cpp:82:25: error: within this context
    game->user = userDB->all_users[username];
                         ^
../src/UI.cpp:82:15: error: cannot convert ‘std::map<std::__cxx11::basic_string<char>, caps::User>::mapped_type {aka caps::User}’ to ‘caps::User*’ in assignment
    game->user = userDB->all_users[username];
               ^
../src/UI.cpp: In member function ‘void caps::UI::afterRoundMenu(int)’:
../src/UI.cpp:97:6: warning: unused variable ‘response’ [-Wunused-variable]
  int response;
      ^
src/subdir.mk:30: recipe for target 'src/UI.o' failed
make: *** [src/UI.o] Error 1
05:05:35 **** Incremental Build of configuration Debug for project Caps ****
make all 
Building file: ../src/Capitals.cpp
Invoking: GCC C++ Compiler
g++ -O0 -g3 -Wall -c -fmessage-length=0 -MMD -MP -MF"src/Capitals.d" -MT"src/Capitals.o" -o "src/Capitals.o" "../src/Capitals.cpp"
Finished building: ../src/Capitals.cpp
 
Building file: ../src/Game.cpp
Invoking: GCC C++ Compiler
g++ -O0 -g3 -Wall -c -fmessage-length=0 -MMD -MP -MF"src/Game.d" -MT"src/Game.o" -o "src/Game.o" "../src/Game.cpp"
Finished building: ../src/Game.cpp
 
Building file: ../src/UI.cpp
Invoking: GCC C++ Compiler
g++ -O0 -g3 -Wall -c -fmessage-length=0 -MMD -MP -MF"src/UI.d" -MT"src/UI.o" -o "src/UI.o" "../src/UI.cpp"
In file included from ../src/UI.h:10:0,
                 from ../src/UI.cpp:8:
../src/UserDB.h: In member function ‘void caps::UI::continueAsUser()’:
../src/UserDB.h:26:19: error: ‘std::map<std::__cxx11::basic_string<char>, caps::User> caps::UserDB::all_users’ is private
  map<string,User> all_users;
                   ^
../src/UI.cpp:78:19: error: within this context
   else if(userDB->all_users.find(username) == userDB->all_users.end()){
                   ^
In file included from ../src/UI.h:10:0,
                 from ../src/UI.cpp:8:
../src/UserDB.h:26:19: error: ‘std::map<std::__cxx11::basic_string<char>, caps::User> caps::UserDB::all_users’ is private
  map<string,User> all_users;
                   ^
../src/UI.cpp:78:55: error: within this context
   else if(userDB->all_users.find(username) == userDB->all_users.end()){
                                                       ^
In file included from ../src/UI.h:10:0,
                 from ../src/UI.cpp:8:
../src/UserDB.h:26:19: error: ‘std::map<std::__cxx11::basic_string<char>, caps::User> caps::UserDB::all_users’ is private
  map<string,User> all_users;
                   ^
../src/UI.cpp:83:25: error: within this context
    game->user = userDB->all_users[username];
                         ^
../src/UI.cpp:83:15: error: cannot convert ‘std::map<std::__cxx11::basic_string<char>, caps::User>::mapped_type {aka caps::User}’ to ‘caps::User*’ in assignment
    game->user = userDB->all_users[username];
               ^
../src/UI.cpp: In member function ‘void caps::UI::afterRoundMenu(int)’:
../src/UI.cpp:98:6: warning: unused variable ‘response’ [-Wunused-variable]
  int response;
      ^
make: *** [src/UI.o] Error 1
src/subdir.mk:30: recipe for target 'src/UI.o' failed
05:06:12 **** Incremental Build of configuration Debug for project Caps ****
make all 
Building file: ../src/Capitals.cpp
Invoking: GCC C++ Compiler
g++ -O0 -g3 -Wall -c -fmessage-length=0 -MMD -MP -MF"src/Capitals.d" -MT"src/Capitals.o" -o "src/Capitals.o" "../src/Capitals.cpp"
Finished building: ../src/Capitals.cpp
 
Building file: ../src/Game.cpp
Invoking: GCC C++ Compiler
g++ -O0 -g3 -Wall -c -fmessage-length=0 -MMD -MP -MF"src/Game.d" -MT"src/Game.o" -o "src/Game.o" "../src/Game.cpp"
Finished building: ../src/Game.cpp
 
Building file: ../src/UI.cpp
Invoking: GCC C++ Compiler
g++ -O0 -g3 -Wall -c -fmessage-length=0 -MMD -MP -MF"src/UI.d" -MT"src/UI.o" -o "src/UI.o" "../src/UI.cpp"
../src/UI.cpp: In member function ‘void caps::UI::continueAsUser()’:
../src/UI.cpp:83:15: error: cannot convert ‘std::map<std::__cxx11::basic_string<char>, caps::User>::mapped_type {aka caps::User}’ to ‘caps::User*’ in assignment
    game->user = userDB->all_users[username];
               ^
../src/UI.cpp: In member function ‘void caps::UI::afterRoundMenu(int)’:
../src/UI.cpp:98:6: warning: unused variable ‘response’ [-Wunused-variable]
  int response;
      ^
make: *** [src/UI.o] Error 1
src/subdir.mk:30: recipe for target 'src/UI.o' failed
05:06:37 **** Incremental Build of configuration Debug for project Caps ****
make all 
Building file: ../src/UI.cpp
Invoking: GCC C++ Compiler
g++ -O0 -g3 -Wall -c -fmessage-length=0 -MMD -MP -MF"src/UI.d" -MT"src/UI.o" -o "src/UI.o" "../src/UI.cpp"
../src/UI.cpp: In member function ‘void caps::UI::continueAsUser()’:
../src/UI.cpp:83:16: error: expected primary-expression before ‘=’ token
    game->user* = userDB->all_users[username];
                ^
../src/UI.cpp: In member function ‘void caps::UI::afterRoundMenu(int)’:
../src/UI.cpp:98:6: warning: unused variable ‘response’ [-Wunused-variable]
  int response;
      ^
src/subdir.mk:30: recipe for target 'src/UI.o' failed
make: *** [src/UI.o] Error 1
05:06:48 **** Incremental Build of configuration Debug for project Caps ****
make all 
Building file: ../src/UI.cpp
Invoking: GCC C++ Compiler
g++ -O0 -g3 -Wall -c -fmessage-length=0 -MMD -MP -MF"src/UI.d" -MT"src/UI.o" -o "src/UI.o" "../src/UI.cpp"
../src/UI.cpp: In member function ‘void caps::UI::continueAsUser()’:
../src/UI.cpp:83:15: error: cannot convert ‘std::map<std::__cxx11::basic_string<char>, caps::User>::mapped_type {aka caps::User}’ to ‘caps::User*’ in assignment
    game->user = userDB->all_users[username];
               ^
../src/UI.cpp: In member function ‘void caps::UI::afterRoundMenu(int)’:
../src/UI.cpp:98:6: warning: unused variable ‘response’ [-Wunused-variable]
  int response;
      ^
src/subdir.mk:30: recipe for target 'src/UI.o' failed
make: *** [src/UI.o] Error 1
05:06:50 **** Incremental Build of configuration Debug for project Caps ****
make all 
Building file: ../src/UI.cpp
Invoking: GCC C++ Compiler
g++ -O0 -g3 -Wall -c -fmessage-length=0 -MMD -MP -MF"src/UI.d" -MT"src/UI.o" -o "src/UI.o" "../src/UI.cpp"
../src/UI.cpp: In member function ‘void caps::UI::continueAsUser()’:
../src/UI.cpp:83:15: error: cannot convert ‘std::map<std::__cxx11::basic_string<char>, caps::User>::mapped_type {aka caps::User}’ to ‘caps::User*’ in assignment
    game->user = userDB->all_users[username];
               ^
../src/UI.cpp: In member function ‘void caps::UI::afterRoundMenu(int)’:
../src/UI.cpp:98:6: warning: unused variable ‘response’ [-Wunused-variable]
  int response;
      ^
make: *** [src/UI.o] Error 1
src/subdir.mk:30: recipe for target 'src/UI.o' failed
05:07:19 **** Incremental Build of configuration Debug for project Caps ****
make all 
Building file: ../src/UI.cpp
Invoking: GCC C++ Compiler
g++ -O0 -g3 -Wall -c -fmessage-length=0 -MMD -MP -MF"src/UI.d" -MT"src/UI.o" -o "src/UI.o" "../src/UI.cpp"
../src/UI.cpp: In member function ‘void caps::UI::continueAsUser()’:
../src/UI.cpp:83:25: error: expected unqualified-id before ‘&’ token
    game->user = userDB->&all_users[username];
                         ^
../src/UI.cpp:83:26: error: ‘all_users’ was not declared in this scope
    game->user = userDB->&all_users[username];
                          ^
../src/UI.cpp: In member function ‘void caps::UI::afterRoundMenu(int)’:
../src/UI.cpp:98:6: warning: unused variable ‘response’ [-Wunused-variable]
  int response;
      ^
src/subdir.mk:30: recipe for target 'src/UI.o' failed
make: *** [src/UI.o] Error 1
05:07:23 **** Incremental Build of configuration Debug for project Caps ****
make all 
Building file: ../src/UI.cpp
Invoking: GCC C++ Compiler
g++ -O0 -g3 -Wall -c -fmessage-length=0 -MMD -MP -MF"src/UI.d" -MT"src/UI.o" -o "src/UI.o" "../src/UI.cpp"
../src/UI.cpp: In member function ‘void caps::UI::continueAsUser()’:
../src/UI.cpp:83:26: error: ‘all_users’ was not declared in this scope
    game->user = userDB->*all_users[username];
                          ^
../src/UI.cpp: In member function ‘void caps::UI::afterRoundMenu(int)’:
../src/UI.cpp:98:6: warning: unused variable ‘response’ [-Wunused-variable]
  int response;
      ^
src/subdir.mk:30: recipe for target 'src/UI.o' failed
make: *** [src/UI.o] Error 1
05:07:45 **** Incremental Build of configuration Debug for project Caps ****
make all 
Building file: ../src/UI.cpp
Invoking: GCC C++ Compiler
g++ -O0 -g3 -Wall -c -fmessage-length=0 -MMD -MP -MF"src/UI.d" -MT"src/UI.o" -o "src/UI.o" "../src/UI.cpp"
../src/UI.cpp: In member function ‘void caps::UI::afterRoundMenu(int)’:
../src/UI.cpp:98:6: warning: unused variable ‘response’ [-Wunused-variable]
  int response;
      ^
Finished building: ../src/UI.cpp
 
Building file: ../src/User.cpp
Invoking: GCC C++ Compiler
g++ -O0 -g3 -Wall -c -fmessage-length=0 -MMD -MP -MF"src/User.d" -MT"src/User.o" -o "src/User.o" "../src/User.cpp"
../src/User.cpp: In constructor ‘caps::User::User(std::__cxx11::string, std::vector<int>)’:
../src/User.cpp:26:19: warning: comparison between signed and unsigned integer expressions [-Wsign-compare]
  for(int i = 0; i <= score_history.size(); i++){
                   ^
../src/User.cpp: In member function ‘void caps::User::displayUserInfo()’:
../src/User.cpp:46:2: error: ‘cout’ was not declared in this scope
  cout << user_name << " High Score: " << high_score;
  ^
../src/User.cpp:48:19: warning: comparison between signed and unsigned integer expressions [-Wsign-compare]
  for(int i = 0; i < score_history.size(); i++){
                   ^
../src/User.cpp:51:10: error: ‘endl’ was not declared in this scope
  cout << endl;
          ^
../src/User.cpp: In member function ‘void caps::User::displayUserName()’:
../src/User.cpp:54:2: error: ‘cout’ was not declared in this scope
  cout << user_name << endl;
  ^
../src/User.cpp:54:23: error: ‘endl’ was not declared in this scope
  cout << user_name << endl;
                       ^
src/subdir.mk:30: recipe for target 'src/User.o' failed
make: *** [src/User.o] Error 1
05:09:03 **** Incremental Build of configuration Debug for project Caps ****
make all 
Building file: ../src/User.cpp
Invoking: GCC C++ Compiler
g++ -O0 -g3 -Wall -c -fmessage-length=0 -MMD -MP -MF"src/User.d" -MT"src/User.o" -o "src/User.o" "../src/User.cpp"
../src/User.cpp: In member function ‘void caps::User::displayUserInfo()’:
../src/User.cpp:46:2: error: ‘cout’ was not declared in this scope
  cout << user_name << " High Score: " << high_score;
  ^
../src/User.cpp:48:19: warning: comparison between signed and unsigned integer expressions [-Wsign-compare]
  for(int i = 0; i < score_history.size(); i++){
                   ^
../src/User.cpp:51:10: error: ‘endl’ was not declared in this scope
  cout << endl;
          ^
../src/User.cpp: In member function ‘void caps::User::displayUserName()’:
../src/User.cpp:54:2: error: ‘cout’ was not declared in this scope
  cout << user_name << endl;
  ^
../src/User.cpp:54:23: error: ‘endl’ was not declared in this scope
  cout << user_name << endl;
                       ^
src/subdir.mk:30: recipe for target 'src/User.o' failed
make: *** [src/User.o] Error 1
05:09:41 **** Incremental Build of configuration Debug for project Caps ****
make all 
Building file: ../src/User.cpp
Invoking: GCC C++ Compiler
g++ -O0 -g3 -Wall -c -fmessage-length=0 -MMD -MP -MF"src/User.d" -MT"src/User.o" -o "src/User.o" "../src/User.cpp"
../src/User.cpp: In member function ‘void caps::User::displayUserInfo()’:
../src/User.cpp:49:19: warning: comparison between signed and unsigned integer expressions [-Wsign-compare]
  for(int i = 0; i < score_history.size(); i++){
                   ^
Finished building: ../src/User.cpp
 
Building file: ../src/UserDB.cpp
Invoking: GCC C++ Compiler
g++ -O0 -g3 -Wall -c -fmessage-length=0 -MMD -MP -MF"src/UserDB.d" -MT"src/UserDB.o" -o "src/UserDB.o" "../src/UserDB.cpp"
../src/UserDB.cpp: In member function ‘void caps::UserDB::loadAllUserData()’:
../src/UserDB.cpp:42:38: error: conversion from ‘caps::User*’ to non-scalar type ‘caps::User’ requested
   User usr = new User(name,score_hist);
                                      ^
src/subdir.mk:30: recipe for target 'src/UserDB.o' failed
make: *** [src/UserDB.o] Error 1
05:09:48 **** Incremental Build of configuration Debug for project Caps ****
make all 
Building file: ../src/User.cpp
Invoking: GCC C++ Compiler
g++ -O0 -g3 -Wall -c -fmessage-length=0 -MMD -MP -MF"src/User.d" -MT"src/User.o" -o "src/User.o" "../src/User.cpp"
Finished building: ../src/User.cpp
 
Building file: ../src/UserDB.cpp
Invoking: GCC C++ Compiler
g++ -O0 -g3 -Wall -c -fmessage-length=0 -MMD -MP -MF"src/UserDB.d" -MT"src/UserDB.o" -o "src/UserDB.o" "../src/UserDB.cpp"
../src/UserDB.cpp: In member function ‘void caps::UserDB::loadAllUserData()’:
../src/UserDB.cpp:42:38: error: conversion from ‘caps::User*’ to non-scalar type ‘caps::User’ requested
   User usr = new User(name,score_hist);
                                      ^
src/subdir.mk:30: recipe for target 'src/UserDB.o' failed
make: *** [src/UserDB.o] Error 1
05:10:11 **** Incremental Build of configuration Debug for project Caps ****
make all 
Building file: ../src/UserDB.cpp
Invoking: GCC C++ Compiler
g++ -O0 -g3 -Wall -c -fmessage-length=0 -MMD -MP -MF"src/UserDB.d" -MT"src/UserDB.o" -o "src/UserDB.o" "../src/UserDB.cpp"
../src/UserDB.cpp: In member function ‘void caps::UserDB::loadAllUserData()’:
../src/UserDB.cpp:43:19: error: no match for ‘operator=’ (operand types are ‘std::map<std::__cxx11::basic_string<char>, caps::User>::mapped_type {aka caps::User}’ and ‘caps::User*’)
   all_users[name] = usr;
                   ^
In file included from ../src/UserDB.cpp:7:0:
../src/User.h:16:7: note: candidate: caps::User& caps::User::operator=(const caps::User&)
 class User {
       ^
../src/User.h:16:7: note:   no known conversion for argument 1 from ‘caps::User*’ to ‘const caps::User&’
make: *** [src/UserDB.o] Error 1
src/subdir.mk:30: recipe for target 'src/UserDB.o' failed
05:10:29 **** Incremental Build of configuration Debug for project Caps ****
make all 
Building file: ../src/UserDB.cpp
Invoking: GCC C++ Compiler
g++ -O0 -g3 -Wall -c -fmessage-length=0 -MMD -MP -MF"src/UserDB.d" -MT"src/UserDB.o" -o "src/UserDB.o" "../src/UserDB.cpp"
../src/UserDB.cpp: In member function ‘void caps::UserDB::loadAllUserData()’:
../src/UserDB.cpp:43:19: error: no match for ‘operator=’ (operand types are ‘std::map<std::__cxx11::basic_string<char>, caps::User>::mapped_type {aka caps::User}’ and ‘caps::User**’)
   all_users[name] = &usr;
                   ^
In file included from ../src/UserDB.cpp:7:0:
../src/User.h:16:7: note: candidate: caps::User& caps::User::operator=(const caps::User&)
 class User {
       ^
../src/User.h:16:7: note:   no known conversion for argument 1 from ‘caps::User**’ to ‘const caps::User&’
make: *** [src/UserDB.o] Error 1
src/subdir.mk:30: recipe for target 'src/UserDB.o' failed
05:10:59 **** Incremental Build of configuration Debug for project Caps ****
make all 
Building file: ../src/UserDB.cpp
Invoking: GCC C++ Compiler
g++ -O0 -g3 -Wall -c -fmessage-length=0 -MMD -MP -MF"src/UserDB.d" -MT"src/UserDB.o" -o "src/UserDB.o" "../src/UserDB.cpp"
../src/UserDB.cpp: In member function ‘void caps::UserDB::loadAllUserData()’:
../src/UserDB.cpp:43:25: error: expected primary-expression before ‘;’ token
   all_users[name] = usr*;
                         ^
src/subdir.mk:30: recipe for target 'src/UserDB.o' failed
make: *** [src/UserDB.o] Error 1
05:11:05 **** Incremental Build of configuration Debug for project Caps ****
make all 
Building file: ../src/UserDB.cpp
Invoking: GCC C++ Compiler
g++ -O0 -g3 -Wall -c -fmessage-length=0 -MMD -MP -MF"src/UserDB.d" -MT"src/UserDB.o" -o "src/UserDB.o" "../src/UserDB.cpp"
Finished building: ../src/UserDB.cpp
 
Building target: Caps
Invoking: GCC C++ Linker
g++  -o "Caps"  ./src/Capitals.o ./src/Game.o ./src/UI.o ./src/User.o ./src/UserDB.o   
./src/Game.o: In function `caps::Game::roundHandler()':
/home/aj/OSU/classes/CSE4252/Caps/Debug/../src/Game.cpp:59: undefined reference to `caps::Game::beginRound()'
collect2: error: ld returned 1 exit status
makefile:45: recipe for target 'Caps' failed
make: *** [Caps] Error 1
05:17:27 **** Incremental Build of configuration Debug for project Caps ****
make all 
Building file: ../src/Game.cpp
Invoking: GCC C++ Compiler
g++ -O0 -g3 -Wall -c -fmessage-length=0 -MMD -MP -MF"src/Game.d" -MT"src/Game.o" -o "src/Game.o" "../src/Game.cpp"
Finished building: ../src/Game.cpp
 
Building file: ../src/UI.cpp
Invoking: GCC C++ Compiler
g++ -O0 -g3 -Wall -c -fmessage-length=0 -MMD -MP -MF"src/UI.d" -MT"src/UI.o" -o "src/UI.o" "../src/UI.cpp"
../src/UI.cpp: In member function ‘void caps::UI::afterRoundMenu(int)’:
../src/UI.cpp:99:6: warning: unused variable ‘response’ [-Wunused-variable]
  int response;
      ^
Finished building: ../src/UI.cpp
 
Building file: ../src/UserDB.cpp
Invoking: GCC C++ Compiler
g++ -O0 -g3 -Wall -c -fmessage-length=0 -MMD -MP -MF"src/UserDB.d" -MT"src/UserDB.o" -o "src/UserDB.o" "../src/UserDB.cpp"
Finished building: ../src/UserDB.cpp
 
Building target: Caps
Invoking: GCC C++ Linker
g++  -o "Caps"  ./src/Capitals.o ./src/Game.o ./src/UI.o ./src/User.o ./src/UserDB.o   
Finished building target: Caps
 
05:22:48 **** Incremental Build of configuration Debug for project Caps ****
make all 
Building file: ../src/Game.cpp
Invoking: GCC C++ Compiler
g++ -O0 -g3 -Wall -c -fmessage-length=0 -MMD -MP -MF"src/Game.d" -MT"src/Game.o" -o "src/Game.o" "../src/Game.cpp"
In file included from /usr/include/c++/5/chrono:35:0,
                 from ../src/Game.cpp:16:
/usr/include/c++/5/bits/c++0x_warning.h:32:2: error: #error This file requires compiler and library support for the ISO C++ 2011 standard. This support must be enabled with the -std=c++11 or -std=gnu++11 compiler options.
 #error This file requires compiler and library support \
  ^
../src/Game.cpp: In member function ‘void caps::Game::roundHandler()’:
../src/Game.cpp:56:7: error: ‘std::chrono’ has not been declared
  std::chrono::time_point<std::chrono::system_clock> start, end;
       ^
../src/Game.cpp:56:31: error: ‘std::chrono’ has not been declared
  std::chrono::time_point<std::chrono::system_clock> start, end;
                               ^
../src/Game.cpp:56:53: error: ‘start’ was not declared in this scope
  std::chrono::time_point<std::chrono::system_clock> start, end;
                                                     ^
../src/Game.cpp:56:60: error: ‘end’ was not declared in this scope
  std::chrono::time_point<std::chrono::system_clock> start, end;
                                                            ^
../src/Game.cpp:62:15: error: ‘std::chrono’ has not been declared
  start = std::chrono::system_clock::now();
               ^
../src/Game.cpp:69:44: error: ‘begin’ was not declared in this scope
   double elapsed_secs = 10000 * double(end-begin) / CLOCKS_PER_SEC;
                                            ^
src/subdir.mk:30: recipe for target 'src/Game.o' failed
make: *** [src/Game.o] Error 1
05:24:43 **** Incremental Build of configuration Debug for project Caps ****
make all 
Building file: ../src/Game.cpp
Invoking: GCC C++ Compiler
g++ -O0 -g3 -Wall -c -fmessage-length=0 -MMD -MP -MF"src/Game.d" -MT"src/Game.o" -o "src/Game.o" "../src/Game.cpp"
In file included from /usr/include/c++/5/chrono:35:0,
                 from ../src/Game.cpp:16:
/usr/include/c++/5/bits/c++0x_warning.h:32:2: error: #error This file requires compiler and library support for the ISO C++ 2011 standard. This support must be enabled with the -std=c++11 or -std=gnu++11 compiler options.
 #error This file requires compiler and library support \
  ^
make: *** [src/Game.o] Error 1
src/subdir.mk:30: recipe for target 'src/Game.o' failed
05:39:08 **** Incremental Build of configuration Debug for project Caps ****
make all 
Building file: ../src/Game.cpp
Invoking: GCC C++ Compiler
g++ -O0 -g3 -Wall -c -fmessage-length=0 -MMD -MP -MF"src/Game.d" -MT"src/Game.o" -o "src/Game.o" "../src/Game.cpp"
Finished building: ../src/Game.cpp
 
Building file: ../src/UserDB.cpp
Invoking: GCC C++ Compiler
g++ -O0 -g3 -Wall -c -fmessage-length=0 -MMD -MP -MF"src/UserDB.d" -MT"src/UserDB.o" -o "src/UserDB.o" "../src/UserDB.cpp"
../src/UserDB.cpp:65:28: error: no ‘void caps::UserDB::writeUserData()’ member function declared in class ‘caps::UserDB’
 void UserDB::writeUserData(){
                            ^
src/subdir.mk:30: recipe for target 'src/UserDB.o' failed
make: *** [src/UserDB.o] Error 1
05:39:12 **** Incremental Build of configuration Debug for project Caps ****
make all 
Building file: ../src/Capitals.cpp
Invoking: GCC C++ Compiler
g++ -O0 -g3 -Wall -c -fmessage-length=0 -MMD -MP -MF"src/Capitals.d" -MT"src/Capitals.o" -o "src/Capitals.o" "../src/Capitals.cpp"
Finished building: ../src/Capitals.cpp
 
Building file: ../src/Game.cpp
Invoking: GCC C++ Compiler
g++ -O0 -g3 -Wall -c -fmessage-length=0 -MMD -MP -MF"src/Game.d" -MT"src/Game.o" -o "src/Game.o" "../src/Game.cpp"
Finished building: ../src/Game.cpp
 
Building file: ../src/UI.cpp
Invoking: GCC C++ Compiler
g++ -O0 -g3 -Wall -c -fmessage-length=0 -MMD -MP -MF"src/UI.d" -MT"src/UI.o" -o "src/UI.o" "../src/UI.cpp"
../src/UI.cpp: In member function ‘void caps::UI::afterRoundMenu(int)’:
../src/UI.cpp:99:6: warning: unused variable ‘response’ [-Wunused-variable]
  int response;
      ^
Finished building: ../src/UI.cpp
 
Building file: ../src/UserDB.cpp
Invoking: GCC C++ Compiler
g++ -O0 -g3 -Wall -c -fmessage-length=0 -MMD -MP -MF"src/UserDB.d" -MT"src/UserDB.o" -o "src/UserDB.o" "../src/UserDB.cpp"
In file included from ../src/UserDB.cpp:7:0:
../src/User.h: In member function ‘void caps::UserDB::writeUserData()’:
../src/User.h:29:14: error: ‘std::vector<int> caps::User::score_history’ is private
  vector<int> score_history;
              ^
../src/UserDB.cpp:74:28: error: within this context
   vector<int> scores = usr.score_history;
                            ^
../src/UserDB.cpp:75:20: warning: comparison between signed and unsigned integer expressions [-Wsign-compare]
   for(int i = 0; i < scores.size(); i++){
                    ^
make: *** [src/UserDB.o] Error 1
src/subdir.mk:30: recipe for target 'src/UserDB.o' failed
05:39:57 **** Incremental Build of configuration Debug for project Caps ****
make all 
Building file: ../src/Capitals.cpp
Invoking: GCC C++ Compiler
g++ -O0 -g3 -Wall -c -fmessage-length=0 -MMD -MP -MF"src/Capitals.d" -MT"src/Capitals.o" -o "src/Capitals.o" "../src/Capitals.cpp"
Finished building: ../src/Capitals.cpp
 
Building file: ../src/Game.cpp
Invoking: GCC C++ Compiler
g++ -O0 -g3 -Wall -c -fmessage-length=0 -MMD -MP -MF"src/Game.d" -MT"src/Game.o" -o "src/Game.o" "../src/Game.cpp"
Finished building: ../src/Game.cpp
 
Building file: ../src/UI.cpp
Invoking: GCC C++ Compiler
g++ -O0 -g3 -Wall -c -fmessage-length=0 -MMD -MP -MF"src/UI.d" -MT"src/UI.o" -o "src/UI.o" "../src/UI.cpp"
../src/UI.cpp: In member function ‘void caps::UI::afterRoundMenu(int)’:
../src/UI.cpp:99:6: warning: unused variable ‘response’ [-Wunused-variable]
  int response;
      ^
Finished building: ../src/UI.cpp
 
Building file: ../src/User.cpp
Invoking: GCC C++ Compiler
g++ -O0 -g3 -Wall -c -fmessage-length=0 -MMD -MP -MF"src/User.d" -MT"src/User.o" -o "src/User.o" "../src/User.cpp"
Finished building: ../src/User.cpp
 
Building file: ../src/UserDB.cpp
Invoking: GCC C++ Compiler
g++ -O0 -g3 -Wall -c -fmessage-length=0 -MMD -MP -MF"src/UserDB.d" -MT"src/UserDB.o" -o "src/UserDB.o" "../src/UserDB.cpp"
Finished building: ../src/UserDB.cpp
 
Building target: Caps
Invoking: GCC C++ Linker
g++  -o "Caps"  ./src/Capitals.o ./src/Game.o ./src/UI.o ./src/User.o ./src/UserDB.o   
Finished building target: Caps
 
